<?xml version="1.0" encoding="UTF-8"?>
<testsuite name="KarateBasicTest" tests="10" skipped="0" failures="2" errors="0" timestamp="2025-06-20T17:23:41" hostname="NTTD-1JNC1F3" time="4.71">
  <properties/>
  <testcase name="[1:8] Crear personaje (exitoso)" classname="KarateBasicTest" time="1.725">
    <failure message="org.opentest4j.AssertionFailedError: status code was: 400, expected: 201, response time in milliseconds: 334, url: http://bp-se-test-cabcd9b246a5.herokuapp.com/joseph_marquez_mazzini/api/characters, response: &#10;{&quot;error&quot;:&quot;Character name already exists&quot;}&#10;classpath:karate-test.feature:24" type="org.opentest4j.AssertionFailedError">org.opentest4j.AssertionFailedError: status code was: 400, expected: 201, response time in milliseconds: 334, url: http://bp-se-test-cabcd9b246a5.herokuapp.com/joseph_marquez_mazzini/api/characters, response: 
{&quot;error&quot;:&quot;Character name already exists&quot;}
classpath:karate-test.feature:24
	at app//org.junit.jupiter.api.AssertionUtils.fail(AssertionUtils.java:38)
	at app//org.junit.jupiter.api.Assertions.fail(Assertions.java:135)
	at app//com.intuit.karate.junit5.FeatureNode.lambda$next$1(FeatureNode.java:86)
	at app//org.junit.jupiter.engine.descriptor.DynamicTestTestDescriptor.lambda$execute$0(DynamicTestTestDescriptor.java:53)
	at app//org.junit.jupiter.engine.execution.InvocationInterceptorChain$ValidatingInvocation.proceed(InvocationInterceptorChain.java:131)
	at app//org.junit.jupiter.api.extension.InvocationInterceptor.interceptDynamicTest(InvocationInterceptor.java:167)
	at app//org.junit.jupiter.api.extension.InvocationInterceptor.interceptDynamicTest(InvocationInterceptor.java:184)
	at app//org.junit.jupiter.engine.descriptor.DynamicTestTestDescriptor.lambda$execute$1(DynamicTestTestDescriptor.java:61)
	at app//org.junit.jupiter.engine.execution.InvocationInterceptorChain$InterceptorCall.lambda$ofVoid$0(InvocationInterceptorChain.java:78)
	at app//org.junit.jupiter.engine.execution.InvocationInterceptorChain$InterceptedInvocation.proceed(InvocationInterceptorChain.java:106)
	at app//org.junit.jupiter.engine.execution.InvocationInterceptorChain.proceed(InvocationInterceptorChain.java:64)
	at app//org.junit.jupiter.engine.execution.InvocationInterceptorChain.chainAndInvoke(InvocationInterceptorChain.java:45)
	at app//org.junit.jupiter.engine.execution.InvocationInterceptorChain.invoke(InvocationInterceptorChain.java:37)
	at app//org.junit.jupiter.engine.descriptor.DynamicTestTestDescriptor.execute(DynamicTestTestDescriptor.java:60)
	at app//org.junit.jupiter.engine.descriptor.DynamicTestTestDescriptor.execute(DynamicTestTestDescriptor.java:32)
	at app//org.junit.platform.engine.support.hierarchical.NodeTestTask.lambda$executeRecursively$6(NodeTestTask.java:151)
	at app//org.junit.platform.engine.support.hierarchical.ThrowableCollector.execute(ThrowableCollector.java:73)
	at app//org.junit.platform.engine.support.hierarchical.NodeTestTask.lambda$executeRecursively$8(NodeTestTask.java:141)
	at app//org.junit.platform.engine.support.hierarchical.Node.around(Node.java:137)
	at app//org.junit.platform.engine.support.hierarchical.NodeTestTask.lambda$executeRecursively$9(NodeTestTask.java:139)
	at app//org.junit.platform.engine.support.hierarchical.ThrowableCollector.execute(ThrowableCollector.java:73)
	at app//org.junit.platform.engine.support.hierarchical.NodeTestTask.executeRecursively(NodeTestTask.java:138)
	at app//org.junit.platform.engine.support.hierarchical.NodeTestTask.execute(NodeTestTask.java:95)
	at app//org.junit.platform.engine.support.hierarchical.SameThreadHierarchicalTestExecutorService.submit(SameThreadHierarchicalTestExecutorService.java:35)
	at app//org.junit.platform.engine.support.hierarchical.NodeTestTask$DefaultDynamicTestExecutor.execute(NodeTestTask.java:226)
	at app//org.junit.platform.engine.support.hierarchical.NodeTestTask$DefaultDynamicTestExecutor.execute(NodeTestTask.java:204)
	at java.base@17.0.12/java.util.stream.ForEachOps$ForEachOp$OfRef.accept(ForEachOps.java:183)
	at java.base@17.0.12/java.util.stream.ReferencePipeline$3$1.accept(ReferencePipeline.java:197)
	at java.base@17.0.12/java.util.stream.ReferencePipeline$2$1.accept(ReferencePipeline.java:179)
	at java.base@17.0.12/java.util.stream.ReferencePipeline$3$1.accept(ReferencePipeline.java:197)
	at java.base@17.0.12/java.util.Iterator.forEachRemaining(Iterator.java:133)
	at java.base@17.0.12/java.util.Spliterators$IteratorSpliterator.forEachRemaining(Spliterators.java:1845)
	at java.base@17.0.12/java.util.stream.AbstractPipeline.copyInto(AbstractPipeline.java:509)
	at java.base@17.0.12/java.util.stream.AbstractPipeline.wrapAndCopyInto(AbstractPipeline.java:499)
	at java.base@17.0.12/java.util.stream.ForEachOps$ForEachOp.evaluateSequential(ForEachOps.java:150)
	at java.base@17.0.12/java.util.stream.ForEachOps$ForEachOp$OfRef.evaluateSequential(ForEachOps.java:173)
	at java.base@17.0.12/java.util.stream.AbstractPipeline.evaluate(AbstractPipeline.java:234)
	at java.base@17.0.12/java.util.stream.ReferencePipeline.forEachOrdered(ReferencePipeline.java:601)
	at app//org.junit.jupiter.engine.descriptor.DynamicContainerTestDescriptor.execute(DynamicContainerTestDescriptor.java:67)
	at app//org.junit.jupiter.engine.descriptor.DynamicContainerTestDescriptor.execute(DynamicContainerTestDescriptor.java:33)
	at app//org.junit.platform.engine.support.hierarchical.NodeTestTask.lambda$executeRecursively$6(NodeTestTask.java:151)
	at app//org.junit.platform.engine.support.hierarchical.ThrowableCollector.execute(ThrowableCollector.java:73)
	at app//org.junit.platform.engine.support.hierarchical.NodeTestTask.lambda$executeRecursively$8(NodeTestTask.java:141)
	at app//org.junit.platform.engine.support.hierarchical.Node.around(Node.java:137)
	at app//org.junit.platform.engine.support.hierarchical.NodeTestTask.lambda$executeRecursively$9(NodeTestTask.java:139)
	at app//org.junit.platform.engine.support.hierarchical.ThrowableCollector.execute(ThrowableCollector.java:73)
	at app//org.junit.platform.engine.support.hierarchical.NodeTestTask.executeRecursively(NodeTestTask.java:138)
	at app//org.junit.platform.engine.support.hierarchical.NodeTestTask.execute(NodeTestTask.java:95)
	at app//org.junit.platform.engine.support.hierarchical.SameThreadHierarchicalTestExecutorService.submit(SameThreadHierarchicalTestExecutorService.java:35)
	at app//org.junit.platform.engine.support.hierarchical.NodeTestTask$DefaultDynamicTestExecutor.execute(NodeTestTask.java:226)
	at app//org.junit.platform.engine.support.hierarchical.NodeTestTask$DefaultDynamicTestExecutor.execute(NodeTestTask.java:204)
	at java.base@17.0.12/java.util.Optional.ifPresent(Optional.java:178)
	at app//org.junit.jupiter.engine.descriptor.TestFactoryTestDescriptor.lambda$invokeTestMethod$1(TestFactoryTestDescriptor.java:108)
	at app//org.junit.platform.engine.support.hierarchical.ThrowableCollector.execute(ThrowableCollector.java:73)
	at app//org.junit.jupiter.engine.descriptor.TestFactoryTestDescriptor.invokeTestMethod(TestFactoryTestDescriptor.java:95)
	at app//org.junit.jupiter.engine.descriptor.TestMethodTestDescriptor.execute(TestMethodTestDescriptor.java:138)
	at app//org.junit.jupiter.engine.descriptor.TestMethodTestDescriptor.execute(TestMethodTestDescriptor.java:68)
	at app//org.junit.platform.engine.support.hierarchical.NodeTestTask.lambda$executeRecursively$6(NodeTestTask.java:151)
	at app//org.junit.platform.engine.support.hierarchical.ThrowableCollector.execute(ThrowableCollector.java:73)
	at app//org.junit.platform.engine.support.hierarchical.NodeTestTask.lambda$executeRecursively$8(NodeTestTask.java:141)
	at app//org.junit.platform.engine.support.hierarchical.Node.around(Node.java:137)
	at app//org.junit.platform.engine.support.hierarchical.NodeTestTask.lambda$executeRecursively$9(NodeTestTask.java:139)
	at app//org.junit.platform.engine.support.hierarchical.ThrowableCollector.execute(ThrowableCollector.java:73)
	at app//org.junit.platform.engine.support.hierarchical.NodeTestTask.executeRecursively(NodeTestTask.java:138)
	at app//org.junit.platform.engine.support.hierarchical.NodeTestTask.execute(NodeTestTask.java:95)
	at java.base@17.0.12/java.util.ArrayList.forEach(ArrayList.java:1511)
	at app//org.junit.platform.engine.support.hierarchical.SameThreadHierarchicalTestExecutorService.invokeAll(SameThreadHierarchicalTestExecutorService.java:41)
	at app//org.junit.platform.engine.support.hierarchical.NodeTestTask.lambda$executeRecursively$6(NodeTestTask.java:155)
	at app//org.junit.platform.engine.support.hierarchical.ThrowableCollector.execute(ThrowableCollector.java:73)
	at app//org.junit.platform.engine.support.hierarchical.NodeTestTask.lambda$executeRecursively$8(NodeTestTask.java:141)
	at app//org.junit.platform.engine.support.hierarchical.Node.around(Node.java:137)
	at app//org.junit.platform.engine.support.hierarchical.NodeTestTask.lambda$executeRecursively$9(NodeTestTask.java:139)
	at app//org.junit.platform.engine.support.hierarchical.ThrowableCollector.execute(ThrowableCollector.java:73)
	at app//org.junit.platform.engine.support.hierarchical.NodeTestTask.executeRecursively(NodeTestTask.java:138)
	at app//org.junit.platform.engine.support.hierarchical.NodeTestTask.execute(NodeTestTask.java:95)
	at java.base@17.0.12/java.util.ArrayList.forEach(ArrayList.java:1511)
	at app//org.junit.platform.engine.support.hierarchical.SameThreadHierarchicalTestExecutorService.invokeAll(SameThreadHierarchicalTestExecutorService.java:41)
	at app//org.junit.platform.engine.support.hierarchical.NodeTestTask.lambda$executeRecursively$6(NodeTestTask.java:155)
	at app//org.junit.platform.engine.support.hierarchical.ThrowableCollector.execute(ThrowableCollector.java:73)
	at app//org.junit.platform.engine.support.hierarchical.NodeTestTask.lambda$executeRecursively$8(NodeTestTask.java:141)
	at app//org.junit.platform.engine.support.hierarchical.Node.around(Node.java:137)
	at app//org.junit.platform.engine.support.hierarchical.NodeTestTask.lambda$executeRecursively$9(NodeTestTask.java:139)
	at app//org.junit.platform.engine.support.hierarchical.ThrowableCollector.execute(ThrowableCollector.java:73)
	at app//org.junit.platform.engine.support.hierarchical.NodeTestTask.executeRecursively(NodeTestTask.java:138)
	at app//org.junit.platform.engine.support.hierarchical.NodeTestTask.execute(NodeTestTask.java:95)
	at app//org.junit.platform.engine.support.hierarchical.SameThreadHierarchicalTestExecutorService.submit(SameThreadHierarchicalTestExecutorService.java:35)
	at app//org.junit.platform.engine.support.hierarchical.HierarchicalTestExecutor.execute(HierarchicalTestExecutor.java:57)
	at app//org.junit.platform.engine.support.hierarchical.HierarchicalTestEngine.execute(HierarchicalTestEngine.java:54)
	at app//org.junit.platform.launcher.core.EngineExecutionOrchestrator.execute(EngineExecutionOrchestrator.java:107)
	at app//org.junit.platform.launcher.core.EngineExecutionOrchestrator.execute(EngineExecutionOrchestrator.java:88)
	at app//org.junit.platform.launcher.core.EngineExecutionOrchestrator.lambda$execute$0(EngineExecutionOrchestrator.java:54)
	at app//org.junit.platform.launcher.core.EngineExecutionOrchestrator.withInterceptedStreams(EngineExecutionOrchestrator.java:67)
	at app//org.junit.platform.launcher.core.EngineExecutionOrchestrator.execute(EngineExecutionOrchestrator.java:52)
	at app//org.junit.platform.launcher.core.DefaultLauncher.execute(DefaultLauncher.java:114)
	at app//org.junit.platform.launcher.core.DefaultLauncher.execute(DefaultLauncher.java:86)
	at app//org.junit.platform.launcher.core.DefaultLauncherSession$DelegatingLauncher.execute(DefaultLauncherSession.java:86)
	at org.gradle.api.internal.tasks.testing.junitplatform.JUnitPlatformTestClassProcessor$CollectAllTestClassesExecutor.processAllTestClasses(JUnitPlatformTestClassProcessor.java:119)
	at org.gradle.api.internal.tasks.testing.junitplatform.JUnitPlatformTestClassProcessor$CollectAllTestClassesExecutor.access$000(JUnitPlatformTestClassProcessor.java:94)
	at org.gradle.api.internal.tasks.testing.junitplatform.JUnitPlatformTestClassProcessor.stop(JUnitPlatformTestClassProcessor.java:89)
	at org.gradle.api.internal.tasks.testing.SuiteTestClassProcessor.stop(SuiteTestClassProcessor.java:62)
	at java.base@17.0.12/jdk.internal.reflect.NativeMethodAccessorImpl.invoke0(Native Method)
	at java.base@17.0.12/jdk.internal.reflect.NativeMethodAccessorImpl.invoke(NativeMethodAccessorImpl.java:77)
	at java.base@17.0.12/jdk.internal.reflect.DelegatingMethodAccessorImpl.invoke(DelegatingMethodAccessorImpl.java:43)
	at java.base@17.0.12/java.lang.reflect.Method.invoke(Method.java:568)
	at org.gradle.internal.dispatch.ReflectionDispatch.dispatch(ReflectionDispatch.java:36)
	at org.gradle.internal.dispatch.ReflectionDispatch.dispatch(ReflectionDispatch.java:24)
	at org.gradle.internal.dispatch.ContextClassLoaderDispatch.dispatch(ContextClassLoaderDispatch.java:33)
	at org.gradle.internal.dispatch.ProxyDispatchAdapter$DispatchingInvocationHandler.invoke(ProxyDispatchAdapter.java:94)
	at jdk.proxy1/jdk.proxy1.$Proxy2.stop(Unknown Source)
	at org.gradle.api.internal.tasks.testing.worker.TestWorker$3.run(TestWorker.java:193)
	at org.gradle.api.internal.tasks.testing.worker.TestWorker.executeAndMaintainThreadName(TestWorker.java:129)
	at org.gradle.api.internal.tasks.testing.worker.TestWorker.execute(TestWorker.java:100)
	at org.gradle.api.internal.tasks.testing.worker.TestWorker.execute(TestWorker.java:60)
	at org.gradle.process.internal.worker.child.ActionExecutionWorker.execute(ActionExecutionWorker.java:56)
	at org.gradle.process.internal.worker.child.SystemApplicationClassLoaderWorker.call(SystemApplicationClassLoaderWorker.java:113)
	at org.gradle.process.internal.worker.child.SystemApplicationClassLoaderWorker.call(SystemApplicationClassLoaderWorker.java:65)
	at app//worker.org.gradle.process.internal.worker.GradleWorkerMain.run(GradleWorkerMain.java:69)
	at app//worker.org.gradle.process.internal.worker.GradleWorkerMain.main(GradleWorkerMain.java:74)
</failure>
  </testcase>
  <testcase name="[2:27] Crear personaje (nombre duplicado)" classname="KarateBasicTest" time="0.181"/>
  <testcase name="[3:44] Crear personaje (faltan campos requeridos)" classname="KarateBasicTest" time="0.16"/>
  <testcase name="[4:63] Obtener todos los personajes" classname="KarateBasicTest" time="0.212"/>
  <testcase name="[5:69] Obtener personaje por ID (exitoso)" classname="KarateBasicTest" time="0.313"/>
  <testcase name="[6:78] Obtener personaje por ID (no existe)" classname="KarateBasicTest" time="0.158"/>
  <testcase name="[7:84] Actualizar personaje (exitoso)" classname="KarateBasicTest" time="0.152"/>
  <testcase name="[8:103] Actualizar personaje (no existe)" classname="KarateBasicTest" time="0.15"/>
  <testcase name="[9:119] Eliminar personaje (exitoso)" classname="KarateBasicTest" time="0.147">
    <failure message="org.opentest4j.AssertionFailedError: status code was: 404, expected: 204, response time in milliseconds: 135, url: http://bp-se-test-cabcd9b246a5.herokuapp.com/joseph_marquez_mazzini/api/characters/12, response: &#10;{&quot;error&quot;:&quot;Character not found&quot;}&#10;classpath:karate-test.feature:122" type="org.opentest4j.AssertionFailedError">org.opentest4j.AssertionFailedError: status code was: 404, expected: 204, response time in milliseconds: 135, url: http://bp-se-test-cabcd9b246a5.herokuapp.com/joseph_marquez_mazzini/api/characters/12, response: 
{&quot;error&quot;:&quot;Character not found&quot;}
classpath:karate-test.feature:122
	at app//org.junit.jupiter.api.AssertionUtils.fail(AssertionUtils.java:38)
	at app//org.junit.jupiter.api.Assertions.fail(Assertions.java:135)
	at app//com.intuit.karate.junit5.FeatureNode.lambda$next$1(FeatureNode.java:86)
	at app//org.junit.jupiter.engine.descriptor.DynamicTestTestDescriptor.lambda$execute$0(DynamicTestTestDescriptor.java:53)
	at app//org.junit.jupiter.engine.execution.InvocationInterceptorChain$ValidatingInvocation.proceed(InvocationInterceptorChain.java:131)
	at app//org.junit.jupiter.api.extension.InvocationInterceptor.interceptDynamicTest(InvocationInterceptor.java:167)
	at app//org.junit.jupiter.api.extension.InvocationInterceptor.interceptDynamicTest(InvocationInterceptor.java:184)
	at app//org.junit.jupiter.engine.descriptor.DynamicTestTestDescriptor.lambda$execute$1(DynamicTestTestDescriptor.java:61)
	at app//org.junit.jupiter.engine.execution.InvocationInterceptorChain$InterceptorCall.lambda$ofVoid$0(InvocationInterceptorChain.java:78)
	at app//org.junit.jupiter.engine.execution.InvocationInterceptorChain$InterceptedInvocation.proceed(InvocationInterceptorChain.java:106)
	at app//org.junit.jupiter.engine.execution.InvocationInterceptorChain.proceed(InvocationInterceptorChain.java:64)
	at app//org.junit.jupiter.engine.execution.InvocationInterceptorChain.chainAndInvoke(InvocationInterceptorChain.java:45)
	at app//org.junit.jupiter.engine.execution.InvocationInterceptorChain.invoke(InvocationInterceptorChain.java:37)
	at app//org.junit.jupiter.engine.descriptor.DynamicTestTestDescriptor.execute(DynamicTestTestDescriptor.java:60)
	at app//org.junit.jupiter.engine.descriptor.DynamicTestTestDescriptor.execute(DynamicTestTestDescriptor.java:32)
	at app//org.junit.platform.engine.support.hierarchical.NodeTestTask.lambda$executeRecursively$6(NodeTestTask.java:151)
	at app//org.junit.platform.engine.support.hierarchical.ThrowableCollector.execute(ThrowableCollector.java:73)
	at app//org.junit.platform.engine.support.hierarchical.NodeTestTask.lambda$executeRecursively$8(NodeTestTask.java:141)
	at app//org.junit.platform.engine.support.hierarchical.Node.around(Node.java:137)
	at app//org.junit.platform.engine.support.hierarchical.NodeTestTask.lambda$executeRecursively$9(NodeTestTask.java:139)
	at app//org.junit.platform.engine.support.hierarchical.ThrowableCollector.execute(ThrowableCollector.java:73)
	at app//org.junit.platform.engine.support.hierarchical.NodeTestTask.executeRecursively(NodeTestTask.java:138)
	at app//org.junit.platform.engine.support.hierarchical.NodeTestTask.execute(NodeTestTask.java:95)
	at app//org.junit.platform.engine.support.hierarchical.SameThreadHierarchicalTestExecutorService.submit(SameThreadHierarchicalTestExecutorService.java:35)
	at app//org.junit.platform.engine.support.hierarchical.NodeTestTask$DefaultDynamicTestExecutor.execute(NodeTestTask.java:226)
	at app//org.junit.platform.engine.support.hierarchical.NodeTestTask$DefaultDynamicTestExecutor.execute(NodeTestTask.java:204)
	at java.base@17.0.12/java.util.stream.ForEachOps$ForEachOp$OfRef.accept(ForEachOps.java:183)
	at java.base@17.0.12/java.util.stream.ReferencePipeline$3$1.accept(ReferencePipeline.java:197)
	at java.base@17.0.12/java.util.stream.ReferencePipeline$2$1.accept(ReferencePipeline.java:179)
	at java.base@17.0.12/java.util.stream.ReferencePipeline$3$1.accept(ReferencePipeline.java:197)
	at java.base@17.0.12/java.util.Iterator.forEachRemaining(Iterator.java:133)
	at java.base@17.0.12/java.util.Spliterators$IteratorSpliterator.forEachRemaining(Spliterators.java:1845)
	at java.base@17.0.12/java.util.stream.AbstractPipeline.copyInto(AbstractPipeline.java:509)
	at java.base@17.0.12/java.util.stream.AbstractPipeline.wrapAndCopyInto(AbstractPipeline.java:499)
	at java.base@17.0.12/java.util.stream.ForEachOps$ForEachOp.evaluateSequential(ForEachOps.java:150)
	at java.base@17.0.12/java.util.stream.ForEachOps$ForEachOp$OfRef.evaluateSequential(ForEachOps.java:173)
	at java.base@17.0.12/java.util.stream.AbstractPipeline.evaluate(AbstractPipeline.java:234)
	at java.base@17.0.12/java.util.stream.ReferencePipeline.forEachOrdered(ReferencePipeline.java:601)
	at app//org.junit.jupiter.engine.descriptor.DynamicContainerTestDescriptor.execute(DynamicContainerTestDescriptor.java:67)
	at app//org.junit.jupiter.engine.descriptor.DynamicContainerTestDescriptor.execute(DynamicContainerTestDescriptor.java:33)
	at app//org.junit.platform.engine.support.hierarchical.NodeTestTask.lambda$executeRecursively$6(NodeTestTask.java:151)
	at app//org.junit.platform.engine.support.hierarchical.ThrowableCollector.execute(ThrowableCollector.java:73)
	at app//org.junit.platform.engine.support.hierarchical.NodeTestTask.lambda$executeRecursively$8(NodeTestTask.java:141)
	at app//org.junit.platform.engine.support.hierarchical.Node.around(Node.java:137)
	at app//org.junit.platform.engine.support.hierarchical.NodeTestTask.lambda$executeRecursively$9(NodeTestTask.java:139)
	at app//org.junit.platform.engine.support.hierarchical.ThrowableCollector.execute(ThrowableCollector.java:73)
	at app//org.junit.platform.engine.support.hierarchical.NodeTestTask.executeRecursively(NodeTestTask.java:138)
	at app//org.junit.platform.engine.support.hierarchical.NodeTestTask.execute(NodeTestTask.java:95)
	at app//org.junit.platform.engine.support.hierarchical.SameThreadHierarchicalTestExecutorService.submit(SameThreadHierarchicalTestExecutorService.java:35)
	at app//org.junit.platform.engine.support.hierarchical.NodeTestTask$DefaultDynamicTestExecutor.execute(NodeTestTask.java:226)
	at app//org.junit.platform.engine.support.hierarchical.NodeTestTask$DefaultDynamicTestExecutor.execute(NodeTestTask.java:204)
	at java.base@17.0.12/java.util.Optional.ifPresent(Optional.java:178)
	at app//org.junit.jupiter.engine.descriptor.TestFactoryTestDescriptor.lambda$invokeTestMethod$1(TestFactoryTestDescriptor.java:108)
	at app//org.junit.platform.engine.support.hierarchical.ThrowableCollector.execute(ThrowableCollector.java:73)
	at app//org.junit.jupiter.engine.descriptor.TestFactoryTestDescriptor.invokeTestMethod(TestFactoryTestDescriptor.java:95)
	at app//org.junit.jupiter.engine.descriptor.TestMethodTestDescriptor.execute(TestMethodTestDescriptor.java:138)
	at app//org.junit.jupiter.engine.descriptor.TestMethodTestDescriptor.execute(TestMethodTestDescriptor.java:68)
	at app//org.junit.platform.engine.support.hierarchical.NodeTestTask.lambda$executeRecursively$6(NodeTestTask.java:151)
	at app//org.junit.platform.engine.support.hierarchical.ThrowableCollector.execute(ThrowableCollector.java:73)
	at app//org.junit.platform.engine.support.hierarchical.NodeTestTask.lambda$executeRecursively$8(NodeTestTask.java:141)
	at app//org.junit.platform.engine.support.hierarchical.Node.around(Node.java:137)
	at app//org.junit.platform.engine.support.hierarchical.NodeTestTask.lambda$executeRecursively$9(NodeTestTask.java:139)
	at app//org.junit.platform.engine.support.hierarchical.ThrowableCollector.execute(ThrowableCollector.java:73)
	at app//org.junit.platform.engine.support.hierarchical.NodeTestTask.executeRecursively(NodeTestTask.java:138)
	at app//org.junit.platform.engine.support.hierarchical.NodeTestTask.execute(NodeTestTask.java:95)
	at java.base@17.0.12/java.util.ArrayList.forEach(ArrayList.java:1511)
	at app//org.junit.platform.engine.support.hierarchical.SameThreadHierarchicalTestExecutorService.invokeAll(SameThreadHierarchicalTestExecutorService.java:41)
	at app//org.junit.platform.engine.support.hierarchical.NodeTestTask.lambda$executeRecursively$6(NodeTestTask.java:155)
	at app//org.junit.platform.engine.support.hierarchical.ThrowableCollector.execute(ThrowableCollector.java:73)
	at app//org.junit.platform.engine.support.hierarchical.NodeTestTask.lambda$executeRecursively$8(NodeTestTask.java:141)
	at app//org.junit.platform.engine.support.hierarchical.Node.around(Node.java:137)
	at app//org.junit.platform.engine.support.hierarchical.NodeTestTask.lambda$executeRecursively$9(NodeTestTask.java:139)
	at app//org.junit.platform.engine.support.hierarchical.ThrowableCollector.execute(ThrowableCollector.java:73)
	at app//org.junit.platform.engine.support.hierarchical.NodeTestTask.executeRecursively(NodeTestTask.java:138)
	at app//org.junit.platform.engine.support.hierarchical.NodeTestTask.execute(NodeTestTask.java:95)
	at java.base@17.0.12/java.util.ArrayList.forEach(ArrayList.java:1511)
	at app//org.junit.platform.engine.support.hierarchical.SameThreadHierarchicalTestExecutorService.invokeAll(SameThreadHierarchicalTestExecutorService.java:41)
	at app//org.junit.platform.engine.support.hierarchical.NodeTestTask.lambda$executeRecursively$6(NodeTestTask.java:155)
	at app//org.junit.platform.engine.support.hierarchical.ThrowableCollector.execute(ThrowableCollector.java:73)
	at app//org.junit.platform.engine.support.hierarchical.NodeTestTask.lambda$executeRecursively$8(NodeTestTask.java:141)
	at app//org.junit.platform.engine.support.hierarchical.Node.around(Node.java:137)
	at app//org.junit.platform.engine.support.hierarchical.NodeTestTask.lambda$executeRecursively$9(NodeTestTask.java:139)
	at app//org.junit.platform.engine.support.hierarchical.ThrowableCollector.execute(ThrowableCollector.java:73)
	at app//org.junit.platform.engine.support.hierarchical.NodeTestTask.executeRecursively(NodeTestTask.java:138)
	at app//org.junit.platform.engine.support.hierarchical.NodeTestTask.execute(NodeTestTask.java:95)
	at app//org.junit.platform.engine.support.hierarchical.SameThreadHierarchicalTestExecutorService.submit(SameThreadHierarchicalTestExecutorService.java:35)
	at app//org.junit.platform.engine.support.hierarchical.HierarchicalTestExecutor.execute(HierarchicalTestExecutor.java:57)
	at app//org.junit.platform.engine.support.hierarchical.HierarchicalTestEngine.execute(HierarchicalTestEngine.java:54)
	at app//org.junit.platform.launcher.core.EngineExecutionOrchestrator.execute(EngineExecutionOrchestrator.java:107)
	at app//org.junit.platform.launcher.core.EngineExecutionOrchestrator.execute(EngineExecutionOrchestrator.java:88)
	at app//org.junit.platform.launcher.core.EngineExecutionOrchestrator.lambda$execute$0(EngineExecutionOrchestrator.java:54)
	at app//org.junit.platform.launcher.core.EngineExecutionOrchestrator.withInterceptedStreams(EngineExecutionOrchestrator.java:67)
	at app//org.junit.platform.launcher.core.EngineExecutionOrchestrator.execute(EngineExecutionOrchestrator.java:52)
	at app//org.junit.platform.launcher.core.DefaultLauncher.execute(DefaultLauncher.java:114)
	at app//org.junit.platform.launcher.core.DefaultLauncher.execute(DefaultLauncher.java:86)
	at app//org.junit.platform.launcher.core.DefaultLauncherSession$DelegatingLauncher.execute(DefaultLauncherSession.java:86)
	at org.gradle.api.internal.tasks.testing.junitplatform.JUnitPlatformTestClassProcessor$CollectAllTestClassesExecutor.processAllTestClasses(JUnitPlatformTestClassProcessor.java:119)
	at org.gradle.api.internal.tasks.testing.junitplatform.JUnitPlatformTestClassProcessor$CollectAllTestClassesExecutor.access$000(JUnitPlatformTestClassProcessor.java:94)
	at org.gradle.api.internal.tasks.testing.junitplatform.JUnitPlatformTestClassProcessor.stop(JUnitPlatformTestClassProcessor.java:89)
	at org.gradle.api.internal.tasks.testing.SuiteTestClassProcessor.stop(SuiteTestClassProcessor.java:62)
	at java.base@17.0.12/jdk.internal.reflect.NativeMethodAccessorImpl.invoke0(Native Method)
	at java.base@17.0.12/jdk.internal.reflect.NativeMethodAccessorImpl.invoke(NativeMethodAccessorImpl.java:77)
	at java.base@17.0.12/jdk.internal.reflect.DelegatingMethodAccessorImpl.invoke(DelegatingMethodAccessorImpl.java:43)
	at java.base@17.0.12/java.lang.reflect.Method.invoke(Method.java:568)
	at org.gradle.internal.dispatch.ReflectionDispatch.dispatch(ReflectionDispatch.java:36)
	at org.gradle.internal.dispatch.ReflectionDispatch.dispatch(ReflectionDispatch.java:24)
	at org.gradle.internal.dispatch.ContextClassLoaderDispatch.dispatch(ContextClassLoaderDispatch.java:33)
	at org.gradle.internal.dispatch.ProxyDispatchAdapter$DispatchingInvocationHandler.invoke(ProxyDispatchAdapter.java:94)
	at jdk.proxy1/jdk.proxy1.$Proxy2.stop(Unknown Source)
	at org.gradle.api.internal.tasks.testing.worker.TestWorker$3.run(TestWorker.java:193)
	at org.gradle.api.internal.tasks.testing.worker.TestWorker.executeAndMaintainThreadName(TestWorker.java:129)
	at org.gradle.api.internal.tasks.testing.worker.TestWorker.execute(TestWorker.java:100)
	at org.gradle.api.internal.tasks.testing.worker.TestWorker.execute(TestWorker.java:60)
	at org.gradle.process.internal.worker.child.ActionExecutionWorker.execute(ActionExecutionWorker.java:56)
	at org.gradle.process.internal.worker.child.SystemApplicationClassLoaderWorker.call(SystemApplicationClassLoaderWorker.java:113)
	at org.gradle.process.internal.worker.child.SystemApplicationClassLoaderWorker.call(SystemApplicationClassLoaderWorker.java:65)
	at app//worker.org.gradle.process.internal.worker.GradleWorkerMain.run(GradleWorkerMain.java:69)
	at app//worker.org.gradle.process.internal.worker.GradleWorkerMain.main(GradleWorkerMain.java:74)
</failure>
  </testcase>
  <testcase name="[10:124] Eliminar personaje (no existe)" classname="KarateBasicTest" time="1.495"/>
  <system-out><![CDATA[12:23:42.798 [Test worker] DEBUG com.jayway.jsonpath.internal.path.CompiledPath -- Evaluating path: $
12:23:42.849 [Test worker] DEBUG io.netty.util.internal.logging.InternalLoggerFactory -- Using SLF4J as the default logging framework
12:23:42.851 [Test worker] DEBUG io.netty.util.internal.PlatformDependent0 -- -Dio.netty.noUnsafe: false
12:23:42.851 [Test worker] DEBUG io.netty.util.internal.PlatformDependent0 -- Java version: 17
12:23:42.852 [Test worker] DEBUG io.netty.util.internal.PlatformDependent0 -- sun.misc.Unsafe.theUnsafe: available
12:23:42.853 [Test worker] DEBUG io.netty.util.internal.PlatformDependent0 -- sun.misc.Unsafe.copyMemory: available
12:23:42.854 [Test worker] DEBUG io.netty.util.internal.PlatformDependent0 -- sun.misc.Unsafe.storeFence: available
12:23:42.854 [Test worker] DEBUG io.netty.util.internal.PlatformDependent0 -- java.nio.Buffer.address: available
12:23:42.855 [Test worker] DEBUG io.netty.util.internal.PlatformDependent0 -- direct buffer constructor: unavailable: Reflective setAccessible(true) disabled
12:23:42.855 [Test worker] DEBUG io.netty.util.internal.PlatformDependent0 -- java.nio.Bits.unaligned: available, true
12:23:42.856 [Test worker] DEBUG io.netty.util.internal.PlatformDependent0 -- jdk.internal.misc.Unsafe.allocateUninitializedArray(int): unavailable: class io.netty.util.internal.PlatformDependent0$7 cannot access class jdk.internal.misc.Unsafe (in module java.base) because module java.base does not export jdk.internal.misc to unnamed module @f5acb9d
12:23:42.857 [Test worker] DEBUG io.netty.util.internal.PlatformDependent0 -- java.nio.DirectByteBuffer.<init>(long, {int,long}): unavailable
12:23:42.857 [Test worker] DEBUG io.netty.util.internal.PlatformDependent -- sun.misc.Unsafe: available
12:23:42.869 [Test worker] DEBUG io.netty.util.internal.PlatformDependent -- maxDirectMemory: 536870912 bytes (maybe)
12:23:42.870 [Test worker] DEBUG io.netty.util.internal.PlatformDependent -- -Dio.netty.tmpdir: C:\Users\jmarqmaz\AppData\Local\Temp (java.io.tmpdir)
12:23:42.870 [Test worker] DEBUG io.netty.util.internal.PlatformDependent -- -Dio.netty.bitMode: 64 (sun.arch.data.model)
12:23:42.870 [Test worker] DEBUG io.netty.util.internal.PlatformDependent -- Platform: Windows
12:23:42.871 [Test worker] DEBUG io.netty.util.internal.PlatformDependent -- -Dio.netty.maxDirectMemory: -1 bytes
12:23:42.871 [Test worker] DEBUG io.netty.util.internal.PlatformDependent -- -Dio.netty.uninitializedArrayAllocationThreshold: -1
12:23:42.871 [Test worker] DEBUG io.netty.util.internal.CleanerJava9 -- java.nio.ByteBuffer.cleaner(): available
12:23:42.871 [Test worker] DEBUG io.netty.util.internal.PlatformDependent -- -Dio.netty.noPreferDirect: false
12:23:42.953 [Test worker] DEBUG org.apache.http.client.protocol.RequestAddCookies -- CookieSpec selected: karate
12:23:42.957 [Test worker] DEBUG org.apache.http.client.protocol.RequestAuthCache -- Auth cache not set in the context
12:23:42.960 [Test worker] DEBUG com.intuit.karate -- request:
1 > POST http://bp-se-test-cabcd9b246a5.herokuapp.com/joseph_marquez_mazzini/api/characters
1 > Content-Type: application/json; charset=UTF-8
1 > Content-Length: 118
1 > Host: bp-se-test-cabcd9b246a5.herokuapp.com
1 > Connection: Keep-Alive
1 > User-Agent: Apache-HttpClient/4.5.14 (Java/17.0.12)
1 > Accept-Encoding: gzip,deflate
{"name":"Superman","alterego":"Tommy Black","description":"Sobrenarual","powers":["Vuela rapido","Rayos en los ojos"]}

12:23:42.961 [Test worker] DEBUG org.apache.http.impl.conn.PoolingHttpClientConnectionManager -- Connection request: [route: {}->http://bp-se-test-cabcd9b246a5.herokuapp.com:80][total available: 0; route allocated: 0 of 5; total allocated: 0 of 10]
12:23:42.970 [Test worker] DEBUG org.apache.http.impl.conn.PoolingHttpClientConnectionManager -- Connection leased: [id: 0][route: {}->http://bp-se-test-cabcd9b246a5.herokuapp.com:80][total available: 0; route allocated: 1 of 5; total allocated: 1 of 10]
12:23:42.972 [Test worker] DEBUG org.apache.http.impl.execchain.MainClientExec -- Opening connection {}->http://bp-se-test-cabcd9b246a5.herokuapp.com:80
12:23:43.061 [Test worker] DEBUG org.apache.http.impl.conn.DefaultHttpClientConnectionOperator -- Connecting to bp-se-test-cabcd9b246a5.herokuapp.com/54.165.58.209:80
12:23:43.090 [Test worker] DEBUG org.apache.http.impl.conn.DefaultHttpClientConnectionOperator -- Connection established 192.168.100.103:51268<->54.165.58.209:80
12:23:43.090 [Test worker] DEBUG org.apache.http.impl.conn.DefaultManagedHttpClientConnection -- http-outgoing-0: set socket timeout to 30000
12:23:43.090 [Test worker] DEBUG org.apache.http.impl.execchain.MainClientExec -- Executing request POST /joseph_marquez_mazzini/api/characters HTTP/1.1
12:23:43.090 [Test worker] DEBUG org.apache.http.impl.execchain.MainClientExec -- Target auth state: UNCHALLENGED
12:23:43.090 [Test worker] DEBUG org.apache.http.impl.execchain.MainClientExec -- Proxy auth state: UNCHALLENGED
12:23:43.092 [Test worker] DEBUG org.apache.http.headers -- http-outgoing-0 >> POST /joseph_marquez_mazzini/api/characters HTTP/1.1
12:23:43.092 [Test worker] DEBUG org.apache.http.headers -- http-outgoing-0 >> Content-Type: application/json; charset=UTF-8
12:23:43.092 [Test worker] DEBUG org.apache.http.headers -- http-outgoing-0 >> Content-Length: 118
12:23:43.092 [Test worker] DEBUG org.apache.http.headers -- http-outgoing-0 >> Host: bp-se-test-cabcd9b246a5.herokuapp.com
12:23:43.092 [Test worker] DEBUG org.apache.http.headers -- http-outgoing-0 >> Connection: Keep-Alive
12:23:43.092 [Test worker] DEBUG org.apache.http.headers -- http-outgoing-0 >> User-Agent: Apache-HttpClient/4.5.14 (Java/17.0.12)
12:23:43.092 [Test worker] DEBUG org.apache.http.headers -- http-outgoing-0 >> Accept-Encoding: gzip,deflate
12:23:43.092 [Test worker] DEBUG org.apache.http.wire -- http-outgoing-0 >> "POST /joseph_marquez_mazzini/api/characters HTTP/1.1[\r][\n]"
12:23:43.092 [Test worker] DEBUG org.apache.http.wire -- http-outgoing-0 >> "Content-Type: application/json; charset=UTF-8[\r][\n]"
12:23:43.092 [Test worker] DEBUG org.apache.http.wire -- http-outgoing-0 >> "Content-Length: 118[\r][\n]"
12:23:43.092 [Test worker] DEBUG org.apache.http.wire -- http-outgoing-0 >> "Host: bp-se-test-cabcd9b246a5.herokuapp.com[\r][\n]"
12:23:43.092 [Test worker] DEBUG org.apache.http.wire -- http-outgoing-0 >> "Connection: Keep-Alive[\r][\n]"
12:23:43.093 [Test worker] DEBUG org.apache.http.wire -- http-outgoing-0 >> "User-Agent: Apache-HttpClient/4.5.14 (Java/17.0.12)[\r][\n]"
12:23:43.093 [Test worker] DEBUG org.apache.http.wire -- http-outgoing-0 >> "Accept-Encoding: gzip,deflate[\r][\n]"
12:23:43.093 [Test worker] DEBUG org.apache.http.wire -- http-outgoing-0 >> "[\r][\n]"
12:23:43.093 [Test worker] DEBUG org.apache.http.wire -- http-outgoing-0 >> "{"name":"Superman","alterego":"Tommy Black","description":"Sobrenarual","powers":["Vuela rapido","Rayos en los ojos"]}"
12:23:43.285 [Test worker] DEBUG org.apache.http.wire -- http-outgoing-0 << "HTTP/1.1 400 [\r][\n]"
12:23:43.285 [Test worker] DEBUG org.apache.http.wire -- http-outgoing-0 << "Server: Cowboy[\r][\n]"
12:23:43.285 [Test worker] DEBUG org.apache.http.wire -- http-outgoing-0 << "Report-To: {"group":"heroku-nel","max_age":3600,"endpoints":[{"url":"https://nel.heroku.com/reports?ts=1750440224&sid=1b10b0ff-8a76-4548-befa-353fc6c6c045&s=R0Eh54W79R3Wz66oTlOvsp2TUxBCr5rU4Qo2gKgL33c%3D"}]}[\r][\n]"
12:23:43.285 [Test worker] DEBUG org.apache.http.wire -- http-outgoing-0 << "Reporting-Endpoints: heroku-nel=https://nel.heroku.com/reports?ts=1750440224&sid=1b10b0ff-8a76-4548-befa-353fc6c6c045&s=R0Eh54W79R3Wz66oTlOvsp2TUxBCr5rU4Qo2gKgL33c%3D[\r][\n]"
12:23:43.285 [Test worker] DEBUG org.apache.http.wire -- http-outgoing-0 << "Nel: {"report_to":"heroku-nel","max_age":3600,"success_fraction":0.005,"failure_fraction":0.05,"response_headers":["Via"]}[\r][\n]"
12:23:43.286 [Test worker] DEBUG org.apache.http.wire -- http-outgoing-0 << "Connection: keep-alive[\r][\n]"
12:23:43.286 [Test worker] DEBUG org.apache.http.wire -- http-outgoing-0 << "Content-Type: application/json[\r][\n]"
12:23:43.286 [Test worker] DEBUG org.apache.http.wire -- http-outgoing-0 << "Transfer-Encoding: chunked[\r][\n]"
12:23:43.286 [Test worker] DEBUG org.apache.http.wire -- http-outgoing-0 << "Date: Fri, 20 Jun 2025 17:23:44 GMT[\r][\n]"
12:23:43.286 [Test worker] DEBUG org.apache.http.wire -- http-outgoing-0 << "Via: 1.1 vegur[\r][\n]"
12:23:43.286 [Test worker] DEBUG org.apache.http.wire -- http-outgoing-0 << "[\r][\n]"
12:23:43.286 [Test worker] DEBUG org.apache.http.wire -- http-outgoing-0 << "29[\r][\n]"
12:23:43.286 [Test worker] DEBUG org.apache.http.wire -- http-outgoing-0 << "{"error":"Character name already exists"}[\r][\n]"
12:23:43.286 [Test worker] DEBUG org.apache.http.wire -- http-outgoing-0 << "0[\r][\n]"
12:23:43.286 [Test worker] DEBUG org.apache.http.wire -- http-outgoing-0 << "[\r][\n]"
12:23:43.288 [Test worker] DEBUG org.apache.http.headers -- http-outgoing-0 << HTTP/1.1 400 
12:23:43.288 [Test worker] DEBUG org.apache.http.headers -- http-outgoing-0 << Server: Cowboy
12:23:43.288 [Test worker] DEBUG org.apache.http.headers -- http-outgoing-0 << Report-To: {"group":"heroku-nel","max_age":3600,"endpoints":[{"url":"https://nel.heroku.com/reports?ts=1750440224&sid=1b10b0ff-8a76-4548-befa-353fc6c6c045&s=R0Eh54W79R3Wz66oTlOvsp2TUxBCr5rU4Qo2gKgL33c%3D"}]}
12:23:43.288 [Test worker] DEBUG org.apache.http.headers -- http-outgoing-0 << Reporting-Endpoints: heroku-nel=https://nel.heroku.com/reports?ts=1750440224&sid=1b10b0ff-8a76-4548-befa-353fc6c6c045&s=R0Eh54W79R3Wz66oTlOvsp2TUxBCr5rU4Qo2gKgL33c%3D
12:23:43.288 [Test worker] DEBUG org.apache.http.headers -- http-outgoing-0 << Nel: {"report_to":"heroku-nel","max_age":3600,"success_fraction":0.005,"failure_fraction":0.05,"response_headers":["Via"]}
12:23:43.288 [Test worker] DEBUG org.apache.http.headers -- http-outgoing-0 << Connection: keep-alive
12:23:43.288 [Test worker] DEBUG org.apache.http.headers -- http-outgoing-0 << Content-Type: application/json
12:23:43.288 [Test worker] DEBUG org.apache.http.headers -- http-outgoing-0 << Transfer-Encoding: chunked
12:23:43.288 [Test worker] DEBUG org.apache.http.headers -- http-outgoing-0 << Date: Fri, 20 Jun 2025 17:23:44 GMT
12:23:43.289 [Test worker] DEBUG org.apache.http.headers -- http-outgoing-0 << Via: 1.1 vegur
12:23:43.292 [Test worker] DEBUG org.apache.http.impl.execchain.MainClientExec -- Connection can be kept alive indefinitely
12:23:43.293 [Test worker] DEBUG org.apache.http.impl.conn.PoolingHttpClientConnectionManager -- Connection [id: 0][route: {}->http://bp-se-test-cabcd9b246a5.herokuapp.com:80] can be kept alive indefinitely
12:23:43.293 [Test worker] DEBUG org.apache.http.impl.conn.DefaultManagedHttpClientConnection -- http-outgoing-0: set socket timeout to 0
12:23:43.293 [Test worker] DEBUG org.apache.http.impl.conn.PoolingHttpClientConnectionManager -- Connection released: [id: 0][route: {}->http://bp-se-test-cabcd9b246a5.herokuapp.com:80][total available: 1; route allocated: 1 of 5; total allocated: 1 of 10]
12:23:43.294 [Test worker] DEBUG org.apache.http.impl.conn.PoolingHttpClientConnectionManager -- Connection manager is shutting down
12:23:43.294 [Test worker] DEBUG org.apache.http.impl.conn.DefaultManagedHttpClientConnection -- http-outgoing-0: Close connection
12:23:43.295 [Test worker] DEBUG org.apache.http.impl.conn.PoolingHttpClientConnectionManager -- Connection manager shut down
12:23:43.297 [Test worker] DEBUG com.intuit.karate -- response time in milliseconds: 334
1 < 400
1 < Server: Cowboy
1 < Report-To: {"group":"heroku-nel","max_age":3600,"endpoints":[{"url":"https://nel.heroku.com/reports?ts=1750440224&sid=1b10b0ff-8a76-4548-befa-353fc6c6c045&s=R0Eh54W79R3Wz66oTlOvsp2TUxBCr5rU4Qo2gKgL33c%3D"}]}
1 < Reporting-Endpoints: heroku-nel=https://nel.heroku.com/reports?ts=1750440224&sid=1b10b0ff-8a76-4548-befa-353fc6c6c045&s=R0Eh54W79R3Wz66oTlOvsp2TUxBCr5rU4Qo2gKgL33c%3D
1 < Nel: {"report_to":"heroku-nel","max_age":3600,"success_fraction":0.005,"failure_fraction":0.05,"response_headers":["Via"]}
1 < Connection: keep-alive
1 < Content-Type: application/json
1 < Transfer-Encoding: chunked
1 < Date: Fri, 20 Jun 2025 17:23:44 GMT
1 < Via: 1.1 vegur
{"error":"Character name already exists"}

12:23:43.305 [Test worker] ERROR com.intuit.karate -- classpath:karate-test.feature:24
Then status 201
status code was: 400, expected: 201, response time in milliseconds: 334, url: http://bp-se-test-cabcd9b246a5.herokuapp.com/joseph_marquez_mazzini/api/characters, response: 
{"error":"Character name already exists"}
classpath:karate-test.feature:24
12:23:43.331 [Test worker] DEBUG com.jayway.jsonpath.internal.path.CompiledPath -- Evaluating path: $
12:23:43.336 [Test worker] DEBUG org.apache.http.client.protocol.RequestAddCookies -- CookieSpec selected: karate
12:23:43.336 [Test worker] DEBUG org.apache.http.client.protocol.RequestAuthCache -- Auth cache not set in the context
12:23:43.336 [Test worker] DEBUG com.intuit.karate -- request:
1 > POST http://bp-se-test-cabcd9b246a5.herokuapp.com/joseph_marquez_mazzini/api/characters
1 > Content-Type: application/json; charset=UTF-8
1 > Content-Length: 131
1 > Host: bp-se-test-cabcd9b246a5.herokuapp.com
1 > Connection: Keep-Alive
1 > User-Agent: Apache-HttpClient/4.5.14 (Java/17.0.12)
1 > Accept-Encoding: gzip,deflate
{"name":"Dog-Man","alterego":"Juan Lopez","description":"Superhéroe de los perros de uio","powers":["Sentido perruno","Olfatear"]}

12:23:43.336 [Test worker] DEBUG org.apache.http.impl.conn.PoolingHttpClientConnectionManager -- Connection request: [route: {}->http://bp-se-test-cabcd9b246a5.herokuapp.com:80][total available: 0; route allocated: 0 of 5; total allocated: 0 of 10]
12:23:43.336 [Test worker] DEBUG org.apache.http.impl.conn.PoolingHttpClientConnectionManager -- Connection leased: [id: 1][route: {}->http://bp-se-test-cabcd9b246a5.herokuapp.com:80][total available: 0; route allocated: 1 of 5; total allocated: 1 of 10]
12:23:43.336 [Test worker] DEBUG org.apache.http.impl.execchain.MainClientExec -- Opening connection {}->http://bp-se-test-cabcd9b246a5.herokuapp.com:80
12:23:43.337 [Test worker] DEBUG org.apache.http.impl.conn.DefaultHttpClientConnectionOperator -- Connecting to bp-se-test-cabcd9b246a5.herokuapp.com/54.165.58.209:80
12:23:43.365 [Test worker] DEBUG org.apache.http.impl.conn.DefaultHttpClientConnectionOperator -- Connection established 192.168.100.103:51269<->54.165.58.209:80
12:23:43.365 [Test worker] DEBUG org.apache.http.impl.conn.DefaultManagedHttpClientConnection -- http-outgoing-1: set socket timeout to 30000
12:23:43.365 [Test worker] DEBUG org.apache.http.impl.execchain.MainClientExec -- Executing request POST /joseph_marquez_mazzini/api/characters HTTP/1.1
12:23:43.365 [Test worker] DEBUG org.apache.http.impl.execchain.MainClientExec -- Target auth state: UNCHALLENGED
12:23:43.365 [Test worker] DEBUG org.apache.http.impl.execchain.MainClientExec -- Proxy auth state: UNCHALLENGED
12:23:43.365 [Test worker] DEBUG org.apache.http.headers -- http-outgoing-1 >> POST /joseph_marquez_mazzini/api/characters HTTP/1.1
12:23:43.366 [Test worker] DEBUG org.apache.http.headers -- http-outgoing-1 >> Content-Type: application/json; charset=UTF-8
12:23:43.366 [Test worker] DEBUG org.apache.http.headers -- http-outgoing-1 >> Content-Length: 131
12:23:43.366 [Test worker] DEBUG org.apache.http.headers -- http-outgoing-1 >> Host: bp-se-test-cabcd9b246a5.herokuapp.com
12:23:43.366 [Test worker] DEBUG org.apache.http.headers -- http-outgoing-1 >> Connection: Keep-Alive
12:23:43.366 [Test worker] DEBUG org.apache.http.headers -- http-outgoing-1 >> User-Agent: Apache-HttpClient/4.5.14 (Java/17.0.12)
12:23:43.366 [Test worker] DEBUG org.apache.http.headers -- http-outgoing-1 >> Accept-Encoding: gzip,deflate
12:23:43.366 [Test worker] DEBUG org.apache.http.wire -- http-outgoing-1 >> "POST /joseph_marquez_mazzini/api/characters HTTP/1.1[\r][\n]"
12:23:43.366 [Test worker] DEBUG org.apache.http.wire -- http-outgoing-1 >> "Content-Type: application/json; charset=UTF-8[\r][\n]"
12:23:43.366 [Test worker] DEBUG org.apache.http.wire -- http-outgoing-1 >> "Content-Length: 131[\r][\n]"
12:23:43.366 [Test worker] DEBUG org.apache.http.wire -- http-outgoing-1 >> "Host: bp-se-test-cabcd9b246a5.herokuapp.com[\r][\n]"
12:23:43.366 [Test worker] DEBUG org.apache.http.wire -- http-outgoing-1 >> "Connection: Keep-Alive[\r][\n]"
12:23:43.366 [Test worker] DEBUG org.apache.http.wire -- http-outgoing-1 >> "User-Agent: Apache-HttpClient/4.5.14 (Java/17.0.12)[\r][\n]"
12:23:43.366 [Test worker] DEBUG org.apache.http.wire -- http-outgoing-1 >> "Accept-Encoding: gzip,deflate[\r][\n]"
12:23:43.366 [Test worker] DEBUG org.apache.http.wire -- http-outgoing-1 >> "[\r][\n]"
12:23:43.366 [Test worker] DEBUG org.apache.http.wire -- http-outgoing-1 >> "{"name":"Dog-Man","alterego":"Juan Lopez","description":"Superh[0xc3][0xa9]roe de los perros de uio","powers":["Sentido perruno","Olfatear"]}"
12:23:43.477 [Test worker] DEBUG org.apache.http.wire -- http-outgoing-1 << "HTTP/1.1 400 [\r][\n]"
12:23:43.477 [Test worker] DEBUG org.apache.http.wire -- http-outgoing-1 << "Server: Cowboy[\r][\n]"
12:23:43.477 [Test worker] DEBUG org.apache.http.wire -- http-outgoing-1 << "Report-To: {"group":"heroku-nel","max_age":3600,"endpoints":[{"url":"https://nel.heroku.com/reports?ts=1750440224&sid=1b10b0ff-8a76-4548-befa-353fc6c6c045&s=R0Eh54W79R3Wz66oTlOvsp2TUxBCr5rU4Qo2gKgL33c%3D"}]}[\r][\n]"
12:23:43.477 [Test worker] DEBUG org.apache.http.wire -- http-outgoing-1 << "Reporting-Endpoints: heroku-nel=https://nel.heroku.com/reports?ts=1750440224&sid=1b10b0ff-8a76-4548-befa-353fc6c6c045&s=R0Eh54W79R3Wz66oTlOvsp2TUxBCr5rU4Qo2gKgL33c%3D[\r][\n]"
12:23:43.477 [Test worker] DEBUG org.apache.http.wire -- http-outgoing-1 << "Nel: {"report_to":"heroku-nel","max_age":3600,"success_fraction":0.005,"failure_fraction":0.05,"response_headers":["Via"]}[\r][\n]"
12:23:43.477 [Test worker] DEBUG org.apache.http.wire -- http-outgoing-1 << "Connection: keep-alive[\r][\n]"
12:23:43.477 [Test worker] DEBUG org.apache.http.wire -- http-outgoing-1 << "Content-Type: application/json[\r][\n]"
12:23:43.477 [Test worker] DEBUG org.apache.http.wire -- http-outgoing-1 << "Transfer-Encoding: chunked[\r][\n]"
12:23:43.477 [Test worker] DEBUG org.apache.http.wire -- http-outgoing-1 << "Date: Fri, 20 Jun 2025 17:23:44 GMT[\r][\n]"
12:23:43.477 [Test worker] DEBUG org.apache.http.wire -- http-outgoing-1 << "Via: 1.1 vegur[\r][\n]"
12:23:43.477 [Test worker] DEBUG org.apache.http.wire -- http-outgoing-1 << "[\r][\n]"
12:23:43.477 [Test worker] DEBUG org.apache.http.wire -- http-outgoing-1 << "29[\r][\n]"
12:23:43.477 [Test worker] DEBUG org.apache.http.wire -- http-outgoing-1 << "{"error":"Character name already exists"}[\r][\n]"
12:23:43.477 [Test worker] DEBUG org.apache.http.wire -- http-outgoing-1 << "0[\r][\n]"
12:23:43.478 [Test worker] DEBUG org.apache.http.wire -- http-outgoing-1 << "[\r][\n]"
12:23:43.478 [Test worker] DEBUG org.apache.http.headers -- http-outgoing-1 << HTTP/1.1 400 
12:23:43.478 [Test worker] DEBUG org.apache.http.headers -- http-outgoing-1 << Server: Cowboy
12:23:43.478 [Test worker] DEBUG org.apache.http.headers -- http-outgoing-1 << Report-To: {"group":"heroku-nel","max_age":3600,"endpoints":[{"url":"https://nel.heroku.com/reports?ts=1750440224&sid=1b10b0ff-8a76-4548-befa-353fc6c6c045&s=R0Eh54W79R3Wz66oTlOvsp2TUxBCr5rU4Qo2gKgL33c%3D"}]}
12:23:43.478 [Test worker] DEBUG org.apache.http.headers -- http-outgoing-1 << Reporting-Endpoints: heroku-nel=https://nel.heroku.com/reports?ts=1750440224&sid=1b10b0ff-8a76-4548-befa-353fc6c6c045&s=R0Eh54W79R3Wz66oTlOvsp2TUxBCr5rU4Qo2gKgL33c%3D
12:23:43.478 [Test worker] DEBUG org.apache.http.headers -- http-outgoing-1 << Nel: {"report_to":"heroku-nel","max_age":3600,"success_fraction":0.005,"failure_fraction":0.05,"response_headers":["Via"]}
12:23:43.478 [Test worker] DEBUG org.apache.http.headers -- http-outgoing-1 << Connection: keep-alive
12:23:43.478 [Test worker] DEBUG org.apache.http.headers -- http-outgoing-1 << Content-Type: application/json
12:23:43.478 [Test worker] DEBUG org.apache.http.headers -- http-outgoing-1 << Transfer-Encoding: chunked
12:23:43.478 [Test worker] DEBUG org.apache.http.headers -- http-outgoing-1 << Date: Fri, 20 Jun 2025 17:23:44 GMT
12:23:43.478 [Test worker] DEBUG org.apache.http.headers -- http-outgoing-1 << Via: 1.1 vegur
12:23:43.478 [Test worker] DEBUG org.apache.http.impl.execchain.MainClientExec -- Connection can be kept alive indefinitely
12:23:43.478 [Test worker] DEBUG org.apache.http.impl.conn.PoolingHttpClientConnectionManager -- Connection [id: 1][route: {}->http://bp-se-test-cabcd9b246a5.herokuapp.com:80] can be kept alive indefinitely
12:23:43.478 [Test worker] DEBUG org.apache.http.impl.conn.DefaultManagedHttpClientConnection -- http-outgoing-1: set socket timeout to 0
12:23:43.479 [Test worker] DEBUG org.apache.http.impl.conn.PoolingHttpClientConnectionManager -- Connection released: [id: 1][route: {}->http://bp-se-test-cabcd9b246a5.herokuapp.com:80][total available: 1; route allocated: 1 of 5; total allocated: 1 of 10]
12:23:43.479 [Test worker] DEBUG org.apache.http.impl.conn.PoolingHttpClientConnectionManager -- Connection manager is shutting down
12:23:43.479 [Test worker] DEBUG org.apache.http.impl.conn.DefaultManagedHttpClientConnection -- http-outgoing-1: Close connection
12:23:43.479 [Test worker] DEBUG org.apache.http.impl.conn.PoolingHttpClientConnectionManager -- Connection manager shut down
12:23:43.479 [Test worker] DEBUG com.intuit.karate -- response time in milliseconds: 143
1 < 400
1 < Server: Cowboy
1 < Report-To: {"group":"heroku-nel","max_age":3600,"endpoints":[{"url":"https://nel.heroku.com/reports?ts=1750440224&sid=1b10b0ff-8a76-4548-befa-353fc6c6c045&s=R0Eh54W79R3Wz66oTlOvsp2TUxBCr5rU4Qo2gKgL33c%3D"}]}
1 < Reporting-Endpoints: heroku-nel=https://nel.heroku.com/reports?ts=1750440224&sid=1b10b0ff-8a76-4548-befa-353fc6c6c045&s=R0Eh54W79R3Wz66oTlOvsp2TUxBCr5rU4Qo2gKgL33c%3D
1 < Nel: {"report_to":"heroku-nel","max_age":3600,"success_fraction":0.005,"failure_fraction":0.05,"response_headers":["Via"]}
1 < Connection: keep-alive
1 < Content-Type: application/json
1 < Transfer-Encoding: chunked
1 < Date: Fri, 20 Jun 2025 17:23:44 GMT
1 < Via: 1.1 vegur
{"error":"Character name already exists"}

12:23:43.488 [Test worker] DEBUG com.jayway.jsonpath.internal.path.CompiledPath -- Evaluating path: $['error']
12:23:43.512 [Test worker] DEBUG com.jayway.jsonpath.internal.path.CompiledPath -- Evaluating path: $
12:23:43.514 [Test worker] DEBUG org.apache.http.client.protocol.RequestAddCookies -- CookieSpec selected: karate
12:23:43.514 [Test worker] DEBUG org.apache.http.client.protocol.RequestAuthCache -- Auth cache not set in the context
12:23:43.514 [Test worker] DEBUG com.intuit.karate -- request:
1 > POST http://bp-se-test-cabcd9b246a5.herokuapp.com/joseph_marquez_mazzini/api/characters
1 > Content-Type: application/json; charset=UTF-8
1 > Content-Length: 54
1 > Host: bp-se-test-cabcd9b246a5.herokuapp.com
1 > Connection: Keep-Alive
1 > User-Agent: Apache-HttpClient/4.5.14 (Java/17.0.12)
1 > Accept-Encoding: gzip,deflate
{"name":"","alterego":"","description":"","powers":[]}

12:23:43.514 [Test worker] DEBUG org.apache.http.impl.conn.PoolingHttpClientConnectionManager -- Connection request: [route: {}->http://bp-se-test-cabcd9b246a5.herokuapp.com:80][total available: 0; route allocated: 0 of 5; total allocated: 0 of 10]
12:23:43.514 [Test worker] DEBUG org.apache.http.impl.conn.PoolingHttpClientConnectionManager -- Connection leased: [id: 2][route: {}->http://bp-se-test-cabcd9b246a5.herokuapp.com:80][total available: 0; route allocated: 1 of 5; total allocated: 1 of 10]
12:23:43.514 [Test worker] DEBUG org.apache.http.impl.execchain.MainClientExec -- Opening connection {}->http://bp-se-test-cabcd9b246a5.herokuapp.com:80
12:23:43.515 [Test worker] DEBUG org.apache.http.impl.conn.DefaultHttpClientConnectionOperator -- Connecting to bp-se-test-cabcd9b246a5.herokuapp.com/54.165.58.209:80
12:23:43.541 [Test worker] DEBUG org.apache.http.impl.conn.DefaultHttpClientConnectionOperator -- Connection established 192.168.100.103:51270<->54.165.58.209:80
12:23:43.541 [Test worker] DEBUG org.apache.http.impl.conn.DefaultManagedHttpClientConnection -- http-outgoing-2: set socket timeout to 30000
12:23:43.541 [Test worker] DEBUG org.apache.http.impl.execchain.MainClientExec -- Executing request POST /joseph_marquez_mazzini/api/characters HTTP/1.1
12:23:43.541 [Test worker] DEBUG org.apache.http.impl.execchain.MainClientExec -- Target auth state: UNCHALLENGED
12:23:43.541 [Test worker] DEBUG org.apache.http.impl.execchain.MainClientExec -- Proxy auth state: UNCHALLENGED
12:23:43.541 [Test worker] DEBUG org.apache.http.headers -- http-outgoing-2 >> POST /joseph_marquez_mazzini/api/characters HTTP/1.1
12:23:43.541 [Test worker] DEBUG org.apache.http.headers -- http-outgoing-2 >> Content-Type: application/json; charset=UTF-8
12:23:43.541 [Test worker] DEBUG org.apache.http.headers -- http-outgoing-2 >> Content-Length: 54
12:23:43.541 [Test worker] DEBUG org.apache.http.headers -- http-outgoing-2 >> Host: bp-se-test-cabcd9b246a5.herokuapp.com
12:23:43.541 [Test worker] DEBUG org.apache.http.headers -- http-outgoing-2 >> Connection: Keep-Alive
12:23:43.541 [Test worker] DEBUG org.apache.http.headers -- http-outgoing-2 >> User-Agent: Apache-HttpClient/4.5.14 (Java/17.0.12)
12:23:43.541 [Test worker] DEBUG org.apache.http.headers -- http-outgoing-2 >> Accept-Encoding: gzip,deflate
12:23:43.541 [Test worker] DEBUG org.apache.http.wire -- http-outgoing-2 >> "POST /joseph_marquez_mazzini/api/characters HTTP/1.1[\r][\n]"
12:23:43.541 [Test worker] DEBUG org.apache.http.wire -- http-outgoing-2 >> "Content-Type: application/json; charset=UTF-8[\r][\n]"
12:23:43.541 [Test worker] DEBUG org.apache.http.wire -- http-outgoing-2 >> "Content-Length: 54[\r][\n]"
12:23:43.543 [Test worker] DEBUG org.apache.http.wire -- http-outgoing-2 >> "Host: bp-se-test-cabcd9b246a5.herokuapp.com[\r][\n]"
12:23:43.543 [Test worker] DEBUG org.apache.http.wire -- http-outgoing-2 >> "Connection: Keep-Alive[\r][\n]"
12:23:43.543 [Test worker] DEBUG org.apache.http.wire -- http-outgoing-2 >> "User-Agent: Apache-HttpClient/4.5.14 (Java/17.0.12)[\r][\n]"
12:23:43.543 [Test worker] DEBUG org.apache.http.wire -- http-outgoing-2 >> "Accept-Encoding: gzip,deflate[\r][\n]"
12:23:43.543 [Test worker] DEBUG org.apache.http.wire -- http-outgoing-2 >> "[\r][\n]"
12:23:43.543 [Test worker] DEBUG org.apache.http.wire -- http-outgoing-2 >> "{"name":"","alterego":"","description":"","powers":[]}"
12:23:43.655 [Test worker] DEBUG org.apache.http.wire -- http-outgoing-2 << "HTTP/1.1 400 [\r][\n]"
12:23:43.655 [Test worker] DEBUG org.apache.http.wire -- http-outgoing-2 << "Server: Cowboy[\r][\n]"
12:23:43.655 [Test worker] DEBUG org.apache.http.wire -- http-outgoing-2 << "Report-To: {"group":"heroku-nel","max_age":3600,"endpoints":[{"url":"https://nel.heroku.com/reports?ts=1750440224&sid=1b10b0ff-8a76-4548-befa-353fc6c6c045&s=R0Eh54W79R3Wz66oTlOvsp2TUxBCr5rU4Qo2gKgL33c%3D"}]}[\r][\n]"
12:23:43.655 [Test worker] DEBUG org.apache.http.wire -- http-outgoing-2 << "Reporting-Endpoints: heroku-nel=https://nel.heroku.com/reports?ts=1750440224&sid=1b10b0ff-8a76-4548-befa-353fc6c6c045&s=R0Eh54W79R3Wz66oTlOvsp2TUxBCr5rU4Qo2gKgL33c%3D[\r][\n]"
12:23:43.655 [Test worker] DEBUG org.apache.http.wire -- http-outgoing-2 << "Nel: {"report_to":"heroku-nel","max_age":3600,"success_fraction":0.005,"failure_fraction":0.05,"response_headers":["Via"]}[\r][\n]"
12:23:43.655 [Test worker] DEBUG org.apache.http.wire -- http-outgoing-2 << "Connection: keep-alive[\r][\n]"
12:23:43.655 [Test worker] DEBUG org.apache.http.wire -- http-outgoing-2 << "Content-Type: application/json[\r][\n]"
12:23:43.655 [Test worker] DEBUG org.apache.http.wire -- http-outgoing-2 << "Transfer-Encoding: chunked[\r][\n]"
12:23:43.655 [Test worker] DEBUG org.apache.http.wire -- http-outgoing-2 << "Date: Fri, 20 Jun 2025 17:23:44 GMT[\r][\n]"
12:23:43.655 [Test worker] DEBUG org.apache.http.wire -- http-outgoing-2 << "Via: 1.1 vegur[\r][\n]"
12:23:43.655 [Test worker] DEBUG org.apache.http.wire -- http-outgoing-2 << "[\r][\n]"
12:23:43.655 [Test worker] DEBUG org.apache.http.wire -- http-outgoing-2 << "84[\r][\n]"
12:23:43.655 [Test worker] DEBUG org.apache.http.wire -- http-outgoing-2 << "{"name":"Name is required","description":"Description is required","powers":"Powers are required","alterego":"Alterego is required"}[\r][\n]"
12:23:43.655 [Test worker] DEBUG org.apache.http.wire -- http-outgoing-2 << "0[\r][\n]"
12:23:43.655 [Test worker] DEBUG org.apache.http.wire -- http-outgoing-2 << "[\r][\n]"
12:23:43.656 [Test worker] DEBUG org.apache.http.headers -- http-outgoing-2 << HTTP/1.1 400 
12:23:43.656 [Test worker] DEBUG org.apache.http.headers -- http-outgoing-2 << Server: Cowboy
12:23:43.656 [Test worker] DEBUG org.apache.http.headers -- http-outgoing-2 << Report-To: {"group":"heroku-nel","max_age":3600,"endpoints":[{"url":"https://nel.heroku.com/reports?ts=1750440224&sid=1b10b0ff-8a76-4548-befa-353fc6c6c045&s=R0Eh54W79R3Wz66oTlOvsp2TUxBCr5rU4Qo2gKgL33c%3D"}]}
12:23:43.656 [Test worker] DEBUG org.apache.http.headers -- http-outgoing-2 << Reporting-Endpoints: heroku-nel=https://nel.heroku.com/reports?ts=1750440224&sid=1b10b0ff-8a76-4548-befa-353fc6c6c045&s=R0Eh54W79R3Wz66oTlOvsp2TUxBCr5rU4Qo2gKgL33c%3D
12:23:43.656 [Test worker] DEBUG org.apache.http.headers -- http-outgoing-2 << Nel: {"report_to":"heroku-nel","max_age":3600,"success_fraction":0.005,"failure_fraction":0.05,"response_headers":["Via"]}
12:23:43.656 [Test worker] DEBUG org.apache.http.headers -- http-outgoing-2 << Connection: keep-alive
12:23:43.656 [Test worker] DEBUG org.apache.http.headers -- http-outgoing-2 << Content-Type: application/json
12:23:43.656 [Test worker] DEBUG org.apache.http.headers -- http-outgoing-2 << Transfer-Encoding: chunked
12:23:43.656 [Test worker] DEBUG org.apache.http.headers -- http-outgoing-2 << Date: Fri, 20 Jun 2025 17:23:44 GMT
12:23:43.656 [Test worker] DEBUG org.apache.http.headers -- http-outgoing-2 << Via: 1.1 vegur
12:23:43.657 [Test worker] DEBUG org.apache.http.impl.execchain.MainClientExec -- Connection can be kept alive indefinitely
12:23:43.657 [Test worker] DEBUG org.apache.http.impl.conn.PoolingHttpClientConnectionManager -- Connection [id: 2][route: {}->http://bp-se-test-cabcd9b246a5.herokuapp.com:80] can be kept alive indefinitely
12:23:43.657 [Test worker] DEBUG org.apache.http.impl.conn.DefaultManagedHttpClientConnection -- http-outgoing-2: set socket timeout to 0
12:23:43.657 [Test worker] DEBUG org.apache.http.impl.conn.PoolingHttpClientConnectionManager -- Connection released: [id: 2][route: {}->http://bp-se-test-cabcd9b246a5.herokuapp.com:80][total available: 1; route allocated: 1 of 5; total allocated: 1 of 10]
12:23:43.657 [Test worker] DEBUG org.apache.http.impl.conn.PoolingHttpClientConnectionManager -- Connection manager is shutting down
12:23:43.657 [Test worker] DEBUG org.apache.http.impl.conn.DefaultManagedHttpClientConnection -- http-outgoing-2: Close connection
12:23:43.657 [Test worker] DEBUG org.apache.http.impl.conn.PoolingHttpClientConnectionManager -- Connection manager shut down
12:23:43.657 [Test worker] DEBUG com.intuit.karate -- response time in milliseconds: 143
1 < 400
1 < Server: Cowboy
1 < Report-To: {"group":"heroku-nel","max_age":3600,"endpoints":[{"url":"https://nel.heroku.com/reports?ts=1750440224&sid=1b10b0ff-8a76-4548-befa-353fc6c6c045&s=R0Eh54W79R3Wz66oTlOvsp2TUxBCr5rU4Qo2gKgL33c%3D"}]}
1 < Reporting-Endpoints: heroku-nel=https://nel.heroku.com/reports?ts=1750440224&sid=1b10b0ff-8a76-4548-befa-353fc6c6c045&s=R0Eh54W79R3Wz66oTlOvsp2TUxBCr5rU4Qo2gKgL33c%3D
1 < Nel: {"report_to":"heroku-nel","max_age":3600,"success_fraction":0.005,"failure_fraction":0.05,"response_headers":["Via"]}
1 < Connection: keep-alive
1 < Content-Type: application/json
1 < Transfer-Encoding: chunked
1 < Date: Fri, 20 Jun 2025 17:23:44 GMT
1 < Via: 1.1 vegur
{"name":"Name is required","description":"Description is required","powers":"Powers are required","alterego":"Alterego is required"}

12:23:43.659 [Test worker] DEBUG com.jayway.jsonpath.internal.path.CompiledPath -- Evaluating path: $['name']
12:23:43.660 [Test worker] DEBUG com.jayway.jsonpath.internal.path.CompiledPath -- Evaluating path: $['description']
12:23:43.662 [Test worker] DEBUG com.jayway.jsonpath.internal.path.CompiledPath -- Evaluating path: $['powers']
12:23:43.663 [Test worker] DEBUG com.jayway.jsonpath.internal.path.CompiledPath -- Evaluating path: $['alterego']
12:23:43.673 [Test worker] DEBUG org.apache.http.client.protocol.RequestAddCookies -- CookieSpec selected: karate
12:23:43.673 [Test worker] DEBUG org.apache.http.client.protocol.RequestAuthCache -- Auth cache not set in the context
12:23:43.673 [Test worker] DEBUG com.intuit.karate -- request:
1 > GET http://bp-se-test-cabcd9b246a5.herokuapp.com/joseph_marquez_mazzini/api/characters
1 > Host: bp-se-test-cabcd9b246a5.herokuapp.com
1 > Connection: Keep-Alive
1 > User-Agent: Apache-HttpClient/4.5.14 (Java/17.0.12)
1 > Accept-Encoding: gzip,deflate


12:23:43.673 [Test worker] DEBUG org.apache.http.impl.conn.PoolingHttpClientConnectionManager -- Connection request: [route: {}->http://bp-se-test-cabcd9b246a5.herokuapp.com:80][total available: 0; route allocated: 0 of 5; total allocated: 0 of 10]
12:23:43.673 [Test worker] DEBUG org.apache.http.impl.conn.PoolingHttpClientConnectionManager -- Connection leased: [id: 3][route: {}->http://bp-se-test-cabcd9b246a5.herokuapp.com:80][total available: 0; route allocated: 1 of 5; total allocated: 1 of 10]
12:23:43.673 [Test worker] DEBUG org.apache.http.impl.execchain.MainClientExec -- Opening connection {}->http://bp-se-test-cabcd9b246a5.herokuapp.com:80
12:23:43.674 [Test worker] DEBUG org.apache.http.impl.conn.DefaultHttpClientConnectionOperator -- Connecting to bp-se-test-cabcd9b246a5.herokuapp.com/54.165.58.209:80
12:23:43.702 [Test worker] DEBUG org.apache.http.impl.conn.DefaultHttpClientConnectionOperator -- Connection established 192.168.100.103:51271<->54.165.58.209:80
12:23:43.702 [Test worker] DEBUG org.apache.http.impl.conn.DefaultManagedHttpClientConnection -- http-outgoing-3: set socket timeout to 30000
12:23:43.702 [Test worker] DEBUG org.apache.http.impl.execchain.MainClientExec -- Executing request GET /joseph_marquez_mazzini/api/characters HTTP/1.1
12:23:43.702 [Test worker] DEBUG org.apache.http.impl.execchain.MainClientExec -- Target auth state: UNCHALLENGED
12:23:43.702 [Test worker] DEBUG org.apache.http.impl.execchain.MainClientExec -- Proxy auth state: UNCHALLENGED
12:23:43.702 [Test worker] DEBUG org.apache.http.headers -- http-outgoing-3 >> GET /joseph_marquez_mazzini/api/characters HTTP/1.1
12:23:43.702 [Test worker] DEBUG org.apache.http.headers -- http-outgoing-3 >> Host: bp-se-test-cabcd9b246a5.herokuapp.com
12:23:43.702 [Test worker] DEBUG org.apache.http.headers -- http-outgoing-3 >> Connection: Keep-Alive
12:23:43.702 [Test worker] DEBUG org.apache.http.headers -- http-outgoing-3 >> User-Agent: Apache-HttpClient/4.5.14 (Java/17.0.12)
12:23:43.702 [Test worker] DEBUG org.apache.http.headers -- http-outgoing-3 >> Accept-Encoding: gzip,deflate
12:23:43.702 [Test worker] DEBUG org.apache.http.wire -- http-outgoing-3 >> "GET /joseph_marquez_mazzini/api/characters HTTP/1.1[\r][\n]"
12:23:43.702 [Test worker] DEBUG org.apache.http.wire -- http-outgoing-3 >> "Host: bp-se-test-cabcd9b246a5.herokuapp.com[\r][\n]"
12:23:43.702 [Test worker] DEBUG org.apache.http.wire -- http-outgoing-3 >> "Connection: Keep-Alive[\r][\n]"
12:23:43.703 [Test worker] DEBUG org.apache.http.wire -- http-outgoing-3 >> "User-Agent: Apache-HttpClient/4.5.14 (Java/17.0.12)[\r][\n]"
12:23:43.703 [Test worker] DEBUG org.apache.http.wire -- http-outgoing-3 >> "Accept-Encoding: gzip,deflate[\r][\n]"
12:23:43.703 [Test worker] DEBUG org.apache.http.wire -- http-outgoing-3 >> "[\r][\n]"
12:23:43.810 [Test worker] DEBUG org.apache.http.wire -- http-outgoing-3 << "HTTP/1.1 200 [\r][\n]"
12:23:43.810 [Test worker] DEBUG org.apache.http.wire -- http-outgoing-3 << "Server: Cowboy[\r][\n]"
12:23:43.810 [Test worker] DEBUG org.apache.http.wire -- http-outgoing-3 << "Report-To: {"group":"heroku-nel","max_age":3600,"endpoints":[{"url":"https://nel.heroku.com/reports?ts=1750440224&sid=1b10b0ff-8a76-4548-befa-353fc6c6c045&s=R0Eh54W79R3Wz66oTlOvsp2TUxBCr5rU4Qo2gKgL33c%3D"}]}[\r][\n]"
12:23:43.810 [Test worker] DEBUG org.apache.http.wire -- http-outgoing-3 << "Reporting-Endpoints: heroku-nel=https://nel.heroku.com/reports?ts=1750440224&sid=1b10b0ff-8a76-4548-befa-353fc6c6c045&s=R0Eh54W79R3Wz66oTlOvsp2TUxBCr5rU4Qo2gKgL33c%3D[\r][\n]"
12:23:43.810 [Test worker] DEBUG org.apache.http.wire -- http-outgoing-3 << "Nel: {"report_to":"heroku-nel","max_age":3600,"success_fraction":0.005,"failure_fraction":0.05,"response_headers":["Via"]}[\r][\n]"
12:23:43.810 [Test worker] DEBUG org.apache.http.wire -- http-outgoing-3 << "Connection: keep-alive[\r][\n]"
12:23:43.810 [Test worker] DEBUG org.apache.http.wire -- http-outgoing-3 << "Content-Type: application/json[\r][\n]"
12:23:43.810 [Test worker] DEBUG org.apache.http.wire -- http-outgoing-3 << "Transfer-Encoding: chunked[\r][\n]"
12:23:43.810 [Test worker] DEBUG org.apache.http.wire -- http-outgoing-3 << "Date: Fri, 20 Jun 2025 17:23:44 GMT[\r][\n]"
12:23:43.810 [Test worker] DEBUG org.apache.http.wire -- http-outgoing-3 << "Via: 1.1 vegur[\r][\n]"
12:23:43.810 [Test worker] DEBUG org.apache.http.wire -- http-outgoing-3 << "[\r][\n]"
12:23:43.810 [Test worker] DEBUG org.apache.http.wire -- http-outgoing-3 << "1a6[\r][\n]"
12:23:43.810 [Test worker] DEBUG org.apache.http.wire -- http-outgoing-3 << "[{"id":8,"name":"Cat-Man","alterego":"Juan Piguave","description":"Superh[0xc3][0xa9]roe de los gatos de gye","powers":["Agilidad","Sentido gatuno","Trepar techos"]},{"id":9,"name":"Dog-Man","alterego":"Juan Lopez","description":"Superh[0xc3][0xa9]roe de los perros de uio","powers":["Sentido perruno","Olfatear"]},{"id":13,"name":"Superman","alterego":"Tommy Black","description":"Sobrenarual","powers":["Vuela rapido","Rayos en los ojos"]}][\r][\n]"
12:23:43.810 [Test worker] DEBUG org.apache.http.wire -- http-outgoing-3 << "0[\r][\n]"
12:23:43.810 [Test worker] DEBUG org.apache.http.wire -- http-outgoing-3 << "[\r][\n]"
12:23:43.810 [Test worker] DEBUG org.apache.http.headers -- http-outgoing-3 << HTTP/1.1 200 
12:23:43.810 [Test worker] DEBUG org.apache.http.headers -- http-outgoing-3 << Server: Cowboy
12:23:43.810 [Test worker] DEBUG org.apache.http.headers -- http-outgoing-3 << Report-To: {"group":"heroku-nel","max_age":3600,"endpoints":[{"url":"https://nel.heroku.com/reports?ts=1750440224&sid=1b10b0ff-8a76-4548-befa-353fc6c6c045&s=R0Eh54W79R3Wz66oTlOvsp2TUxBCr5rU4Qo2gKgL33c%3D"}]}
12:23:43.810 [Test worker] DEBUG org.apache.http.headers -- http-outgoing-3 << Reporting-Endpoints: heroku-nel=https://nel.heroku.com/reports?ts=1750440224&sid=1b10b0ff-8a76-4548-befa-353fc6c6c045&s=R0Eh54W79R3Wz66oTlOvsp2TUxBCr5rU4Qo2gKgL33c%3D
12:23:43.811 [Test worker] DEBUG org.apache.http.headers -- http-outgoing-3 << Nel: {"report_to":"heroku-nel","max_age":3600,"success_fraction":0.005,"failure_fraction":0.05,"response_headers":["Via"]}
12:23:43.811 [Test worker] DEBUG org.apache.http.headers -- http-outgoing-3 << Connection: keep-alive
12:23:43.811 [Test worker] DEBUG org.apache.http.headers -- http-outgoing-3 << Content-Type: application/json
12:23:43.811 [Test worker] DEBUG org.apache.http.headers -- http-outgoing-3 << Transfer-Encoding: chunked
12:23:43.811 [Test worker] DEBUG org.apache.http.headers -- http-outgoing-3 << Date: Fri, 20 Jun 2025 17:23:44 GMT
12:23:43.811 [Test worker] DEBUG org.apache.http.headers -- http-outgoing-3 << Via: 1.1 vegur
12:23:43.811 [Test worker] DEBUG org.apache.http.impl.execchain.MainClientExec -- Connection can be kept alive indefinitely
12:23:43.811 [Test worker] DEBUG org.apache.http.impl.conn.PoolingHttpClientConnectionManager -- Connection [id: 3][route: {}->http://bp-se-test-cabcd9b246a5.herokuapp.com:80] can be kept alive indefinitely
12:23:43.811 [Test worker] DEBUG org.apache.http.impl.conn.DefaultManagedHttpClientConnection -- http-outgoing-3: set socket timeout to 0
12:23:43.811 [Test worker] DEBUG org.apache.http.impl.conn.PoolingHttpClientConnectionManager -- Connection released: [id: 3][route: {}->http://bp-se-test-cabcd9b246a5.herokuapp.com:80][total available: 1; route allocated: 1 of 5; total allocated: 1 of 10]
12:23:43.811 [Test worker] DEBUG org.apache.http.impl.conn.PoolingHttpClientConnectionManager -- Connection manager is shutting down
12:23:43.811 [Test worker] DEBUG org.apache.http.impl.conn.DefaultManagedHttpClientConnection -- http-outgoing-3: Close connection
12:23:43.811 [Test worker] DEBUG org.apache.http.impl.conn.PoolingHttpClientConnectionManager -- Connection manager shut down
12:23:43.811 [Test worker] DEBUG com.intuit.karate -- response time in milliseconds: 138
1 < 200
1 < Server: Cowboy
1 < Report-To: {"group":"heroku-nel","max_age":3600,"endpoints":[{"url":"https://nel.heroku.com/reports?ts=1750440224&sid=1b10b0ff-8a76-4548-befa-353fc6c6c045&s=R0Eh54W79R3Wz66oTlOvsp2TUxBCr5rU4Qo2gKgL33c%3D"}]}
1 < Reporting-Endpoints: heroku-nel=https://nel.heroku.com/reports?ts=1750440224&sid=1b10b0ff-8a76-4548-befa-353fc6c6c045&s=R0Eh54W79R3Wz66oTlOvsp2TUxBCr5rU4Qo2gKgL33c%3D
1 < Nel: {"report_to":"heroku-nel","max_age":3600,"success_fraction":0.005,"failure_fraction":0.05,"response_headers":["Via"]}
1 < Connection: keep-alive
1 < Content-Type: application/json
1 < Transfer-Encoding: chunked
1 < Date: Fri, 20 Jun 2025 17:23:44 GMT
1 < Via: 1.1 vegur
[{"id":8,"name":"Cat-Man","alterego":"Juan Piguave","description":"Superhéroe de los gatos de gye","powers":["Agilidad","Sentido gatuno","Trepar techos"]},{"id":9,"name":"Dog-Man","alterego":"Juan Lopez","description":"Superhéroe de los perros de uio","powers":["Sentido perruno","Olfatear"]},{"id":13,"name":"Superman","alterego":"Tommy Black","description":"Sobrenarual","powers":["Vuela rapido","Rayos en los ojos"]}]

12:23:43.874 [Test worker] INFO com.intuit.karate -- [print] [
  {
    "id": 8,
    "name": "Cat-Man",
    "alterego": "Juan Piguave",
    "description": "Superhéroe de los gatos de gye",
    "powers": [
      "Agilidad",
      "Sentido gatuno",
      "Trepar techos"
    ]
  },
  {
    "id": 9,
    "name": "Dog-Man",
    "alterego": "Juan Lopez",
    "description": "Superhéroe de los perros de uio",
    "powers": [
      "Sentido perruno",
      "Olfatear"
    ]
  },
  {
    "id": 13,
    "name": "Superman",
    "alterego": "Tommy Black",
    "description": "Sobrenarual",
    "powers": [
      "Vuela rapido",
      "Rayos en los ojos"
    ]
  }
]
 
12:23:43.890 [Test worker] DEBUG org.apache.http.client.protocol.RequestAddCookies -- CookieSpec selected: karate
12:23:43.890 [Test worker] DEBUG org.apache.http.client.protocol.RequestAuthCache -- Auth cache not set in the context
12:23:43.890 [Test worker] DEBUG com.intuit.karate -- request:
1 > GET http://bp-se-test-cabcd9b246a5.herokuapp.com/joseph_marquez_mazzini/api/characters
1 > Host: bp-se-test-cabcd9b246a5.herokuapp.com
1 > Connection: Keep-Alive
1 > User-Agent: Apache-HttpClient/4.5.14 (Java/17.0.12)
1 > Accept-Encoding: gzip,deflate


12:23:43.890 [Test worker] DEBUG org.apache.http.impl.conn.PoolingHttpClientConnectionManager -- Connection request: [route: {}->http://bp-se-test-cabcd9b246a5.herokuapp.com:80][total available: 0; route allocated: 0 of 5; total allocated: 0 of 10]
12:23:43.891 [Test worker] DEBUG org.apache.http.impl.conn.PoolingHttpClientConnectionManager -- Connection leased: [id: 4][route: {}->http://bp-se-test-cabcd9b246a5.herokuapp.com:80][total available: 0; route allocated: 1 of 5; total allocated: 1 of 10]
12:23:43.891 [Test worker] DEBUG org.apache.http.impl.execchain.MainClientExec -- Opening connection {}->http://bp-se-test-cabcd9b246a5.herokuapp.com:80
12:23:43.894 [Test worker] DEBUG org.apache.http.impl.conn.DefaultHttpClientConnectionOperator -- Connecting to bp-se-test-cabcd9b246a5.herokuapp.com/54.165.58.209:80
12:23:43.922 [Test worker] DEBUG org.apache.http.impl.conn.DefaultHttpClientConnectionOperator -- Connection established 192.168.100.103:51272<->54.165.58.209:80
12:23:43.922 [Test worker] DEBUG org.apache.http.impl.conn.DefaultManagedHttpClientConnection -- http-outgoing-4: set socket timeout to 30000
12:23:43.922 [Test worker] DEBUG org.apache.http.impl.execchain.MainClientExec -- Executing request GET /joseph_marquez_mazzini/api/characters HTTP/1.1
12:23:43.922 [Test worker] DEBUG org.apache.http.impl.execchain.MainClientExec -- Target auth state: UNCHALLENGED
12:23:43.922 [Test worker] DEBUG org.apache.http.impl.execchain.MainClientExec -- Proxy auth state: UNCHALLENGED
12:23:43.922 [Test worker] DEBUG org.apache.http.headers -- http-outgoing-4 >> GET /joseph_marquez_mazzini/api/characters HTTP/1.1
12:23:43.922 [Test worker] DEBUG org.apache.http.headers -- http-outgoing-4 >> Host: bp-se-test-cabcd9b246a5.herokuapp.com
12:23:43.922 [Test worker] DEBUG org.apache.http.headers -- http-outgoing-4 >> Connection: Keep-Alive
12:23:43.922 [Test worker] DEBUG org.apache.http.headers -- http-outgoing-4 >> User-Agent: Apache-HttpClient/4.5.14 (Java/17.0.12)
12:23:43.922 [Test worker] DEBUG org.apache.http.headers -- http-outgoing-4 >> Accept-Encoding: gzip,deflate
12:23:43.922 [Test worker] DEBUG org.apache.http.wire -- http-outgoing-4 >> "GET /joseph_marquez_mazzini/api/characters HTTP/1.1[\r][\n]"
12:23:43.922 [Test worker] DEBUG org.apache.http.wire -- http-outgoing-4 >> "Host: bp-se-test-cabcd9b246a5.herokuapp.com[\r][\n]"
12:23:43.922 [Test worker] DEBUG org.apache.http.wire -- http-outgoing-4 >> "Connection: Keep-Alive[\r][\n]"
12:23:43.922 [Test worker] DEBUG org.apache.http.wire -- http-outgoing-4 >> "User-Agent: Apache-HttpClient/4.5.14 (Java/17.0.12)[\r][\n]"
12:23:43.922 [Test worker] DEBUG org.apache.http.wire -- http-outgoing-4 >> "Accept-Encoding: gzip,deflate[\r][\n]"
12:23:43.922 [Test worker] DEBUG org.apache.http.wire -- http-outgoing-4 >> "[\r][\n]"
12:23:44.032 [Test worker] DEBUG org.apache.http.wire -- http-outgoing-4 << "HTTP/1.1 200 [\r][\n]"
12:23:44.033 [Test worker] DEBUG org.apache.http.wire -- http-outgoing-4 << "Server: Cowboy[\r][\n]"
12:23:44.033 [Test worker] DEBUG org.apache.http.wire -- http-outgoing-4 << "Report-To: {"group":"heroku-nel","max_age":3600,"endpoints":[{"url":"https://nel.heroku.com/reports?ts=1750440225&sid=1b10b0ff-8a76-4548-befa-353fc6c6c045&s=wra84pYjyhPxevLXwdBDl2EIJoIe5zfhRf8vUqdboQ8%3D"}]}[\r][\n]"
12:23:44.033 [Test worker] DEBUG org.apache.http.wire -- http-outgoing-4 << "Reporting-Endpoints: heroku-nel=https://nel.heroku.com/reports?ts=1750440225&sid=1b10b0ff-8a76-4548-befa-353fc6c6c045&s=wra84pYjyhPxevLXwdBDl2EIJoIe5zfhRf8vUqdboQ8%3D[\r][\n]"
12:23:44.033 [Test worker] DEBUG org.apache.http.wire -- http-outgoing-4 << "Nel: {"report_to":"heroku-nel","max_age":3600,"success_fraction":0.005,"failure_fraction":0.05,"response_headers":["Via"]}[\r][\n]"
12:23:44.033 [Test worker] DEBUG org.apache.http.wire -- http-outgoing-4 << "Connection: keep-alive[\r][\n]"
12:23:44.033 [Test worker] DEBUG org.apache.http.wire -- http-outgoing-4 << "Content-Type: application/json[\r][\n]"
12:23:44.033 [Test worker] DEBUG org.apache.http.wire -- http-outgoing-4 << "Transfer-Encoding: chunked[\r][\n]"
12:23:44.033 [Test worker] DEBUG org.apache.http.wire -- http-outgoing-4 << "Date: Fri, 20 Jun 2025 17:23:45 GMT[\r][\n]"
12:23:44.033 [Test worker] DEBUG org.apache.http.wire -- http-outgoing-4 << "Via: 1.1 vegur[\r][\n]"
12:23:44.033 [Test worker] DEBUG org.apache.http.wire -- http-outgoing-4 << "[\r][\n]"
12:23:44.033 [Test worker] DEBUG org.apache.http.wire -- http-outgoing-4 << "1a6[\r][\n]"
12:23:44.033 [Test worker] DEBUG org.apache.http.wire -- http-outgoing-4 << "[{"id":8,"name":"Cat-Man","alterego":"Juan Piguave","description":"Superh[0xc3][0xa9]roe de los gatos de gye","powers":["Agilidad","Sentido gatuno","Trepar techos"]},{"id":9,"name":"Dog-Man","alterego":"Juan Lopez","description":"Superh[0xc3][0xa9]roe de los perros de uio","powers":["Sentido perruno","Olfatear"]},{"id":13,"name":"Superman","alterego":"Tommy Black","description":"Sobrenarual","powers":["Vuela rapido","Rayos en los ojos"]}][\r][\n]"
12:23:44.033 [Test worker] DEBUG org.apache.http.wire -- http-outgoing-4 << "0[\r][\n]"
12:23:44.033 [Test worker] DEBUG org.apache.http.wire -- http-outgoing-4 << "[\r][\n]"
12:23:44.033 [Test worker] DEBUG org.apache.http.headers -- http-outgoing-4 << HTTP/1.1 200 
12:23:44.033 [Test worker] DEBUG org.apache.http.headers -- http-outgoing-4 << Server: Cowboy
12:23:44.033 [Test worker] DEBUG org.apache.http.headers -- http-outgoing-4 << Report-To: {"group":"heroku-nel","max_age":3600,"endpoints":[{"url":"https://nel.heroku.com/reports?ts=1750440225&sid=1b10b0ff-8a76-4548-befa-353fc6c6c045&s=wra84pYjyhPxevLXwdBDl2EIJoIe5zfhRf8vUqdboQ8%3D"}]}
12:23:44.033 [Test worker] DEBUG org.apache.http.headers -- http-outgoing-4 << Reporting-Endpoints: heroku-nel=https://nel.heroku.com/reports?ts=1750440225&sid=1b10b0ff-8a76-4548-befa-353fc6c6c045&s=wra84pYjyhPxevLXwdBDl2EIJoIe5zfhRf8vUqdboQ8%3D
12:23:44.033 [Test worker] DEBUG org.apache.http.headers -- http-outgoing-4 << Nel: {"report_to":"heroku-nel","max_age":3600,"success_fraction":0.005,"failure_fraction":0.05,"response_headers":["Via"]}
12:23:44.033 [Test worker] DEBUG org.apache.http.headers -- http-outgoing-4 << Connection: keep-alive
12:23:44.033 [Test worker] DEBUG org.apache.http.headers -- http-outgoing-4 << Content-Type: application/json
12:23:44.033 [Test worker] DEBUG org.apache.http.headers -- http-outgoing-4 << Transfer-Encoding: chunked
12:23:44.033 [Test worker] DEBUG org.apache.http.headers -- http-outgoing-4 << Date: Fri, 20 Jun 2025 17:23:45 GMT
12:23:44.033 [Test worker] DEBUG org.apache.http.headers -- http-outgoing-4 << Via: 1.1 vegur
12:23:44.033 [Test worker] DEBUG org.apache.http.impl.execchain.MainClientExec -- Connection can be kept alive indefinitely
12:23:44.034 [Test worker] DEBUG org.apache.http.impl.conn.PoolingHttpClientConnectionManager -- Connection [id: 4][route: {}->http://bp-se-test-cabcd9b246a5.herokuapp.com:80] can be kept alive indefinitely
[...]
[THYMELEAF]             * [* {th:sizes,data-th-sizes}] [1000]: org.thymeleaf.standard.processor.StandardRemovableAttributeTagProcessor
[THYMELEAF]             * [* {th:rel,data-th-rel}] [1000]: org.thymeleaf.standard.processor.StandardRemovableAttributeTagProcessor
[THYMELEAF]             * [* {th:class,data-th-class}] [1000]: org.thymeleaf.standard.processor.StandardRemovableAttributeTagProcessor
[THYMELEAF]             * [* {th:abbr,data-th-abbr}] [1000]: org.thymeleaf.standard.processor.StandardRemovableAttributeTagProcessor
[THYMELEAF]             * [* {th:placeholder,data-th-placeholder}] [1000]: org.thymeleaf.standard.processor.StandardRemovableAttributeTagProcessor
[THYMELEAF]             * [* {th:scheme,data-th-scheme}] [1000]: org.thymeleaf.standard.processor.StandardRemovableAttributeTagProcessor
[THYMELEAF]             * [* {th:enctype,data-th-enctype}] [1000]: org.thymeleaf.standard.processor.StandardRemovableAttributeTagProcessor
[THYMELEAF]             * [* {th:maxlength,data-th-maxlength}] [1000]: org.thymeleaf.standard.processor.StandardRemovableAttributeTagProcessor
[THYMELEAF]             * [* {th:formtarget,data-th-formtarget}] [1000]: org.thymeleaf.standard.processor.StandardRemovableAttributeTagProcessor
[THYMELEAF]             * [* {th:longdesc,data-th-longdesc}] [1000]: org.thymeleaf.standard.processor.StandardRemovableAttributeTagProcessor
[THYMELEAF]             * [* {th:challenge,data-th-challenge}] [1000]: org.thymeleaf.standard.processor.StandardRemovableAttributeTagProcessor
[THYMELEAF]             * [* {th:rowspan,data-th-rowspan}] [1000]: org.thymeleaf.standard.processor.StandardRemovableAttributeTagProcessor
[THYMELEAF]             * [* {th:contenteditable,data-th-contenteditable}] [1000]: org.thymeleaf.standard.processor.StandardRemovableAttributeTagProcessor
[THYMELEAF]             * [* {th:icon,data-th-icon}] [1000]: org.thymeleaf.standard.processor.StandardRemovableAttributeTagProcessor
[THYMELEAF]             * [* {th:scope,data-th-scope}] [1000]: org.thymeleaf.standard.processor.StandardRemovableAttributeTagProcessor
[THYMELEAF]             * [* {th:marginheight,data-th-marginheight}] [1000]: org.thymeleaf.standard.processor.StandardRemovableAttributeTagProcessor
[THYMELEAF]             * [* {th:colspan,data-th-colspan}] [1000]: org.thymeleaf.standard.processor.StandardRemovableAttributeTagProcessor
[THYMELEAF]             * [* {th:data,data-th-data}] [1000]: org.thymeleaf.standard.processor.StandardRemovableAttributeTagProcessor
[THYMELEAF]             * [* {th:usemap,data-th-usemap}] [1000]: org.thymeleaf.standard.processor.StandardRemovableAttributeTagProcessor
[THYMELEAF]             * [* {th:radiogroup,data-th-radiogroup}] [1000]: org.thymeleaf.standard.processor.StandardRemovableAttributeTagProcessor
[THYMELEAF]             * [* {th:media,data-th-media}] [1000]: org.thymeleaf.standard.processor.StandardRemovableAttributeTagProcessor
[THYMELEAF]             * [* {th:marginwidth,data-th-marginwidth}] [1000]: org.thymeleaf.standard.processor.StandardRemovableAttributeTagProcessor
[THYMELEAF]             * [* {th:pattern,data-th-pattern}] [1000]: org.thymeleaf.standard.processor.StandardRemovableAttributeTagProcessor
[THYMELEAF]             * [* {th:background,data-th-background}] [1000]: org.thymeleaf.standard.processor.StandardRemovableAttributeTagProcessor
[THYMELEAF]             * [* {th:formenctype,data-th-formenctype}] [1000]: org.thymeleaf.standard.processor.StandardRemovableAttributeTagProcessor
[THYMELEAF]             * [* {th:width,data-th-width}] [1000]: org.thymeleaf.standard.processor.StandardRemovableAttributeTagProcessor
[THYMELEAF]             * [* {th:wrap,data-th-wrap}] [1000]: org.thymeleaf.standard.processor.StandardRemovableAttributeTagProcessor
[THYMELEAF]             * [* {th:codetype,data-th-codetype}] [1000]: org.thymeleaf.standard.processor.StandardRemovableAttributeTagProcessor
[THYMELEAF]             * [* {th:content,data-th-content}] [1000]: org.thymeleaf.standard.processor.StandardRemovableAttributeTagProcessor
[THYMELEAF]             * [* {th:spellcheck,data-th-spellcheck}] [1000]: org.thymeleaf.standard.processor.StandardRemovableAttributeTagProcessor
[THYMELEAF]             * [* {th:formaction,data-th-formaction}] [1000]: org.thymeleaf.standard.processor.StandardRemovableAttributeTagProcessor
[THYMELEAF]             * [* {th:low,data-th-low}] [1000]: org.thymeleaf.standard.processor.StandardRemovableAttributeTagProcessor
[THYMELEAF]             * [* {th:kind,data-th-kind}] [1000]: org.thymeleaf.standard.processor.StandardRemovableAttributeTagProcessor
[THYMELEAF]             * [* {th:cols,data-th-cols}] [1000]: org.thymeleaf.standard.processor.StandardRemovableAttributeTagProcessor
[THYMELEAF]             * [* {th:accept,data-th-accept}] [1000]: org.thymeleaf.standard.processor.StandardRemovableAttributeTagProcessor
[THYMELEAF]             * [* {th:keytype,data-th-keytype}] [1000]: org.thymeleaf.standard.processor.StandardRemovableAttributeTagProcessor
[THYMELEAF]             * [* {th:valuetype,data-th-valuetype}] [1000]: org.thymeleaf.standard.processor.StandardRemovableAttributeTagProcessor
[THYMELEAF]             * [* {th:preload,data-th-preload}] [1000]: org.thymeleaf.standard.processor.StandardRemovableAttributeTagProcessor
[THYMELEAF]             * [* {th:src,data-th-src}] [1000]: org.thymeleaf.standard.processor.StandardSrcTagProcessor
[THYMELEAF]             * [* {th:value,data-th-value}] [1000]: org.thymeleaf.standard.processor.StandardValueTagProcessor
[THYMELEAF]             * [* {th:xmlbase,data-th-xmlbase}] [1000]: org.thymeleaf.standard.processor.StandardXmlBaseTagProcessor
[THYMELEAF]             * [* {th:xmllang,data-th-xmllang}] [1000]: org.thymeleaf.standard.processor.StandardXmlLangTagProcessor
[THYMELEAF]             * [* {xmlns:th}] [1000]: org.thymeleaf.standard.processor.StandardXmlNsTagProcessor
[THYMELEAF]             * [* {th:xmlspace,data-th-xmlspace}] [1000]: org.thymeleaf.standard.processor.StandardXmlSpaceTagProcessor
[THYMELEAF]             * [* {th:classappend,data-th-classappend}] [1100]: org.thymeleaf.standard.processor.StandardClassappendTagProcessor
[THYMELEAF]             * [* {th:styleappend,data-th-styleappend}] [1100]: org.thymeleaf.standard.processor.StandardStyleappendTagProcessor
[THYMELEAF]             * [* {th:text,data-th-text}] [1300]: org.thymeleaf.standard.processor.StandardTextTagProcessor
[THYMELEAF]             * [* {th:utext,data-th-utext}] [1400]: org.thymeleaf.standard.processor.StandardUtextTagProcessor
[THYMELEAF]             * [* {th:fragment,data-th-fragment}] [1500]: org.thymeleaf.standard.processor.StandardFragmentTagProcessor
[THYMELEAF]             * [* {th:assert,data-th-assert}] [1550]: org.thymeleaf.standard.processor.StandardAssertTagProcessor
[THYMELEAF]             * [* {th:remove,data-th-remove}] [1600]: org.thymeleaf.standard.processor.StandardRemoveTagProcessor
[THYMELEAF]             * [* {th:ref,data-th-ref}] [10000]: org.thymeleaf.standard.processor.StandardRefAttributeTagProcessor
[THYMELEAF]             * [{th:block,th-block} *] [100000]: org.thymeleaf.standard.processor.StandardBlockTagProcessor
[THYMELEAF]             * [* th:*] [2147483647]: org.thymeleaf.standard.processor.StandardDefaultAttributesTagProcessor
[THYMELEAF]         * Text Processors by [precedence]:
[THYMELEAF]             * [1000]: org.thymeleaf.standard.processor.StandardInliningTextProcessor
[THYMELEAF]         * DOCTYPE Processors by [precedence]:
[THYMELEAF]             * [1000]: org.thymeleaf.standard.processor.StandardTranslationDocTypeProcessor
[THYMELEAF]         * CDATA Section Processors by [precedence]:
[THYMELEAF]             * [1000]: org.thymeleaf.standard.processor.StandardInliningCDATASectionProcessor
[THYMELEAF]         * Comment Processors by [precedence]:
[THYMELEAF]             * [1000]: org.thymeleaf.standard.processor.StandardInliningCommentProcessor
[THYMELEAF]             * [1100]: org.thymeleaf.standard.processor.StandardConditionalCommentProcessor
[THYMELEAF]     * Processors for Template Mode: XML
[THYMELEAF]         * Element Tag Processors by [matching element and attribute name] [precedence]:
[THYMELEAF]             * [* {th:include}] [100]: org.thymeleaf.standard.processor.StandardIncludeTagProcessor
[THYMELEAF]             * [* {th:insert}] [100]: org.thymeleaf.standard.processor.StandardInsertTagProcessor
[THYMELEAF]             * [* {th:replace}] [100]: org.thymeleaf.standard.processor.StandardReplaceTagProcessor
[THYMELEAF]             * [* {th:each}] [200]: com.intuit.karate.template.KarateEachTagProcessor
[THYMELEAF]             * [* {th:switch}] [250]: org.thymeleaf.standard.processor.StandardSwitchTagProcessor
[THYMELEAF]             * [* {th:case}] [275]: org.thymeleaf.standard.processor.StandardCaseTagProcessor
[THYMELEAF]             * [* {th:if}] [300]: org.thymeleaf.standard.processor.StandardIfTagProcessor
[THYMELEAF]             * [* {th:unless}] [400]: org.thymeleaf.standard.processor.StandardUnlessTagProcessor
[THYMELEAF]             * [* {th:object}] [500]: org.thymeleaf.standard.processor.StandardObjectTagProcessor
[THYMELEAF]             * [* {th:with}] [600]: com.intuit.karate.template.KarateWithTagProcessor
[THYMELEAF]             * [* {th:attr}] [700]: com.intuit.karate.template.KarateAttributeTagProcessor.KarateAttrTagProcessor
[THYMELEAF]             * [* {th:attrappend}] [900]: com.intuit.karate.template.KarateAttributeTagProcessor.KarateAttrappendTagProcessor
[THYMELEAF]             * [* {th:attrprepend}] [900]: com.intuit.karate.template.KarateAttributeTagProcessor.KarateAttrprependTagProcessor
[THYMELEAF]             * [* {th:inline}] [1000]: org.thymeleaf.standard.processor.StandardInlineXMLTagProcessor
[THYMELEAF]             * [* {xmlns:th}] [1000]: org.thymeleaf.standard.processor.StandardXmlNsTagProcessor
[THYMELEAF]             * [* {th:text}] [1300]: org.thymeleaf.standard.processor.StandardTextTagProcessor
[THYMELEAF]             * [* {th:utext}] [1400]: org.thymeleaf.standard.processor.StandardUtextTagProcessor
[THYMELEAF]             * [* {th:fragment}] [1500]: org.thymeleaf.standard.processor.StandardFragmentTagProcessor
[THYMELEAF]             * [* {th:assert}] [1550]: org.thymeleaf.standard.processor.StandardAssertTagProcessor
[THYMELEAF]             * [* {th:remove}] [1600]: org.thymeleaf.standard.processor.StandardRemoveTagProcessor
[THYMELEAF]             * [* {th:ref}] [10000]: org.thymeleaf.standard.processor.StandardRefAttributeTagProcessor
[THYMELEAF]             * [{th:block} *] [100000]: org.thymeleaf.standard.processor.StandardBlockTagProcessor
[THYMELEAF]             * [* th:*] [2147483647]: org.thymeleaf.standard.processor.StandardDefaultAttributesTagProcessor
[THYMELEAF]         * Text Processors by [precedence]:
[THYMELEAF]             * [1000]: org.thymeleaf.standard.processor.StandardInliningTextProcessor
[THYMELEAF]         * CDATA Section Processors by [precedence]:
[THYMELEAF]             * [1000]: org.thymeleaf.standard.processor.StandardInliningCDATASectionProcessor
[THYMELEAF]         * Comment Processors by [precedence]:
[THYMELEAF]             * [1000]: org.thymeleaf.standard.processor.StandardInliningCommentProcessor
[THYMELEAF]     * Processors for Template Mode: TEXT
[THYMELEAF]         * Element Tag Processors by [matching element and attribute name] [precedence]:
[THYMELEAF]             * [* {th:insert}] [100]: org.thymeleaf.standard.processor.StandardInsertTagProcessor
[THYMELEAF]             * [* {th:replace}] [100]: org.thymeleaf.standard.processor.StandardReplaceTagProcessor
[THYMELEAF]             * [* {th:each}] [200]: com.intuit.karate.template.KarateEachTagProcessor
[THYMELEAF]             * [* {th:switch}] [250]: org.thymeleaf.standard.processor.StandardSwitchTagProcessor
[THYMELEAF]             * [* {th:case}] [275]: org.thymeleaf.standard.processor.StandardCaseTagProcessor
[THYMELEAF]             * [* {th:if}] [300]: org.thymeleaf.standard.processor.StandardIfTagProcessor
[THYMELEAF]             * [* {th:unless}] [400]: org.thymeleaf.standard.processor.StandardUnlessTagProcessor
[THYMELEAF]             * [* {th:object}] [500]: org.thymeleaf.standard.processor.StandardObjectTagProcessor
[THYMELEAF]             * [* {th:with}] [600]: com.intuit.karate.template.KarateWithTagProcessor
[THYMELEAF]             * [* {th:inline}] [1000]: org.thymeleaf.standard.processor.StandardInlineTextualTagProcessor
[THYMELEAF]             * [* {th:text}] [1300]: org.thymeleaf.standard.processor.StandardTextTagProcessor
[THYMELEAF]             * [* {th:utext}] [1400]: org.thymeleaf.standard.processor.StandardUtextTagProcessor
[THYMELEAF]             * [* {th:assert}] [1550]: org.thymeleaf.standard.processor.StandardAssertTagProcessor
[THYMELEAF]             * [* {th:remove}] [1600]: org.thymeleaf.standard.processor.StandardRemoveTagProcessor
[THYMELEAF]             * [{th:block} *] [100000]: org.thymeleaf.standard.processor.StandardBlockTagProcessor
[THYMELEAF]             * [* 100000] [org.thymeleaf.standard.processor.StandardBlockTagProcessor]: {}
[THYMELEAF]         * Text Processors by [precedence]:
[THYMELEAF]             * [1000]: org.thymeleaf.standard.processor.StandardInliningTextProcessor
[THYMELEAF]     * Processors for Template Mode: JAVASCRIPT
[THYMELEAF]         * Element Tag Processors by [matching element and attribute name] [precedence]:
[THYMELEAF]             * [* {th:insert}] [100]: org.thymeleaf.standard.processor.StandardInsertTagProcessor
[THYMELEAF]             * [* {th:replace}] [100]: org.thymeleaf.standard.processor.StandardReplaceTagProcessor
[THYMELEAF]             * [* {th:each}] [200]: com.intuit.karate.template.KarateEachTagProcessor
[THYMELEAF]             * [* {th:switch}] [250]: org.thymeleaf.standard.processor.StandardSwitchTagProcessor
[THYMELEAF]             * [* {th:case}] [275]: org.thymeleaf.standard.processor.StandardCaseTagProcessor
[THYMELEAF]             * [* {th:if}] [300]: org.thymeleaf.standard.processor.StandardIfTagProcessor
[THYMELEAF]             * [* {th:unless}] [400]: org.thymeleaf.standard.processor.StandardUnlessTagProcessor
[THYMELEAF]             * [* {th:object}] [500]: org.thymeleaf.standard.processor.StandardObjectTagProcessor
[THYMELEAF]             * [* {th:with}] [600]: com.intuit.karate.template.KarateWithTagProcessor
[THYMELEAF]             * [* {th:inline}] [1000]: org.thymeleaf.standard.processor.StandardInlineTextualTagProcessor
[THYMELEAF]             * [* {th:text}] [1300]: org.thymeleaf.standard.processor.StandardTextTagProcessor
[THYMELEAF]             * [* {th:utext}] [1400]: org.thymeleaf.standard.processor.StandardUtextTagProcessor
[THYMELEAF]             * [* {th:assert}] [1550]: org.thymeleaf.standard.processor.StandardAssertTagProcessor
[THYMELEAF]             * [* {th:remove}] [1600]: org.thymeleaf.standard.processor.StandardRemoveTagProcessor
[THYMELEAF]             * [* 100000] [org.thymeleaf.standard.processor.StandardBlockTagProcessor]: {}
[THYMELEAF]             * [{th:block} *] [100000]: org.thymeleaf.standard.processor.StandardBlockTagProcessor
[THYMELEAF]         * Text Processors by [precedence]:
[THYMELEAF]             * [1000]: org.thymeleaf.standard.processor.StandardInliningTextProcessor
[THYMELEAF]     * Processors for Template Mode: CSS
[THYMELEAF]         * Element Tag Processors by [matching element and attribute name] [precedence]:
[THYMELEAF]             * [* {th:insert}] [100]: org.thymeleaf.standard.processor.StandardInsertTagProcessor
[THYMELEAF]             * [* {th:replace}] [100]: org.thymeleaf.standard.processor.StandardReplaceTagProcessor
[THYMELEAF]             * [* {th:each}] [200]: com.intuit.karate.template.KarateEachTagProcessor
[THYMELEAF]             * [* {th:switch}] [250]: org.thymeleaf.standard.processor.StandardSwitchTagProcessor
[THYMELEAF]             * [* {th:case}] [275]: org.thymeleaf.standard.processor.StandardCaseTagProcessor
[THYMELEAF]             * [* {th:if}] [300]: org.thymeleaf.standard.processor.StandardIfTagProcessor
[THYMELEAF]             * [* {th:unless}] [400]: org.thymeleaf.standard.processor.StandardUnlessTagProcessor
[THYMELEAF]             * [* {th:object}] [500]: org.thymeleaf.standard.processor.StandardObjectTagProcessor
[THYMELEAF]             * [* {th:with}] [600]: com.intuit.karate.template.KarateWithTagProcessor
[THYMELEAF]             * [* {th:inline}] [1000]: org.thymeleaf.standard.processor.StandardInlineTextualTagProcessor
[THYMELEAF]             * [* {th:text}] [1300]: org.thymeleaf.standard.processor.StandardTextTagProcessor
[THYMELEAF]             * [* {th:utext}] [1400]: org.thymeleaf.standard.processor.StandardUtextTagProcessor
[THYMELEAF]             * [* {th:assert}] [1550]: org.thymeleaf.standard.processor.StandardAssertTagProcessor
[THYMELEAF]             * [* {th:remove}] [1600]: org.thymeleaf.standard.processor.StandardRemoveTagProcessor
[THYMELEAF]             * [* 100000] [org.thymeleaf.standard.processor.StandardBlockTagProcessor]: {}
[THYMELEAF]             * [{th:block} *] [100000]: org.thymeleaf.standard.processor.StandardBlockTagProcessor
[THYMELEAF]         * Text Processors by [precedence]:
[THYMELEAF]             * [1000]: org.thymeleaf.standard.processor.StandardInliningTextProcessor
[THYMELEAF]     * Expression Objects:
[THYMELEAF]         * #ctx
[THYMELEAF]         * #root
[THYMELEAF]         * #vars
[THYMELEAF]         * #object
[THYMELEAF]         * #locale
[THYMELEAF]         * #conversions
[THYMELEAF]         * #uris
[THYMELEAF]         * #temporals
[THYMELEAF]         * #calendars
[THYMELEAF]         * #dates
[THYMELEAF]         * #bools
[THYMELEAF]         * #numbers
[THYMELEAF]         * #objects
[THYMELEAF]         * #strings
[THYMELEAF]         * #arrays
[THYMELEAF]         * #lists
[THYMELEAF]         * #sets
[THYMELEAF]         * #maps
[THYMELEAF]         * #aggregates
[THYMELEAF]         * #messages
[THYMELEAF]         * #ids
[THYMELEAF]         * #execInfo
[THYMELEAF]         * #request
[THYMELEAF]         * #response
[THYMELEAF]         * #session
[THYMELEAF]         * #servletContext
[THYMELEAF]     * Execution Attributes:
[THYMELEAF]         * "StandardExpressionParser": com.intuit.karate.template.KarateStandardDialect@3a72e2e8
[THYMELEAF]         * "StandardJavaScriptSerializer": org.thymeleaf.standard.serializer.StandardJavaScriptSerializer@35fb3209
[THYMELEAF]         * "StandardCSSSerializer": org.thymeleaf.standard.serializer.StandardCSSSerializer@5855b0ed
[THYMELEAF]         * "StandardVariableExpressionEvaluator": com.intuit.karate.template.KarateStandardDialect@3a72e2e8
[THYMELEAF]         * "StandardConversionService": org.thymeleaf.standard.expression.StandardConversionService@92fd091
[THYMELEAF] * Dialect [2 of 2]: karate (com.intuit.karate.template.KarateScriptDialect)
[THYMELEAF]     * Prefix: "ka"
[THYMELEAF]     * Processors for Template Mode: HTML
[THYMELEAF]         * Element Tag Processors by [matching element and attribute name] [precedence]:
[THYMELEAF]             * [* {src}] [1000]: com.intuit.karate.template.KaScriptAttrProcessor
[THYMELEAF]         * Element Model Processors by [matching element and attribute name] [precedence]:
[THYMELEAF]             * [{script} {ka:scope,data-ka-scope}] [1000]: com.intuit.karate.template.KaScriptElemProcessor
[THYMELEAF]             * [* {ka:set,data-ka-set}] [1000]: com.intuit.karate.template.KaSetElemProcessor
[THYMELEAF] TEMPLATE ENGINE CONFIGURED OK
12:23:46.272 [Test worker] DEBUG org.thymeleaf.TemplateEngine -- [THYMELEAF] TEMPLATE ENGINE INITIALIZED

HTML report: (paste into browser to view) | Karate version: 1.4.1
file:///C:/Users/jmarqmaz/Downloads/EVALUACION%20CHAPTER/test-automatisation-base/build/karate-reports/karate-summary.html
===================================================================

]]></system-out>
  <system-err><![CDATA[]]></system-err>
</testsuite>
