<?xml version="1.0" encoding="UTF-8"?>
<testsuite name="KarateBasicTest" tests="10" skipped="0" failures="0" errors="0" timestamp="2025-06-20T17:04:31" hostname="NTTD-1JNC1F3" time="4.272">
  <properties/>
  <testcase name="[1:8] Crear personaje (exitoso)" classname="KarateBasicTest" time="1.633"/>
  <testcase name="[2:27] Crear personaje (nombre duplicado)" classname="KarateBasicTest" time="0.18"/>
  <testcase name="[3:44] Crear personaje (faltan campos requeridos)" classname="KarateBasicTest" time="0.165"/>
  <testcase name="[4:63] Obtener todos los personajes" classname="KarateBasicTest" time="0.207"/>
  <testcase name="[5:69] Obtener personaje por ID (exitoso)" classname="KarateBasicTest" time="0.294"/>
  <testcase name="[6:78] Obtener personaje por ID (no existe)" classname="KarateBasicTest" time="0.157"/>
  <testcase name="[7:84] Actualizar personaje (exitoso)" classname="KarateBasicTest" time="0.156"/>
  <testcase name="[8:103] Actualizar personaje (no existe)" classname="KarateBasicTest" time="0.152"/>
  <testcase name="[9:119] Eliminar personaje (exitoso)" classname="KarateBasicTest" time="0.147"/>
  <testcase name="[10:124] Eliminar personaje (no existe)" classname="KarateBasicTest" time="1.163"/>
  <system-out><![CDATA[12:04:32.580 [Test worker] DEBUG com.jayway.jsonpath.internal.path.CompiledPath -- Evaluating path: $
12:04:32.639 [Test worker] DEBUG io.netty.util.internal.logging.InternalLoggerFactory -- Using SLF4J as the default logging framework
12:04:32.642 [Test worker] DEBUG io.netty.util.internal.PlatformDependent0 -- -Dio.netty.noUnsafe: false
12:04:32.642 [Test worker] DEBUG io.netty.util.internal.PlatformDependent0 -- Java version: 17
12:04:32.643 [Test worker] DEBUG io.netty.util.internal.PlatformDependent0 -- sun.misc.Unsafe.theUnsafe: available
12:04:32.644 [Test worker] DEBUG io.netty.util.internal.PlatformDependent0 -- sun.misc.Unsafe.copyMemory: available
12:04:32.644 [Test worker] DEBUG io.netty.util.internal.PlatformDependent0 -- sun.misc.Unsafe.storeFence: available
12:04:32.645 [Test worker] DEBUG io.netty.util.internal.PlatformDependent0 -- java.nio.Buffer.address: available
12:04:32.646 [Test worker] DEBUG io.netty.util.internal.PlatformDependent0 -- direct buffer constructor: unavailable: Reflective setAccessible(true) disabled
12:04:32.646 [Test worker] DEBUG io.netty.util.internal.PlatformDependent0 -- java.nio.Bits.unaligned: available, true
12:04:32.647 [Test worker] DEBUG io.netty.util.internal.PlatformDependent0 -- jdk.internal.misc.Unsafe.allocateUninitializedArray(int): unavailable: class io.netty.util.internal.PlatformDependent0$7 cannot access class jdk.internal.misc.Unsafe (in module java.base) because module java.base does not export jdk.internal.misc to unnamed module @f5acb9d
12:04:32.648 [Test worker] DEBUG io.netty.util.internal.PlatformDependent0 -- java.nio.DirectByteBuffer.<init>(long, {int,long}): unavailable
12:04:32.648 [Test worker] DEBUG io.netty.util.internal.PlatformDependent -- sun.misc.Unsafe: available
12:04:32.664 [Test worker] DEBUG io.netty.util.internal.PlatformDependent -- maxDirectMemory: 536870912 bytes (maybe)
12:04:32.664 [Test worker] DEBUG io.netty.util.internal.PlatformDependent -- -Dio.netty.tmpdir: C:\Users\jmarqmaz\AppData\Local\Temp (java.io.tmpdir)
12:04:32.664 [Test worker] DEBUG io.netty.util.internal.PlatformDependent -- -Dio.netty.bitMode: 64 (sun.arch.data.model)
12:04:32.664 [Test worker] DEBUG io.netty.util.internal.PlatformDependent -- Platform: Windows
12:04:32.665 [Test worker] DEBUG io.netty.util.internal.PlatformDependent -- -Dio.netty.maxDirectMemory: -1 bytes
12:04:32.665 [Test worker] DEBUG io.netty.util.internal.PlatformDependent -- -Dio.netty.uninitializedArrayAllocationThreshold: -1
12:04:32.665 [Test worker] DEBUG io.netty.util.internal.CleanerJava9 -- java.nio.ByteBuffer.cleaner(): available
12:04:32.665 [Test worker] DEBUG io.netty.util.internal.PlatformDependent -- -Dio.netty.noPreferDirect: false
12:04:32.735 [Test worker] DEBUG org.apache.http.client.protocol.RequestAddCookies -- CookieSpec selected: karate
12:04:32.741 [Test worker] DEBUG org.apache.http.client.protocol.RequestAuthCache -- Auth cache not set in the context
12:04:32.743 [Test worker] DEBUG com.intuit.karate -- request:
1 > POST http://bp-se-test-cabcd9b246a5.herokuapp.com/joseph_marquez_mazzini/api/characters
1 > Content-Type: application/json; charset=UTF-8
1 > Content-Length: 118
1 > Host: bp-se-test-cabcd9b246a5.herokuapp.com
1 > Connection: Keep-Alive
1 > User-Agent: Apache-HttpClient/4.5.14 (Java/17.0.12)
1 > Accept-Encoding: gzip,deflate
{"name":"Superman","alterego":"Tommy Black","description":"Sobrenarual","powers":["Vuela rapido","Rayos en los ojos"]}

12:04:32.744 [Test worker] DEBUG org.apache.http.impl.conn.PoolingHttpClientConnectionManager -- Connection request: [route: {}->http://bp-se-test-cabcd9b246a5.herokuapp.com:80][total available: 0; route allocated: 0 of 5; total allocated: 0 of 10]
12:04:32.752 [Test worker] DEBUG org.apache.http.impl.conn.PoolingHttpClientConnectionManager -- Connection leased: [id: 0][route: {}->http://bp-se-test-cabcd9b246a5.herokuapp.com:80][total available: 0; route allocated: 1 of 5; total allocated: 1 of 10]
12:04:32.753 [Test worker] DEBUG org.apache.http.impl.execchain.MainClientExec -- Opening connection {}->http://bp-se-test-cabcd9b246a5.herokuapp.com:80
12:04:32.902 [Test worker] DEBUG org.apache.http.impl.conn.DefaultHttpClientConnectionOperator -- Connecting to bp-se-test-cabcd9b246a5.herokuapp.com/54.165.58.209:80
12:04:32.928 [Test worker] DEBUG org.apache.http.impl.conn.DefaultHttpClientConnectionOperator -- Connection established 192.168.100.103:58768<->54.165.58.209:80
12:04:32.930 [Test worker] DEBUG org.apache.http.impl.conn.DefaultManagedHttpClientConnection -- http-outgoing-0: set socket timeout to 30000
12:04:32.930 [Test worker] DEBUG org.apache.http.impl.execchain.MainClientExec -- Executing request POST /joseph_marquez_mazzini/api/characters HTTP/1.1
12:04:32.930 [Test worker] DEBUG org.apache.http.impl.execchain.MainClientExec -- Target auth state: UNCHALLENGED
12:04:32.930 [Test worker] DEBUG org.apache.http.impl.execchain.MainClientExec -- Proxy auth state: UNCHALLENGED
12:04:32.931 [Test worker] DEBUG org.apache.http.headers -- http-outgoing-0 >> POST /joseph_marquez_mazzini/api/characters HTTP/1.1
12:04:32.931 [Test worker] DEBUG org.apache.http.headers -- http-outgoing-0 >> Content-Type: application/json; charset=UTF-8
12:04:32.931 [Test worker] DEBUG org.apache.http.headers -- http-outgoing-0 >> Content-Length: 118
12:04:32.931 [Test worker] DEBUG org.apache.http.headers -- http-outgoing-0 >> Host: bp-se-test-cabcd9b246a5.herokuapp.com
12:04:32.931 [Test worker] DEBUG org.apache.http.headers -- http-outgoing-0 >> Connection: Keep-Alive
12:04:32.931 [Test worker] DEBUG org.apache.http.headers -- http-outgoing-0 >> User-Agent: Apache-HttpClient/4.5.14 (Java/17.0.12)
12:04:32.931 [Test worker] DEBUG org.apache.http.headers -- http-outgoing-0 >> Accept-Encoding: gzip,deflate
12:04:32.932 [Test worker] DEBUG org.apache.http.wire -- http-outgoing-0 >> "POST /joseph_marquez_mazzini/api/characters HTTP/1.1[\r][\n]"
12:04:32.932 [Test worker] DEBUG org.apache.http.wire -- http-outgoing-0 >> "Content-Type: application/json; charset=UTF-8[\r][\n]"
12:04:32.932 [Test worker] DEBUG org.apache.http.wire -- http-outgoing-0 >> "Content-Length: 118[\r][\n]"
12:04:32.932 [Test worker] DEBUG org.apache.http.wire -- http-outgoing-0 >> "Host: bp-se-test-cabcd9b246a5.herokuapp.com[\r][\n]"
12:04:32.932 [Test worker] DEBUG org.apache.http.wire -- http-outgoing-0 >> "Connection: Keep-Alive[\r][\n]"
12:04:32.932 [Test worker] DEBUG org.apache.http.wire -- http-outgoing-0 >> "User-Agent: Apache-HttpClient/4.5.14 (Java/17.0.12)[\r][\n]"
12:04:32.932 [Test worker] DEBUG org.apache.http.wire -- http-outgoing-0 >> "Accept-Encoding: gzip,deflate[\r][\n]"
12:04:32.932 [Test worker] DEBUG org.apache.http.wire -- http-outgoing-0 >> "[\r][\n]"
12:04:32.932 [Test worker] DEBUG org.apache.http.wire -- http-outgoing-0 >> "{"name":"Superman","alterego":"Tommy Black","description":"Sobrenarual","powers":["Vuela rapido","Rayos en los ojos"]}"
12:04:33.129 [Test worker] DEBUG org.apache.http.wire -- http-outgoing-0 << "HTTP/1.1 201 [\r][\n]"
12:04:33.129 [Test worker] DEBUG org.apache.http.wire -- http-outgoing-0 << "Server: Cowboy[\r][\n]"
12:04:33.129 [Test worker] DEBUG org.apache.http.wire -- http-outgoing-0 << "Report-To: {"group":"heroku-nel","max_age":3600,"endpoints":[{"url":"https://nel.heroku.com/reports?ts=1750439074&sid=1b10b0ff-8a76-4548-befa-353fc6c6c045&s=W%2F3MqwTwyqKKFAvmuvkkH4jZfcQyoYz5SOJvjRgom9w%3D"}]}[\r][\n]"
12:04:33.129 [Test worker] DEBUG org.apache.http.wire -- http-outgoing-0 << "Reporting-Endpoints: heroku-nel=https://nel.heroku.com/reports?ts=1750439074&sid=1b10b0ff-8a76-4548-befa-353fc6c6c045&s=W%2F3MqwTwyqKKFAvmuvkkH4jZfcQyoYz5SOJvjRgom9w%3D[\r][\n]"
12:04:33.129 [Test worker] DEBUG org.apache.http.wire -- http-outgoing-0 << "Nel: {"report_to":"heroku-nel","max_age":3600,"success_fraction":0.005,"failure_fraction":0.05,"response_headers":["Via"]}[\r][\n]"
12:04:33.129 [Test worker] DEBUG org.apache.http.wire -- http-outgoing-0 << "Connection: keep-alive[\r][\n]"
12:04:33.130 [Test worker] DEBUG org.apache.http.wire -- http-outgoing-0 << "Content-Type: application/json[\r][\n]"
12:04:33.130 [Test worker] DEBUG org.apache.http.wire -- http-outgoing-0 << "Transfer-Encoding: chunked[\r][\n]"
12:04:33.130 [Test worker] DEBUG org.apache.http.wire -- http-outgoing-0 << "Date: Fri, 20 Jun 2025 17:04:34 GMT[\r][\n]"
12:04:33.130 [Test worker] DEBUG org.apache.http.wire -- http-outgoing-0 << "Via: 1.1 vegur[\r][\n]"
12:04:33.130 [Test worker] DEBUG org.apache.http.wire -- http-outgoing-0 << "[\r][\n]"
12:04:33.130 [Test worker] DEBUG org.apache.http.wire -- http-outgoing-0 << "7e[\r][\n]"
12:04:33.130 [Test worker] DEBUG org.apache.http.wire -- http-outgoing-0 << "{"id":11,"name":"Superman","alterego":"Tommy Black","description":"Sobrenarual","powers":["Vuela rapido","Rayos en los ojos"]}[\r][\n]"
12:04:33.130 [Test worker] DEBUG org.apache.http.wire -- http-outgoing-0 << "0[\r][\n]"
12:04:33.130 [Test worker] DEBUG org.apache.http.wire -- http-outgoing-0 << "[\r][\n]"
12:04:33.131 [Test worker] DEBUG org.apache.http.headers -- http-outgoing-0 << HTTP/1.1 201 
12:04:33.132 [Test worker] DEBUG org.apache.http.headers -- http-outgoing-0 << Server: Cowboy
12:04:33.132 [Test worker] DEBUG org.apache.http.headers -- http-outgoing-0 << Report-To: {"group":"heroku-nel","max_age":3600,"endpoints":[{"url":"https://nel.heroku.com/reports?ts=1750439074&sid=1b10b0ff-8a76-4548-befa-353fc6c6c045&s=W%2F3MqwTwyqKKFAvmuvkkH4jZfcQyoYz5SOJvjRgom9w%3D"}]}
12:04:33.132 [Test worker] DEBUG org.apache.http.headers -- http-outgoing-0 << Reporting-Endpoints: heroku-nel=https://nel.heroku.com/reports?ts=1750439074&sid=1b10b0ff-8a76-4548-befa-353fc6c6c045&s=W%2F3MqwTwyqKKFAvmuvkkH4jZfcQyoYz5SOJvjRgom9w%3D
12:04:33.132 [Test worker] DEBUG org.apache.http.headers -- http-outgoing-0 << Nel: {"report_to":"heroku-nel","max_age":3600,"success_fraction":0.005,"failure_fraction":0.05,"response_headers":["Via"]}
12:04:33.132 [Test worker] DEBUG org.apache.http.headers -- http-outgoing-0 << Connection: keep-alive
12:04:33.132 [Test worker] DEBUG org.apache.http.headers -- http-outgoing-0 << Content-Type: application/json
12:04:33.132 [Test worker] DEBUG org.apache.http.headers -- http-outgoing-0 << Transfer-Encoding: chunked
12:04:33.132 [Test worker] DEBUG org.apache.http.headers -- http-outgoing-0 << Date: Fri, 20 Jun 2025 17:04:34 GMT
12:04:33.132 [Test worker] DEBUG org.apache.http.headers -- http-outgoing-0 << Via: 1.1 vegur
12:04:33.135 [Test worker] DEBUG org.apache.http.impl.execchain.MainClientExec -- Connection can be kept alive indefinitely
12:04:33.138 [Test worker] DEBUG org.apache.http.impl.conn.PoolingHttpClientConnectionManager -- Connection [id: 0][route: {}->http://bp-se-test-cabcd9b246a5.herokuapp.com:80] can be kept alive indefinitely
12:04:33.138 [Test worker] DEBUG org.apache.http.impl.conn.DefaultManagedHttpClientConnection -- http-outgoing-0: set socket timeout to 0
12:04:33.138 [Test worker] DEBUG org.apache.http.impl.conn.PoolingHttpClientConnectionManager -- Connection released: [id: 0][route: {}->http://bp-se-test-cabcd9b246a5.herokuapp.com:80][total available: 1; route allocated: 1 of 5; total allocated: 1 of 10]
12:04:33.138 [Test worker] DEBUG org.apache.http.impl.conn.PoolingHttpClientConnectionManager -- Connection manager is shutting down
12:04:33.138 [Test worker] DEBUG org.apache.http.impl.conn.DefaultManagedHttpClientConnection -- http-outgoing-0: Close connection
12:04:33.139 [Test worker] DEBUG org.apache.http.impl.conn.PoolingHttpClientConnectionManager -- Connection manager shut down
12:04:33.140 [Test worker] DEBUG com.intuit.karate -- response time in milliseconds: 395
1 < 201
1 < Server: Cowboy
1 < Report-To: {"group":"heroku-nel","max_age":3600,"endpoints":[{"url":"https://nel.heroku.com/reports?ts=1750439074&sid=1b10b0ff-8a76-4548-befa-353fc6c6c045&s=W%2F3MqwTwyqKKFAvmuvkkH4jZfcQyoYz5SOJvjRgom9w%3D"}]}
1 < Reporting-Endpoints: heroku-nel=https://nel.heroku.com/reports?ts=1750439074&sid=1b10b0ff-8a76-4548-befa-353fc6c6c045&s=W%2F3MqwTwyqKKFAvmuvkkH4jZfcQyoYz5SOJvjRgom9w%3D
1 < Nel: {"report_to":"heroku-nel","max_age":3600,"success_fraction":0.005,"failure_fraction":0.05,"response_headers":["Via"]}
1 < Connection: keep-alive
1 < Content-Type: application/json
1 < Transfer-Encoding: chunked
1 < Date: Fri, 20 Jun 2025 17:04:34 GMT
1 < Via: 1.1 vegur
{"id":11,"name":"Superman","alterego":"Tommy Black","description":"Sobrenarual","powers":["Vuela rapido","Rayos en los ojos"]}

12:04:33.158 [Test worker] DEBUG com.jayway.jsonpath.internal.path.CompiledPath -- Evaluating path: $
12:04:33.162 [Test worker] DEBUG org.apache.http.client.protocol.RequestAddCookies -- CookieSpec selected: karate
12:04:33.162 [Test worker] DEBUG org.apache.http.client.protocol.RequestAuthCache -- Auth cache not set in the context
12:04:33.162 [Test worker] DEBUG com.intuit.karate -- request:
1 > POST http://bp-se-test-cabcd9b246a5.herokuapp.com/joseph_marquez_mazzini/api/characters
1 > Content-Type: application/json; charset=UTF-8
1 > Content-Length: 131
1 > Host: bp-se-test-cabcd9b246a5.herokuapp.com
1 > Connection: Keep-Alive
1 > User-Agent: Apache-HttpClient/4.5.14 (Java/17.0.12)
1 > Accept-Encoding: gzip,deflate
{"name":"Dog-Man","alterego":"Juan Lopez","description":"Superhéroe de los perros de uio","powers":["Sentido perruno","Olfatear"]}

12:04:33.163 [Test worker] DEBUG org.apache.http.impl.conn.PoolingHttpClientConnectionManager -- Connection request: [route: {}->http://bp-se-test-cabcd9b246a5.herokuapp.com:80][total available: 0; route allocated: 0 of 5; total allocated: 0 of 10]
12:04:33.163 [Test worker] DEBUG org.apache.http.impl.conn.PoolingHttpClientConnectionManager -- Connection leased: [id: 1][route: {}->http://bp-se-test-cabcd9b246a5.herokuapp.com:80][total available: 0; route allocated: 1 of 5; total allocated: 1 of 10]
12:04:33.163 [Test worker] DEBUG org.apache.http.impl.execchain.MainClientExec -- Opening connection {}->http://bp-se-test-cabcd9b246a5.herokuapp.com:80
12:04:33.163 [Test worker] DEBUG org.apache.http.impl.conn.DefaultHttpClientConnectionOperator -- Connecting to bp-se-test-cabcd9b246a5.herokuapp.com/54.165.58.209:80
12:04:33.190 [Test worker] DEBUG org.apache.http.impl.conn.DefaultHttpClientConnectionOperator -- Connection established 192.168.100.103:58769<->54.165.58.209:80
12:04:33.190 [Test worker] DEBUG org.apache.http.impl.conn.DefaultManagedHttpClientConnection -- http-outgoing-1: set socket timeout to 30000
12:04:33.190 [Test worker] DEBUG org.apache.http.impl.execchain.MainClientExec -- Executing request POST /joseph_marquez_mazzini/api/characters HTTP/1.1
12:04:33.190 [Test worker] DEBUG org.apache.http.impl.execchain.MainClientExec -- Target auth state: UNCHALLENGED
12:04:33.190 [Test worker] DEBUG org.apache.http.impl.execchain.MainClientExec -- Proxy auth state: UNCHALLENGED
12:04:33.190 [Test worker] DEBUG org.apache.http.headers -- http-outgoing-1 >> POST /joseph_marquez_mazzini/api/characters HTTP/1.1
12:04:33.190 [Test worker] DEBUG org.apache.http.headers -- http-outgoing-1 >> Content-Type: application/json; charset=UTF-8
12:04:33.190 [Test worker] DEBUG org.apache.http.headers -- http-outgoing-1 >> Content-Length: 131
12:04:33.190 [Test worker] DEBUG org.apache.http.headers -- http-outgoing-1 >> Host: bp-se-test-cabcd9b246a5.herokuapp.com
12:04:33.190 [Test worker] DEBUG org.apache.http.headers -- http-outgoing-1 >> Connection: Keep-Alive
12:04:33.190 [Test worker] DEBUG org.apache.http.headers -- http-outgoing-1 >> User-Agent: Apache-HttpClient/4.5.14 (Java/17.0.12)
12:04:33.190 [Test worker] DEBUG org.apache.http.headers -- http-outgoing-1 >> Accept-Encoding: gzip,deflate
12:04:33.190 [Test worker] DEBUG org.apache.http.wire -- http-outgoing-1 >> "POST /joseph_marquez_mazzini/api/characters HTTP/1.1[\r][\n]"
12:04:33.190 [Test worker] DEBUG org.apache.http.wire -- http-outgoing-1 >> "Content-Type: application/json; charset=UTF-8[\r][\n]"
12:04:33.191 [Test worker] DEBUG org.apache.http.wire -- http-outgoing-1 >> "Content-Length: 131[\r][\n]"
12:04:33.191 [Test worker] DEBUG org.apache.http.wire -- http-outgoing-1 >> "Host: bp-se-test-cabcd9b246a5.herokuapp.com[\r][\n]"
12:04:33.191 [Test worker] DEBUG org.apache.http.wire -- http-outgoing-1 >> "Connection: Keep-Alive[\r][\n]"
12:04:33.191 [Test worker] DEBUG org.apache.http.wire -- http-outgoing-1 >> "User-Agent: Apache-HttpClient/4.5.14 (Java/17.0.12)[\r][\n]"
12:04:33.191 [Test worker] DEBUG org.apache.http.wire -- http-outgoing-1 >> "Accept-Encoding: gzip,deflate[\r][\n]"
12:04:33.191 [Test worker] DEBUG org.apache.http.wire -- http-outgoing-1 >> "[\r][\n]"
12:04:33.191 [Test worker] DEBUG org.apache.http.wire -- http-outgoing-1 >> "{"name":"Dog-Man","alterego":"Juan Lopez","description":"Superh[0xc3][0xa9]roe de los perros de uio","powers":["Sentido perruno","Olfatear"]}"
12:04:33.309 [Test worker] DEBUG org.apache.http.wire -- http-outgoing-1 << "HTTP/1.1 400 [\r][\n]"
12:04:33.309 [Test worker] DEBUG org.apache.http.wire -- http-outgoing-1 << "Server: Cowboy[\r][\n]"
12:04:33.309 [Test worker] DEBUG org.apache.http.wire -- http-outgoing-1 << "Report-To: {"group":"heroku-nel","max_age":3600,"endpoints":[{"url":"https://nel.heroku.com/reports?ts=1750439074&sid=1b10b0ff-8a76-4548-befa-353fc6c6c045&s=W%2F3MqwTwyqKKFAvmuvkkH4jZfcQyoYz5SOJvjRgom9w%3D"}]}[\r][\n]"
12:04:33.310 [Test worker] DEBUG org.apache.http.wire -- http-outgoing-1 << "Reporting-Endpoints: heroku-nel=https://nel.heroku.com/reports?ts=1750439074&sid=1b10b0ff-8a76-4548-befa-353fc6c6c045&s=W%2F3MqwTwyqKKFAvmuvkkH4jZfcQyoYz5SOJvjRgom9w%3D[\r][\n]"
12:04:33.310 [Test worker] DEBUG org.apache.http.wire -- http-outgoing-1 << "Nel: {"report_to":"heroku-nel","max_age":3600,"success_fraction":0.005,"failure_fraction":0.05,"response_headers":["Via"]}[\r][\n]"
12:04:33.310 [Test worker] DEBUG org.apache.http.wire -- http-outgoing-1 << "Connection: keep-alive[\r][\n]"
12:04:33.310 [Test worker] DEBUG org.apache.http.wire -- http-outgoing-1 << "Content-Type: application/json[\r][\n]"
12:04:33.310 [Test worker] DEBUG org.apache.http.wire -- http-outgoing-1 << "Transfer-Encoding: chunked[\r][\n]"
12:04:33.310 [Test worker] DEBUG org.apache.http.wire -- http-outgoing-1 << "Date: Fri, 20 Jun 2025 17:04:34 GMT[\r][\n]"
12:04:33.310 [Test worker] DEBUG org.apache.http.wire -- http-outgoing-1 << "Via: 1.1 vegur[\r][\n]"
12:04:33.310 [Test worker] DEBUG org.apache.http.wire -- http-outgoing-1 << "[\r][\n]"
12:04:33.310 [Test worker] DEBUG org.apache.http.wire -- http-outgoing-1 << "29[\r][\n]"
12:04:33.310 [Test worker] DEBUG org.apache.http.wire -- http-outgoing-1 << "{"error":"Character name already exists"}[\r][\n]"
12:04:33.310 [Test worker] DEBUG org.apache.http.wire -- http-outgoing-1 << "0[\r][\n]"
12:04:33.310 [Test worker] DEBUG org.apache.http.wire -- http-outgoing-1 << "[\r][\n]"
12:04:33.310 [Test worker] DEBUG org.apache.http.headers -- http-outgoing-1 << HTTP/1.1 400 
12:04:33.310 [Test worker] DEBUG org.apache.http.headers -- http-outgoing-1 << Server: Cowboy
12:04:33.310 [Test worker] DEBUG org.apache.http.headers -- http-outgoing-1 << Report-To: {"group":"heroku-nel","max_age":3600,"endpoints":[{"url":"https://nel.heroku.com/reports?ts=1750439074&sid=1b10b0ff-8a76-4548-befa-353fc6c6c045&s=W%2F3MqwTwyqKKFAvmuvkkH4jZfcQyoYz5SOJvjRgom9w%3D"}]}
12:04:33.310 [Test worker] DEBUG org.apache.http.headers -- http-outgoing-1 << Reporting-Endpoints: heroku-nel=https://nel.heroku.com/reports?ts=1750439074&sid=1b10b0ff-8a76-4548-befa-353fc6c6c045&s=W%2F3MqwTwyqKKFAvmuvkkH4jZfcQyoYz5SOJvjRgom9w%3D
12:04:33.310 [Test worker] DEBUG org.apache.http.headers -- http-outgoing-1 << Nel: {"report_to":"heroku-nel","max_age":3600,"success_fraction":0.005,"failure_fraction":0.05,"response_headers":["Via"]}
12:04:33.310 [Test worker] DEBUG org.apache.http.headers -- http-outgoing-1 << Connection: keep-alive
12:04:33.310 [Test worker] DEBUG org.apache.http.headers -- http-outgoing-1 << Content-Type: application/json
12:04:33.310 [Test worker] DEBUG org.apache.http.headers -- http-outgoing-1 << Transfer-Encoding: chunked
12:04:33.310 [Test worker] DEBUG org.apache.http.headers -- http-outgoing-1 << Date: Fri, 20 Jun 2025 17:04:34 GMT
12:04:33.310 [Test worker] DEBUG org.apache.http.headers -- http-outgoing-1 << Via: 1.1 vegur
12:04:33.310 [Test worker] DEBUG org.apache.http.impl.execchain.MainClientExec -- Connection can be kept alive indefinitely
12:04:33.311 [Test worker] DEBUG org.apache.http.impl.conn.PoolingHttpClientConnectionManager -- Connection [id: 1][route: {}->http://bp-se-test-cabcd9b246a5.herokuapp.com:80] can be kept alive indefinitely
12:04:33.311 [Test worker] DEBUG org.apache.http.impl.conn.DefaultManagedHttpClientConnection -- http-outgoing-1: set socket timeout to 0
12:04:33.311 [Test worker] DEBUG org.apache.http.impl.conn.PoolingHttpClientConnectionManager -- Connection released: [id: 1][route: {}->http://bp-se-test-cabcd9b246a5.herokuapp.com:80][total available: 1; route allocated: 1 of 5; total allocated: 1 of 10]
12:04:33.311 [Test worker] DEBUG org.apache.http.impl.conn.PoolingHttpClientConnectionManager -- Connection manager is shutting down
12:04:33.311 [Test worker] DEBUG org.apache.http.impl.conn.DefaultManagedHttpClientConnection -- http-outgoing-1: Close connection
12:04:33.311 [Test worker] DEBUG org.apache.http.impl.conn.PoolingHttpClientConnectionManager -- Connection manager shut down
12:04:33.311 [Test worker] DEBUG com.intuit.karate -- response time in milliseconds: 148
1 < 400
1 < Server: Cowboy
1 < Report-To: {"group":"heroku-nel","max_age":3600,"endpoints":[{"url":"https://nel.heroku.com/reports?ts=1750439074&sid=1b10b0ff-8a76-4548-befa-353fc6c6c045&s=W%2F3MqwTwyqKKFAvmuvkkH4jZfcQyoYz5SOJvjRgom9w%3D"}]}
1 < Reporting-Endpoints: heroku-nel=https://nel.heroku.com/reports?ts=1750439074&sid=1b10b0ff-8a76-4548-befa-353fc6c6c045&s=W%2F3MqwTwyqKKFAvmuvkkH4jZfcQyoYz5SOJvjRgom9w%3D
1 < Nel: {"report_to":"heroku-nel","max_age":3600,"success_fraction":0.005,"failure_fraction":0.05,"response_headers":["Via"]}
1 < Connection: keep-alive
1 < Content-Type: application/json
1 < Transfer-Encoding: chunked
1 < Date: Fri, 20 Jun 2025 17:04:34 GMT
1 < Via: 1.1 vegur
{"error":"Character name already exists"}

12:04:33.320 [Test worker] DEBUG com.jayway.jsonpath.internal.path.CompiledPath -- Evaluating path: $['error']
12:04:33.337 [Test worker] DEBUG com.jayway.jsonpath.internal.path.CompiledPath -- Evaluating path: $
12:04:33.339 [Test worker] DEBUG org.apache.http.client.protocol.RequestAddCookies -- CookieSpec selected: karate
12:04:33.339 [Test worker] DEBUG org.apache.http.client.protocol.RequestAuthCache -- Auth cache not set in the context
12:04:33.339 [Test worker] DEBUG com.intuit.karate -- request:
1 > POST http://bp-se-test-cabcd9b246a5.herokuapp.com/joseph_marquez_mazzini/api/characters
1 > Content-Type: application/json; charset=UTF-8
1 > Content-Length: 54
1 > Host: bp-se-test-cabcd9b246a5.herokuapp.com
1 > Connection: Keep-Alive
1 > User-Agent: Apache-HttpClient/4.5.14 (Java/17.0.12)
1 > Accept-Encoding: gzip,deflate
{"name":"","alterego":"","description":"","powers":[]}

12:04:33.339 [Test worker] DEBUG org.apache.http.impl.conn.PoolingHttpClientConnectionManager -- Connection request: [route: {}->http://bp-se-test-cabcd9b246a5.herokuapp.com:80][total available: 0; route allocated: 0 of 5; total allocated: 0 of 10]
12:04:33.339 [Test worker] DEBUG org.apache.http.impl.conn.PoolingHttpClientConnectionManager -- Connection leased: [id: 2][route: {}->http://bp-se-test-cabcd9b246a5.herokuapp.com:80][total available: 0; route allocated: 1 of 5; total allocated: 1 of 10]
12:04:33.339 [Test worker] DEBUG org.apache.http.impl.execchain.MainClientExec -- Opening connection {}->http://bp-se-test-cabcd9b246a5.herokuapp.com:80
12:04:33.340 [Test worker] DEBUG org.apache.http.impl.conn.DefaultHttpClientConnectionOperator -- Connecting to bp-se-test-cabcd9b246a5.herokuapp.com/54.165.58.209:80
12:04:33.368 [Test worker] DEBUG org.apache.http.impl.conn.DefaultHttpClientConnectionOperator -- Connection established 192.168.100.103:58770<->54.165.58.209:80
12:04:33.368 [Test worker] DEBUG org.apache.http.impl.conn.DefaultManagedHttpClientConnection -- http-outgoing-2: set socket timeout to 30000
12:04:33.368 [Test worker] DEBUG org.apache.http.impl.execchain.MainClientExec -- Executing request POST /joseph_marquez_mazzini/api/characters HTTP/1.1
12:04:33.368 [Test worker] DEBUG org.apache.http.impl.execchain.MainClientExec -- Target auth state: UNCHALLENGED
12:04:33.368 [Test worker] DEBUG org.apache.http.impl.execchain.MainClientExec -- Proxy auth state: UNCHALLENGED
12:04:33.368 [Test worker] DEBUG org.apache.http.headers -- http-outgoing-2 >> POST /joseph_marquez_mazzini/api/characters HTTP/1.1
12:04:33.368 [Test worker] DEBUG org.apache.http.headers -- http-outgoing-2 >> Content-Type: application/json; charset=UTF-8
12:04:33.368 [Test worker] DEBUG org.apache.http.headers -- http-outgoing-2 >> Content-Length: 54
12:04:33.368 [Test worker] DEBUG org.apache.http.headers -- http-outgoing-2 >> Host: bp-se-test-cabcd9b246a5.herokuapp.com
12:04:33.368 [Test worker] DEBUG org.apache.http.headers -- http-outgoing-2 >> Connection: Keep-Alive
12:04:33.368 [Test worker] DEBUG org.apache.http.headers -- http-outgoing-2 >> User-Agent: Apache-HttpClient/4.5.14 (Java/17.0.12)
12:04:33.368 [Test worker] DEBUG org.apache.http.headers -- http-outgoing-2 >> Accept-Encoding: gzip,deflate
12:04:33.368 [Test worker] DEBUG org.apache.http.wire -- http-outgoing-2 >> "POST /joseph_marquez_mazzini/api/characters HTTP/1.1[\r][\n]"
12:04:33.368 [Test worker] DEBUG org.apache.http.wire -- http-outgoing-2 >> "Content-Type: application/json; charset=UTF-8[\r][\n]"
12:04:33.368 [Test worker] DEBUG org.apache.http.wire -- http-outgoing-2 >> "Content-Length: 54[\r][\n]"
12:04:33.369 [Test worker] DEBUG org.apache.http.wire -- http-outgoing-2 >> "Host: bp-se-test-cabcd9b246a5.herokuapp.com[\r][\n]"
12:04:33.369 [Test worker] DEBUG org.apache.http.wire -- http-outgoing-2 >> "Connection: Keep-Alive[\r][\n]"
12:04:33.369 [Test worker] DEBUG org.apache.http.wire -- http-outgoing-2 >> "User-Agent: Apache-HttpClient/4.5.14 (Java/17.0.12)[\r][\n]"
12:04:33.369 [Test worker] DEBUG org.apache.http.wire -- http-outgoing-2 >> "Accept-Encoding: gzip,deflate[\r][\n]"
12:04:33.369 [Test worker] DEBUG org.apache.http.wire -- http-outgoing-2 >> "[\r][\n]"
12:04:33.369 [Test worker] DEBUG org.apache.http.wire -- http-outgoing-2 >> "{"name":"","alterego":"","description":"","powers":[]}"
12:04:33.486 [Test worker] DEBUG org.apache.http.wire -- http-outgoing-2 << "HTTP/1.1 400 [\r][\n]"
12:04:33.486 [Test worker] DEBUG org.apache.http.wire -- http-outgoing-2 << "Server: Cowboy[\r][\n]"
12:04:33.486 [Test worker] DEBUG org.apache.http.wire -- http-outgoing-2 << "Report-To: {"group":"heroku-nel","max_age":3600,"endpoints":[{"url":"https://nel.heroku.com/reports?ts=1750439074&sid=1b10b0ff-8a76-4548-befa-353fc6c6c045&s=W%2F3MqwTwyqKKFAvmuvkkH4jZfcQyoYz5SOJvjRgom9w%3D"}]}[\r][\n]"
12:04:33.486 [Test worker] DEBUG org.apache.http.wire -- http-outgoing-2 << "Reporting-Endpoints: heroku-nel=https://nel.heroku.com/reports?ts=1750439074&sid=1b10b0ff-8a76-4548-befa-353fc6c6c045&s=W%2F3MqwTwyqKKFAvmuvkkH4jZfcQyoYz5SOJvjRgom9w%3D[\r][\n]"
12:04:33.486 [Test worker] DEBUG org.apache.http.wire -- http-outgoing-2 << "Nel: {"report_to":"heroku-nel","max_age":3600,"success_fraction":0.005,"failure_fraction":0.05,"response_headers":["Via"]}[\r][\n]"
12:04:33.486 [Test worker] DEBUG org.apache.http.wire -- http-outgoing-2 << "Connection: keep-alive[\r][\n]"
12:04:33.486 [Test worker] DEBUG org.apache.http.wire -- http-outgoing-2 << "Content-Type: application/json[\r][\n]"
12:04:33.486 [Test worker] DEBUG org.apache.http.wire -- http-outgoing-2 << "Transfer-Encoding: chunked[\r][\n]"
12:04:33.487 [Test worker] DEBUG org.apache.http.wire -- http-outgoing-2 << "Date: Fri, 20 Jun 2025 17:04:34 GMT[\r][\n]"
12:04:33.487 [Test worker] DEBUG org.apache.http.wire -- http-outgoing-2 << "Via: 1.1 vegur[\r][\n]"
12:04:33.487 [Test worker] DEBUG org.apache.http.wire -- http-outgoing-2 << "[\r][\n]"
12:04:33.487 [Test worker] DEBUG org.apache.http.wire -- http-outgoing-2 << "84[\r][\n]"
12:04:33.487 [Test worker] DEBUG org.apache.http.wire -- http-outgoing-2 << "{"name":"Name is required","description":"Description is required","powers":"Powers are required","alterego":"Alterego is required"}[\r][\n]"
12:04:33.487 [Test worker] DEBUG org.apache.http.wire -- http-outgoing-2 << "0[\r][\n]"
12:04:33.487 [Test worker] DEBUG org.apache.http.wire -- http-outgoing-2 << "[\r][\n]"
12:04:33.487 [Test worker] DEBUG org.apache.http.headers -- http-outgoing-2 << HTTP/1.1 400 
12:04:33.487 [Test worker] DEBUG org.apache.http.headers -- http-outgoing-2 << Server: Cowboy
12:04:33.487 [Test worker] DEBUG org.apache.http.headers -- http-outgoing-2 << Report-To: {"group":"heroku-nel","max_age":3600,"endpoints":[{"url":"https://nel.heroku.com/reports?ts=1750439074&sid=1b10b0ff-8a76-4548-befa-353fc6c6c045&s=W%2F3MqwTwyqKKFAvmuvkkH4jZfcQyoYz5SOJvjRgom9w%3D"}]}
12:04:33.487 [Test worker] DEBUG org.apache.http.headers -- http-outgoing-2 << Reporting-Endpoints: heroku-nel=https://nel.heroku.com/reports?ts=1750439074&sid=1b10b0ff-8a76-4548-befa-353fc6c6c045&s=W%2F3MqwTwyqKKFAvmuvkkH4jZfcQyoYz5SOJvjRgom9w%3D
12:04:33.487 [Test worker] DEBUG org.apache.http.headers -- http-outgoing-2 << Nel: {"report_to":"heroku-nel","max_age":3600,"success_fraction":0.005,"failure_fraction":0.05,"response_headers":["Via"]}
12:04:33.487 [Test worker] DEBUG org.apache.http.headers -- http-outgoing-2 << Connection: keep-alive
12:04:33.487 [Test worker] DEBUG org.apache.http.headers -- http-outgoing-2 << Content-Type: application/json
12:04:33.487 [Test worker] DEBUG org.apache.http.headers -- http-outgoing-2 << Transfer-Encoding: chunked
12:04:33.487 [Test worker] DEBUG org.apache.http.headers -- http-outgoing-2 << Date: Fri, 20 Jun 2025 17:04:34 GMT
12:04:33.487 [Test worker] DEBUG org.apache.http.headers -- http-outgoing-2 << Via: 1.1 vegur
12:04:33.487 [Test worker] DEBUG org.apache.http.impl.execchain.MainClientExec -- Connection can be kept alive indefinitely
12:04:33.487 [Test worker] DEBUG org.apache.http.impl.conn.PoolingHttpClientConnectionManager -- Connection [id: 2][route: {}->http://bp-se-test-cabcd9b246a5.herokuapp.com:80] can be kept alive indefinitely
12:04:33.488 [Test worker] DEBUG org.apache.http.impl.conn.DefaultManagedHttpClientConnection -- http-outgoing-2: set socket timeout to 0
12:04:33.488 [Test worker] DEBUG org.apache.http.impl.conn.PoolingHttpClientConnectionManager -- Connection released: [id: 2][route: {}->http://bp-se-test-cabcd9b246a5.herokuapp.com:80][total available: 1; route allocated: 1 of 5; total allocated: 1 of 10]
12:04:33.488 [Test worker] DEBUG org.apache.http.impl.conn.PoolingHttpClientConnectionManager -- Connection manager is shutting down
12:04:33.488 [Test worker] DEBUG org.apache.http.impl.conn.DefaultManagedHttpClientConnection -- http-outgoing-2: Close connection
12:04:33.488 [Test worker] DEBUG org.apache.http.impl.conn.PoolingHttpClientConnectionManager -- Connection manager shut down
12:04:33.488 [Test worker] DEBUG com.intuit.karate -- response time in milliseconds: 149
1 < 400
1 < Server: Cowboy
1 < Report-To: {"group":"heroku-nel","max_age":3600,"endpoints":[{"url":"https://nel.heroku.com/reports?ts=1750439074&sid=1b10b0ff-8a76-4548-befa-353fc6c6c045&s=W%2F3MqwTwyqKKFAvmuvkkH4jZfcQyoYz5SOJvjRgom9w%3D"}]}
1 < Reporting-Endpoints: heroku-nel=https://nel.heroku.com/reports?ts=1750439074&sid=1b10b0ff-8a76-4548-befa-353fc6c6c045&s=W%2F3MqwTwyqKKFAvmuvkkH4jZfcQyoYz5SOJvjRgom9w%3D
1 < Nel: {"report_to":"heroku-nel","max_age":3600,"success_fraction":0.005,"failure_fraction":0.05,"response_headers":["Via"]}
1 < Connection: keep-alive
1 < Content-Type: application/json
1 < Transfer-Encoding: chunked
1 < Date: Fri, 20 Jun 2025 17:04:34 GMT
1 < Via: 1.1 vegur
{"name":"Name is required","description":"Description is required","powers":"Powers are required","alterego":"Alterego is required"}

12:04:33.490 [Test worker] DEBUG com.jayway.jsonpath.internal.path.CompiledPath -- Evaluating path: $['name']
12:04:33.491 [Test worker] DEBUG com.jayway.jsonpath.internal.path.CompiledPath -- Evaluating path: $['description']
12:04:33.493 [Test worker] DEBUG com.jayway.jsonpath.internal.path.CompiledPath -- Evaluating path: $['powers']
12:04:33.495 [Test worker] DEBUG com.jayway.jsonpath.internal.path.CompiledPath -- Evaluating path: $['alterego']
12:04:33.508 [Test worker] DEBUG org.apache.http.client.protocol.RequestAddCookies -- CookieSpec selected: karate
12:04:33.508 [Test worker] DEBUG org.apache.http.client.protocol.RequestAuthCache -- Auth cache not set in the context
12:04:33.508 [Test worker] DEBUG com.intuit.karate -- request:
1 > GET http://bp-se-test-cabcd9b246a5.herokuapp.com/joseph_marquez_mazzini/api/characters
1 > Host: bp-se-test-cabcd9b246a5.herokuapp.com
1 > Connection: Keep-Alive
1 > User-Agent: Apache-HttpClient/4.5.14 (Java/17.0.12)
1 > Accept-Encoding: gzip,deflate


12:04:33.508 [Test worker] DEBUG org.apache.http.impl.conn.PoolingHttpClientConnectionManager -- Connection request: [route: {}->http://bp-se-test-cabcd9b246a5.herokuapp.com:80][total available: 0; route allocated: 0 of 5; total allocated: 0 of 10]
12:04:33.508 [Test worker] DEBUG org.apache.http.impl.conn.PoolingHttpClientConnectionManager -- Connection leased: [id: 3][route: {}->http://bp-se-test-cabcd9b246a5.herokuapp.com:80][total available: 0; route allocated: 1 of 5; total allocated: 1 of 10]
12:04:33.508 [Test worker] DEBUG org.apache.http.impl.execchain.MainClientExec -- Opening connection {}->http://bp-se-test-cabcd9b246a5.herokuapp.com:80
12:04:33.508 [Test worker] DEBUG org.apache.http.impl.conn.DefaultHttpClientConnectionOperator -- Connecting to bp-se-test-cabcd9b246a5.herokuapp.com/54.165.58.209:80
12:04:33.536 [Test worker] DEBUG org.apache.http.impl.conn.DefaultHttpClientConnectionOperator -- Connection established 192.168.100.103:58771<->54.165.58.209:80
12:04:33.536 [Test worker] DEBUG org.apache.http.impl.conn.DefaultManagedHttpClientConnection -- http-outgoing-3: set socket timeout to 30000
12:04:33.536 [Test worker] DEBUG org.apache.http.impl.execchain.MainClientExec -- Executing request GET /joseph_marquez_mazzini/api/characters HTTP/1.1
12:04:33.536 [Test worker] DEBUG org.apache.http.impl.execchain.MainClientExec -- Target auth state: UNCHALLENGED
12:04:33.536 [Test worker] DEBUG org.apache.http.impl.execchain.MainClientExec -- Proxy auth state: UNCHALLENGED
12:04:33.536 [Test worker] DEBUG org.apache.http.headers -- http-outgoing-3 >> GET /joseph_marquez_mazzini/api/characters HTTP/1.1
12:04:33.536 [Test worker] DEBUG org.apache.http.headers -- http-outgoing-3 >> Host: bp-se-test-cabcd9b246a5.herokuapp.com
12:04:33.536 [Test worker] DEBUG org.apache.http.headers -- http-outgoing-3 >> Connection: Keep-Alive
12:04:33.536 [Test worker] DEBUG org.apache.http.headers -- http-outgoing-3 >> User-Agent: Apache-HttpClient/4.5.14 (Java/17.0.12)
12:04:33.536 [Test worker] DEBUG org.apache.http.headers -- http-outgoing-3 >> Accept-Encoding: gzip,deflate
12:04:33.536 [Test worker] DEBUG org.apache.http.wire -- http-outgoing-3 >> "GET /joseph_marquez_mazzini/api/characters HTTP/1.1[\r][\n]"
12:04:33.536 [Test worker] DEBUG org.apache.http.wire -- http-outgoing-3 >> "Host: bp-se-test-cabcd9b246a5.herokuapp.com[\r][\n]"
12:04:33.536 [Test worker] DEBUG org.apache.http.wire -- http-outgoing-3 >> "Connection: Keep-Alive[\r][\n]"
12:04:33.536 [Test worker] DEBUG org.apache.http.wire -- http-outgoing-3 >> "User-Agent: Apache-HttpClient/4.5.14 (Java/17.0.12)[\r][\n]"
12:04:33.536 [Test worker] DEBUG org.apache.http.wire -- http-outgoing-3 >> "Accept-Encoding: gzip,deflate[\r][\n]"
12:04:33.536 [Test worker] DEBUG org.apache.http.wire -- http-outgoing-3 >> "[\r][\n]"
12:04:33.646 [Test worker] DEBUG org.apache.http.wire -- http-outgoing-3 << "HTTP/1.1 200 [\r][\n]"
12:04:33.646 [Test worker] DEBUG org.apache.http.wire -- http-outgoing-3 << "Server: Cowboy[\r][\n]"
12:04:33.646 [Test worker] DEBUG org.apache.http.wire -- http-outgoing-3 << "Report-To: {"group":"heroku-nel","max_age":3600,"endpoints":[{"url":"https://nel.heroku.com/reports?ts=1750439074&sid=1b10b0ff-8a76-4548-befa-353fc6c6c045&s=W%2F3MqwTwyqKKFAvmuvkkH4jZfcQyoYz5SOJvjRgom9w%3D"}]}[\r][\n]"
12:04:33.646 [Test worker] DEBUG org.apache.http.wire -- http-outgoing-3 << "Reporting-Endpoints: heroku-nel=https://nel.heroku.com/reports?ts=1750439074&sid=1b10b0ff-8a76-4548-befa-353fc6c6c045&s=W%2F3MqwTwyqKKFAvmuvkkH4jZfcQyoYz5SOJvjRgom9w%3D[\r][\n]"
12:04:33.647 [Test worker] DEBUG org.apache.http.wire -- http-outgoing-3 << "Nel: {"report_to":"heroku-nel","max_age":3600,"success_fraction":0.005,"failure_fraction":0.05,"response_headers":["Via"]}[\r][\n]"
12:04:33.647 [Test worker] DEBUG org.apache.http.wire -- http-outgoing-3 << "Connection: keep-alive[\r][\n]"
12:04:33.647 [Test worker] DEBUG org.apache.http.wire -- http-outgoing-3 << "Content-Type: application/json[\r][\n]"
12:04:33.647 [Test worker] DEBUG org.apache.http.wire -- http-outgoing-3 << "Transfer-Encoding: chunked[\r][\n]"
12:04:33.647 [Test worker] DEBUG org.apache.http.wire -- http-outgoing-3 << "Date: Fri, 20 Jun 2025 17:04:34 GMT[\r][\n]"
12:04:33.647 [Test worker] DEBUG org.apache.http.wire -- http-outgoing-3 << "Via: 1.1 vegur[\r][\n]"
12:04:33.647 [Test worker] DEBUG org.apache.http.wire -- http-outgoing-3 << "[\r][\n]"
12:04:33.647 [Test worker] DEBUG org.apache.http.wire -- http-outgoing-3 << "1a6[\r][\n]"
12:04:33.647 [Test worker] DEBUG org.apache.http.wire -- http-outgoing-3 << "[{"id":8,"name":"Cat-Man","alterego":"Juan Piguave","description":"Superh[0xc3][0xa9]roe de los gatos de gye","powers":["Agilidad","Sentido gatuno","Trepar techos"]},{"id":9,"name":"Dog-Man","alterego":"Juan Lopez","description":"Superh[0xc3][0xa9]roe de los perros de uio","powers":["Sentido perruno","Olfatear"]},{"id":11,"name":"Superman","alterego":"Tommy Black","description":"Sobrenarual","powers":["Vuela rapido","Rayos en los ojos"]}][\r][\n]"
12:04:33.647 [Test worker] DEBUG org.apache.http.wire -- http-outgoing-3 << "0[\r][\n]"
12:04:33.647 [Test worker] DEBUG org.apache.http.wire -- http-outgoing-3 << "[\r][\n]"
12:04:33.647 [Test worker] DEBUG org.apache.http.headers -- http-outgoing-3 << HTTP/1.1 200 
12:04:33.647 [Test worker] DEBUG org.apache.http.headers -- http-outgoing-3 << Server: Cowboy
12:04:33.647 [Test worker] DEBUG org.apache.http.headers -- http-outgoing-3 << Report-To: {"group":"heroku-nel","max_age":3600,"endpoints":[{"url":"https://nel.heroku.com/reports?ts=1750439074&sid=1b10b0ff-8a76-4548-befa-353fc6c6c045&s=W%2F3MqwTwyqKKFAvmuvkkH4jZfcQyoYz5SOJvjRgom9w%3D"}]}
12:04:33.647 [Test worker] DEBUG org.apache.http.headers -- http-outgoing-3 << Reporting-Endpoints: heroku-nel=https://nel.heroku.com/reports?ts=1750439074&sid=1b10b0ff-8a76-4548-befa-353fc6c6c045&s=W%2F3MqwTwyqKKFAvmuvkkH4jZfcQyoYz5SOJvjRgom9w%3D
12:04:33.647 [Test worker] DEBUG org.apache.http.headers -- http-outgoing-3 << Nel: {"report_to":"heroku-nel","max_age":3600,"success_fraction":0.005,"failure_fraction":0.05,"response_headers":["Via"]}
12:04:33.647 [Test worker] DEBUG org.apache.http.headers -- http-outgoing-3 << Connection: keep-alive
12:04:33.647 [Test worker] DEBUG org.apache.http.headers -- http-outgoing-3 << Content-Type: application/json
12:04:33.647 [Test worker] DEBUG org.apache.http.headers -- http-outgoing-3 << Transfer-Encoding: chunked
12:04:33.647 [Test worker] DEBUG org.apache.http.headers -- http-outgoing-3 << Date: Fri, 20 Jun 2025 17:04:34 GMT
12:04:33.647 [Test worker] DEBUG org.apache.http.headers -- http-outgoing-3 << Via: 1.1 vegur
12:04:33.647 [Test worker] DEBUG org.apache.http.impl.execchain.MainClientExec -- Connection can be kept alive indefinitely
12:04:33.648 [Test worker] DEBUG org.apache.http.impl.conn.PoolingHttpClientConnectionManager -- Connection [id: 3][route: {}->http://bp-se-test-cabcd9b246a5.herokuapp.com:80] can be kept alive indefinitely
12:04:33.648 [Test worker] DEBUG org.apache.http.impl.conn.DefaultManagedHttpClientConnection -- http-outgoing-3: set socket timeout to 0
12:04:33.648 [Test worker] DEBUG org.apache.http.impl.conn.PoolingHttpClientConnectionManager -- Connection released: [id: 3][route: {}->http://bp-se-test-cabcd9b246a5.herokuapp.com:80][total available: 1; route allocated: 1 of 5; total allocated: 1 of 10]
12:04:33.648 [Test worker] DEBUG org.apache.http.impl.conn.PoolingHttpClientConnectionManager -- Connection manager is shutting down
12:04:33.648 [Test worker] DEBUG org.apache.http.impl.conn.DefaultManagedHttpClientConnection -- http-outgoing-3: Close connection
12:04:33.648 [Test worker] DEBUG org.apache.http.impl.conn.PoolingHttpClientConnectionManager -- Connection manager shut down
12:04:33.648 [Test worker] DEBUG com.intuit.karate -- response time in milliseconds: 140
1 < 200
1 < Server: Cowboy
1 < Report-To: {"group":"heroku-nel","max_age":3600,"endpoints":[{"url":"https://nel.heroku.com/reports?ts=1750439074&sid=1b10b0ff-8a76-4548-befa-353fc6c6c045&s=W%2F3MqwTwyqKKFAvmuvkkH4jZfcQyoYz5SOJvjRgom9w%3D"}]}
1 < Reporting-Endpoints: heroku-nel=https://nel.heroku.com/reports?ts=1750439074&sid=1b10b0ff-8a76-4548-befa-353fc6c6c045&s=W%2F3MqwTwyqKKFAvmuvkkH4jZfcQyoYz5SOJvjRgom9w%3D
1 < Nel: {"report_to":"heroku-nel","max_age":3600,"success_fraction":0.005,"failure_fraction":0.05,"response_headers":["Via"]}
1 < Connection: keep-alive
1 < Content-Type: application/json
1 < Transfer-Encoding: chunked
1 < Date: Fri, 20 Jun 2025 17:04:34 GMT
1 < Via: 1.1 vegur
[{"id":8,"name":"Cat-Man","alterego":"Juan Piguave","description":"Superhéroe de los gatos de gye","powers":["Agilidad","Sentido gatuno","Trepar techos"]},{"id":9,"name":"Dog-Man","alterego":"Juan Lopez","description":"Superhéroe de los perros de uio","powers":["Sentido perruno","Olfatear"]},{"id":11,"name":"Superman","alterego":"Tommy Black","description":"Sobrenarual","powers":["Vuela rapido","Rayos en los ojos"]}]

12:04:33.704 [Test worker] INFO com.intuit.karate -- [print] [
  {
    "id": 8,
    "name": "Cat-Man",
    "alterego": "Juan Piguave",
    "description": "Superhéroe de los gatos de gye",
    "powers": [
      "Agilidad",
      "Sentido gatuno",
      "Trepar techos"
    ]
  },
  {
    "id": 9,
    "name": "Dog-Man",
    "alterego": "Juan Lopez",
    "description": "Superhéroe de los perros de uio",
    "powers": [
      "Sentido perruno",
      "Olfatear"
    ]
  },
  {
    "id": 11,
    "name": "Superman",
    "alterego": "Tommy Black",
    "description": "Sobrenarual",
    "powers": [
      "Vuela rapido",
      "Rayos en los ojos"
    ]
  }
]
 
12:04:33.713 [Test worker] DEBUG org.apache.http.client.protocol.RequestAddCookies -- CookieSpec selected: karate
12:04:33.713 [Test worker] DEBUG org.apache.http.client.protocol.RequestAuthCache -- Auth cache not set in the context
12:04:33.713 [Test worker] DEBUG com.intuit.karate -- request:
1 > GET http://bp-se-test-cabcd9b246a5.herokuapp.com/joseph_marquez_mazzini/api/characters
1 > Host: bp-se-test-cabcd9b246a5.herokuapp.com
1 > Connection: Keep-Alive
1 > User-Agent: Apache-HttpClient/4.5.14 (Java/17.0.12)
1 > Accept-Encoding: gzip,deflate


12:04:33.714 [Test worker] DEBUG org.apache.http.impl.conn.PoolingHttpClientConnectionManager -- Connection request: [route: {}->http://bp-se-test-cabcd9b246a5.herokuapp.com:80][total available: 0; route allocated: 0 of 5; total allocated: 0 of 10]
12:04:33.714 [Test worker] DEBUG org.apache.http.impl.conn.PoolingHttpClientConnectionManager -- Connection leased: [id: 4][route: {}->http://bp-se-test-cabcd9b246a5.herokuapp.com:80][total available: 0; route allocated: 1 of 5; total allocated: 1 of 10]
12:04:33.714 [Test worker] DEBUG org.apache.http.impl.execchain.MainClientExec -- Opening connection {}->http://bp-se-test-cabcd9b246a5.herokuapp.com:80
12:04:33.714 [Test worker] DEBUG org.apache.http.impl.conn.DefaultHttpClientConnectionOperator -- Connecting to bp-se-test-cabcd9b246a5.herokuapp.com/54.165.58.209:80
12:04:33.741 [Test worker] DEBUG org.apache.http.impl.conn.DefaultHttpClientConnectionOperator -- Connection established 192.168.100.103:58772<->54.165.58.209:80
12:04:33.741 [Test worker] DEBUG org.apache.http.impl.conn.DefaultManagedHttpClientConnection -- http-outgoing-4: set socket timeout to 30000
12:04:33.741 [Test worker] DEBUG org.apache.http.impl.execchain.MainClientExec -- Executing request GET /joseph_marquez_mazzini/api/characters HTTP/1.1
12:04:33.741 [Test worker] DEBUG org.apache.http.impl.execchain.MainClientExec -- Target auth state: UNCHALLENGED
12:04:33.741 [Test worker] DEBUG org.apache.http.impl.execchain.MainClientExec -- Proxy auth state: UNCHALLENGED
12:04:33.741 [Test worker] DEBUG org.apache.http.headers -- http-outgoing-4 >> GET /joseph_marquez_mazzini/api/characters HTTP/1.1
12:04:33.741 [Test worker] DEBUG org.apache.http.headers -- http-outgoing-4 >> Host: bp-se-test-cabcd9b246a5.herokuapp.com
12:04:33.741 [Test worker] DEBUG org.apache.http.headers -- http-outgoing-4 >> Connection: Keep-Alive
12:04:33.741 [Test worker] DEBUG org.apache.http.headers -- http-outgoing-4 >> User-Agent: Apache-HttpClient/4.5.14 (Java/17.0.12)
12:04:33.741 [Test worker] DEBUG org.apache.http.headers -- http-outgoing-4 >> Accept-Encoding: gzip,deflate
12:04:33.741 [Test worker] DEBUG org.apache.http.wire -- http-outgoing-4 >> "GET /joseph_marquez_mazzini/api/characters HTTP/1.1[\r][\n]"
12:04:33.741 [Test worker] DEBUG org.apache.http.wire -- http-outgoing-4 >> "Host: bp-se-test-cabcd9b246a5.herokuapp.com[\r][\n]"
12:04:33.741 [Test worker] DEBUG org.apache.http.wire -- http-outgoing-4 >> "Connection: Keep-Alive[\r][\n]"
12:04:33.741 [Test worker] DEBUG org.apache.http.wire -- http-outgoing-4 >> "User-Agent: Apache-HttpClient/4.5.14 (Java/17.0.12)[\r][\n]"
12:04:33.741 [Test worker] DEBUG org.apache.http.wire -- http-outgoing-4 >> "Accept-Encoding: gzip,deflate[\r][\n]"
12:04:33.741 [Test worker] DEBUG org.apache.http.wire -- http-outgoing-4 >> "[\r][\n]"
12:04:33.851 [Test worker] DEBUG org.apache.http.wire -- http-outgoing-4 << "HTTP/1.1 200 [\r][\n]"
12:04:33.851 [Test worker] DEBUG org.apache.http.wire -- http-outgoing-4 << "Server: Cowboy[\r][\n]"
12:04:33.851 [Test worker] DEBUG org.apache.http.wire -- http-outgoing-4 << "Report-To: {"group":"heroku-nel","max_age":3600,"endpoints":[{"url":"https://nel.heroku.com/reports?ts=1750439074&sid=1b10b0ff-8a76-4548-befa-353fc6c6c045&s=W%2F3MqwTwyqKKFAvmuvkkH4jZfcQyoYz5SOJvjRgom9w%3D"}]}[\r][\n]"
12:04:33.851 [Test worker] DEBUG org.apache.http.wire -- http-outgoing-4 << "Reporting-Endpoints: heroku-nel=https://nel.heroku.com/reports?ts=1750439074&sid=1b10b0ff-8a76-4548-befa-353fc6c6c045&s=W%2F3MqwTwyqKKFAvmuvkkH4jZfcQyoYz5SOJvjRgom9w%3D[\r][\n]"
12:04:33.851 [Test worker] DEBUG org.apache.http.wire -- http-outgoing-4 << "Nel: {"report_to":"heroku-nel","max_age":3600,"success_fraction":0.005,"failure_fraction":0.05,"response_headers":["Via"]}[\r][\n]"
12:04:33.851 [Test worker] DEBUG org.apache.http.wire -- http-outgoing-4 << "Connection: keep-alive[\r][\n]"
12:04:33.851 [Test worker] DEBUG org.apache.http.wire -- http-outgoing-4 << "Content-Type: application/json[\r][\n]"
12:04:33.851 [Test worker] DEBUG org.apache.http.wire -- http-outgoing-4 << "Transfer-Encoding: chunked[\r][\n]"
12:04:33.851 [Test worker] DEBUG org.apache.http.wire -- http-outgoing-4 << "Date: Fri, 20 Jun 2025 17:04:34 GMT[\r][\n]"
12:04:33.851 [Test worker] DEBUG org.apache.http.wire -- http-outgoing-4 << "Via: 1.1 vegur[\r][\n]"
12:04:33.851 [Test worker] DEBUG org.apache.http.wire -- http-outgoing-4 << "[\r][\n]"
12:04:33.851 [Test worker] DEBUG org.apache.http.wire -- http-outgoing-4 << "1a6[\r][\n]"
12:04:33.851 [Test worker] DEBUG org.apache.http.wire -- http-outgoing-4 << "[{"id":8,"name":"Cat-Man","alterego":"Juan Piguave","description":"Superh[0xc3][0xa9]roe de los gatos de gye","powers":["Agilidad","Sentido gatuno","Trepar techos"]},{"id":9,"name":"Dog-Man","alterego":"Juan Lopez","description":"Superh[0xc3][0xa9]roe de los perros de uio","powers":["Sentido perruno","Olfatear"]},{"id":11,"name":"Superman","alterego":"Tommy Black","description":"Sobrenarual","powers":["Vuela rapido","Rayos en los ojos"]}][\r][\n]"
12:04:33.851 [Test worker] DEBUG org.apache.http.wire -- http-outgoing-4 << "0[\r][\n]"
12:04:33.851 [Test worker] DEBUG org.apache.http.wire -- http-outgoing-4 << "[\r][\n]"
12:04:33.851 [Test worker] DEBUG org.apache.http.headers -- http-outgoing-4 << HTTP/1.1 200 
12:04:33.851 [Test worker] DEBUG org.apache.http.headers -- http-outgoing-4 << Server: Cowboy
12:04:33.851 [Test worker] DEBUG org.apache.http.headers -- http-outgoing-4 << Report-To: {"group":"heroku-nel","max_age":3600,"endpoints":[{"url":"https://nel.heroku.com/reports?ts=1750439074&sid=1b10b0ff-8a76-4548-befa-353fc6c6c045&s=W%2F3MqwTwyqKKFAvmuvkkH4jZfcQyoYz5SOJvjRgom9w%3D"}]}
12:04:33.851 [Test worker] DEBUG org.apache.http.headers -- http-outgoing-4 << Reporting-Endpoints: heroku-nel=https://nel.heroku.com/reports?ts=1750439074&sid=1b10b0ff-8a76-4548-befa-353fc6c6c045&s=W%2F3MqwTwyqKKFAvmuvkkH4jZfcQyoYz5SOJvjRgom9w%3D
12:04:33.851 [Test worker] DEBUG org.apache.http.headers -- http-outgoing-4 << Nel: {"report_to":"heroku-nel","max_age":3600,"success_fraction":0.005,"failure_fraction":0.05,"response_headers":["Via"]}
12:04:33.851 [Test worker] DEBUG org.apache.http.headers -- http-outgoing-4 << Connection: keep-alive
12:04:33.851 [Test worker] DEBUG org.apache.http.headers -- http-outgoing-4 << Content-Type: application/json
12:04:33.851 [Test worker] DEBUG org.apache.http.headers -- http-outgoing-4 << Transfer-Encoding: chunked
12:04:33.851 [Test worker] DEBUG org.apache.http.headers -- http-outgoing-4 << Date: Fri, 20 Jun 2025 17:04:34 GMT
12:04:33.851 [Test worker] DEBUG org.apache.http.headers -- http-outgoing-4 << Via: 1.1 vegur
12:04:33.851 [Test worker] DEBUG org.apache.http.impl.execchain.MainClientExec -- Connection can be kept alive indefinitely
12:04:33.852 [Test worker] DEBUG org.apache.http.impl.conn.PoolingHttpClientConnectionManager -- Connection [id: 4][route: {}->http://bp-se-test-cabcd9b246a5.herokuapp.com:80] can be kept alive indefinitely
12:04:33.852 [Test worker] DEBUG org.apache.http.impl.conn.DefaultManagedHttpClientConnection -- http-outgoing-4: set socket timeout to 0
12:04:33.852 [Test worker] DEBUG org.apache.http.impl.conn.PoolingHttpClientConnectionManager -- Connection released: [id: 4][route: {}->http://bp-se-test-cabcd9b246a5.herokuapp.com:80][total available: 1; route allocated: 1 of 5; total allocated: 1 of 10]
12:04:33.852 [Test worker] DEBUG org.apache.http.impl.conn.PoolingHttpClientConnectionManager -- Connection manager is shutting down
12:04:33.852 [Test worker] DEBUG org.apache.http.impl.conn.DefaultManagedHttpClientConnection -- http-outgoing-4: Close connection
12:04:33.852 [Test worker] DEBUG org.apache.http.impl.conn.PoolingHttpClientConnectionManager -- Connection manager shut down
12:04:33.852 [Test worker] DEBUG com.intuit.karate -- response time in milliseconds: 138
1 < 200
1 < Server: Cowboy
1 < Report-To: {"group":"heroku-nel","max_age":3600,"endpoints":[{"url":"https://nel.heroku.com/reports?ts=1750439074&sid=1b10b0ff-8a76-4548-befa-353fc6c6c045&s=W%2F3MqwTwyqKKFAvmuvkkH4jZfcQyoYz5SOJvjRgom9w%3D"}]}
1 < Reporting-Endpoints: heroku-nel=https://nel.heroku.com/reports?ts=1750439074&sid=1b10b0ff-8a76-4548-befa-353fc6c6c045&s=W%2F3MqwTwyqKKFAvmuvkkH4jZfcQyoYz5SOJvjRgom9w%3D
1 < Nel: {"report_to":"heroku-nel","max_age":3600,"success_fraction":0.005,"failure_fraction":0.05,"response_headers":["Via"]}
1 < Connection: keep-alive
1 < Content-Type: application/json
1 < Transfer-Encoding: chunked
1 < Date: Fri, 20 Jun 2025 17:04:34 GMT
1 < Via: 1.1 vegur
[{"id":8,"name":"Cat-Man","alterego":"Juan Piguave","description":"Superhéroe de los gatos de gye","powers":["Agilidad","Sentido gatuno","Trepar techos"]},{"id":9,"name":"Dog-Man","alterego":"Juan Lopez","description":"Superhéroe de los perros de uio","powers":["Sentido perruno","Olfatear"]},{"id":11,"name":"Superman","alterego":"Tommy Black","description":"Sobrenarual","powers":["Vuela rapido","Rayos en los ojos"]}]

12:04:33.862 [Test worker] DEBUG org.apache.http.client.protocol.RequestAddCookies -- CookieSpec selected: karate
12:04:33.862 [Test worker] DEBUG org.apache.http.client.protocol.RequestAuthCache -- Auth cache not set in the context
12:04:33.862 [Test worker] DEBUG com.intuit.karate -- request:
2 > GET http://bp-se-test-cabcd9b246a5.herokuapp.com/joseph_marquez_mazzini/api/characters/8
2 > Host: bp-se-test-cabcd9b246a5.herokuapp.com
2 > Connection: Keep-Alive
2 > User-Agent: Apache-HttpClient/4.5.14 (Java/17.0.12)
2 > Accept-Encoding: gzip,deflate


12:04:33.864 [Test worker] DEBUG org.apache.http.impl.conn.PoolingHttpClientConnectionManager -- Connection request: [route: {}->http://bp-se-test-cabcd9b246a5.herokuapp.com:80][total available: 0; route allocated: 0 of 5; total allocated: 0 of 10]
12:04:33.864 [Test worker] DEBUG org.apache.http.impl.conn.PoolingHttpClientConnectionManager -- Connection leased: [id: 5][route: {}->http://bp-se-test-cabcd9b246a5.herokuapp.com:80][total available: 0; route allocated: 1 of 5; total allocated: 1 of 10]
12:04:33.864 [Test worker] DEBUG org.apache.http.impl.execchain.MainClientExec -- Opening connection {}->http://bp-se-test-cabcd9b246a5.herokuapp.com:80
12:04:33.864 [Test worker] DEBUG org.apache.http.impl.conn.DefaultHttpClientConnectionOperator -- Connecting to bp-se-test-cabcd9b246a5.herokuapp.com/54.165.58.209:80
12:04:33.890 [Test worker] DEBUG org.apache.http.impl.conn.DefaultHttpClientConnectionOperator -- Connection established 192.168.100.103:58773<->54.165.58.209:80
12:04:33.890 [Test worker] DEBUG org.apache.http.impl.conn.DefaultManagedHttpClientConnection -- http-outgoing-5: set socket timeout to 30000
12:04:33.890 [Test worker] DEBUG org.apache.http.impl.execchain.MainClientExec -- Executing request GET /joseph_marquez_mazzini/api/characters/8 HTTP/1.1
12:04:33.891 [Test worker] DEBUG org.apache.http.impl.execchain.MainClientExec -- Target auth state: UNCHALLENGED
12:04:33.891 [Test worker] DEBUG org.apache.http.impl.execchain.MainClientExec -- Proxy auth state: UNCHALLENGED
12:04:33.891 [Test worker] DEBUG org.apache.http.headers -- http-outgoing-5 >> GET /joseph_marquez_mazzini/api/characters/8 HTTP/1.1
12:04:33.891 [Test worker] DEBUG org.apache.http.headers -- http-outgoing-5 >> Host: bp-se-test-cabcd9b246a5.herokuapp.com
12:04:33.891 [Test worker] DEBUG org.apache.http.headers -- http-outgoing-5 >> Connection: Keep-Alive
12:04:33.891 [Test worker] DEBUG org.apache.http.headers -- http-outgoing-5 >> User-Agent: Apache-HttpClient/4.5.14 (Java/17.0.12)
12:04:33.891 [Test worker] DEBUG org.apache.http.headers -- http-outgoing-5 >> Accept-Encoding: gzip,deflate
12:04:33.891 [Test worker] DEBUG org.apache.http.wire -- http-outgoing-5 >> "GET /joseph_marquez_mazzini/api/characters/8 HTTP/1.1[\r][\n]"
12:04:33.891 [Test worker] DEBUG org.apache.http.wire -- http-outgoing-5 >> "Host: bp-se-test-cabcd9b246a5.herokuapp.com[\r][\n]"
12:04:33.891 [Test worker] DEBUG org.apache.http.wire -- http-outgoing-5 >> "Connection: Keep-Alive[\r][\n]"
12:04:33.891 [Test worker] DEBUG org.apache.http.wire -- http-outgoing-5 >> "User-Agent: Apache-HttpClient/4.5.14 (Java/17.0.12)[\r][\n]"
12:04:33.891 [Test worker] DEBUG org.apache.http.wire -- http-outgoing-5 >> "Accept-Encoding: gzip,deflate[\r][\n]"
12:04:33.891 [Test worker] DEBUG org.apache.http.wire -- http-outgoing-5 >> "[\r][\n]"
12:04:33.999 [Test worker] DEBUG org.apache.http.wire -- http-outgoing-5 << "HTTP/1.1 200 [\r][\n]"
12:04:33.999 [Test worker] DEBUG org.apache.http.wire -- http-outgoing-5 << "Server: Cowboy[\r][\n]"
12:04:33.999 [Test worker] DEBUG org.apache.http.wire -- http-outgoing-5 << "Report-To: {"group":"heroku-nel","max_age":3600,"endpoints":[{"url":"https://nel.heroku.com/reports?ts=1750439075&sid=1b10b0ff-8a76-4548-befa-353fc6c6c045&s=XBlVyDwOW8imPbEqS%2B9CO8PCZe9zTq2xarvbFsAIps4%3D"}]}[\r][\n]"
12:04:33.999 [Test worker] DEBUG org.apache.http.wire -- http-outgoing-5 << "Reporting-Endpoints: heroku-nel=https://nel.heroku.com/reports?ts=1750439075&sid=1b10b0ff-8a76-4548-befa-353fc6c6c045&s=XBlVyDwOW8imPbEqS%2B9CO8PCZe9zTq2xarvbFsAIps4%3D[\r][\n]"
12:04:33.999 [Test worker] DEBUG org.apache.http.wire -- http-outgoing-5 << "Nel: {"report_to":"heroku-nel","max_age":3600,"success_fraction":0.005,"failure_fraction":0.05,"response_headers":["Via"]}[\r][\n]"
12:04:33.999 [Test worker] DEBUG org.apache.http.wire -- http-outgoing-5 << "Connection: keep-alive[\r][\n]"
12:04:33.999 [Test worker] DEBUG org.apache.http.wire -- http-outgoing-5 << "Content-Type: application/json[\r][\n]"
12:04:33.999 [Test worker] DEBUG org.apache.http.wire -- http-outgoing-5 << "Transfer-Encoding: chunked[\r][\n]"
12:04:34.000 [Test worker] DEBUG org.apache.http.wire -- http-outgoing-5 << "Date: Fri, 20 Jun 2025 17:04:35 GMT[\r][\n]"
12:04:34.000 [Test worker] DEBUG org.apache.http.wire -- http-outgoing-5 << "Via: 1.1 vegur[\r][\n]"
12:04:34.000 [Test worker] DEBUG org.apache.http.wire -- http-outgoing-5 << "[\r][\n]"
12:04:34.000 [Test worker] DEBUG org.apache.http.wire -- http-outgoing-5 << "9a[\r][\n]"
12:04:34.000 [Test worker] DEBUG org.apache.http.wire -- http-outgoing-5 << "{"id":8,"name":"Cat-Man","alterego":"Juan Piguave","description":"Superh[0xc3][0xa9]roe de los gatos de gye","powers":["Agilidad","Sentido gatuno","Trepar techos"]}[\r][\n]"
12:04:34.000 [Test worker] DEBUG org.apache.http.wire -- http-outgoing-5 << "0[\r][\n]"
12:04:34.000 [Test worker] DEBUG org.apache.http.wire -- http-outgoing-5 << "[\r][\n]"
12:04:34.000 [Test worker] DEBUG org.apache.http.headers -- http-outgoing-5 << HTTP/1.1 200 
12:04:34.000 [Test worker] DEBUG org.apache.http.headers -- http-outgoing-5 << Server: Cowboy
12:04:34.000 [Test worker] DEBUG org.apache.http.headers -- http-outgoing-5 << Report-To: {"group":"heroku-nel","max_age":3600,"endpoints":[{"url":"https://nel.heroku.com/reports?ts=1750439075&sid=1b10b0ff-8a76-4548-befa-353fc6c6c045&s=XBlVyDwOW8imPbEqS%2B9CO8PCZe9zTq2xarvbFsAIps4%3D"}]}
12:04:34.000 [Test worker] DEBUG org.apache.http.headers -- http-outgoing-5 << Reporting-Endpoints: heroku-nel=https://nel.heroku.com/reports?ts=1750439075&sid=1b10b0ff-8a76-4548-befa-353fc6c6c045&s=XBlVyDwOW8imPbEqS%2B9CO8PCZe9zTq2xarvbFsAIps4%3D
12:04:34.000 [Test worker] DEBUG org.apache.http.headers -- http-outgoing-5 << Nel: {"report_to":"heroku-nel","max_age":3600,"success_fraction":0.005,"failure_fraction":0.05,"response_headers":["Via"]}
12:04:34.000 [Test worker] DEBUG org.apache.http.headers -- http-outgoing-5 << Connection: keep-alive
12:04:34.000 [Test worker] DEBUG org.apache.http.headers -- http-outgoing-5 << Content-Type: application/json
12:04:34.000 [Test worker] DEBUG org.apache.http.headers -- http-outgoing-5 << Transfer-Encoding: chunked
12:04:34.000 [Test worker] DEBUG org.apache.http.headers -- http-outgoing-5 << Date: Fri, 20 Jun 2025 17:04:35 GMT
12:04:34.000 [Test worker] DEBUG org.apache.http.headers -- http-outgoing-5 << Via: 1.1 vegur
12:04:34.000 [Test worker] DEBUG org.apache.http.impl.execchain.MainClientExec -- Connection can be kept alive indefinitely
12:04:34.000 [Test worker] DEBUG org.apache.http.impl.conn.PoolingHttpClientConnectionManager -- Connection [id: 5][route: {}->http://bp-se-test-cabcd9b246a5.herokuapp.com:80] can be kept alive indefinitely
12:04:34.000 [Test worker] DEBUG org.apache.http.impl.conn.DefaultManagedHttpClientConnection -- http-outgoing-5: set socket timeout to 0
12:04:34.000 [Test worker] DEBUG org.apache.http.impl.conn.PoolingHttpClientConnectionManager -- Connection released: [id: 5][route: {}->http://bp-se-test-cabcd9b246a5.herokuapp.com:80][total available: 1; route allocated: 1 of 5; total allocated: 1 of 10]
12:04:34.000 [Test worker] DEBUG org.apache.http.impl.conn.PoolingHttpClientConnectionManager -- Connection manager is shutting down
12:04:34.000 [Test worker] DEBUG org.apache.http.impl.conn.DefaultManagedHttpClientConnection -- http-outgoing-5: Close connection
12:04:34.000 [Test worker] DEBUG org.apache.http.impl.conn.PoolingHttpClientConnectionManager -- Connection manager shut down
12:04:34.001 [Test worker] DEBUG com.intuit.karate -- response time in milliseconds: 136
2 < 200
2 < Server: Cowboy
2 < Report-To: {"group":"heroku-nel","max_age":3600,"endpoints":[{"url":"https://nel.heroku.com/reports?ts=1750439075&sid=1b10b0ff-8a76-4548-befa-353fc6c6c045&s=XBlVyDwOW8imPbEqS%2B9CO8PCZe9zTq2xarvbFsAIps4%3D"}]}
2 < Reporting-Endpoints: heroku-nel=https://nel.heroku.com/reports?ts=1750439075&sid=1b10b0ff-8a76-4548-befa-353fc6c6c045&s=XBlVyDwOW8imPbEqS%2B9CO8PCZe9zTq2xarvbFsAIps4%3D
2 < Nel: {"report_to":"heroku-nel","max_age":3600,"success_fraction":0.005,"failure_fraction":0.05,"response_headers":["Via"]}
2 < Connection: keep-alive
2 < Content-Type: application/json
2 < Transfer-Encoding: chunked
2 < Date: Fri, 20 Jun 2025 17:04:35 GMT
2 < Via: 1.1 vegur
{"id":8,"name":"Cat-Man","alterego":"Juan Piguave","description":"Superhéroe de los gatos de gye","powers":["Agilidad","Sentido gatuno","Trepar techos"]}

12:04:34.014 [Test worker] DEBUG org.apache.http.client.protocol.RequestAddCookies -- CookieSpec selected: karate
12:04:34.014 [Test worker] DEBUG org.apache.http.client.protocol.RequestAuthCache -- Auth cache not set in the context
12:04:34.014 [Test worker] DEBUG com.intuit.karate -- request:
1 > GET http://bp-se-test-cabcd9b246a5.herokuapp.com/joseph_marquez_mazzini/api/characters/999
1 > Host: bp-se-test-cabcd9b246a5.herokuapp.com
1 > Connection: Keep-Alive
1 > User-Agent: Apache-HttpClient/4.5.14 (Java/17.0.12)
1 > Accept-Encoding: gzip,deflate


12:04:34.014 [Test worker] DEBUG org.apache.http.impl.conn.PoolingHttpClientConnectionManager -- Connection request: [route: {}->http://bp-se-test-cabcd9b246a5.herokuapp.com:80][total available: 0; route allocated: 0 of 5; total allocated: 0 of 10]
12:04:34.014 [Test worker] DEBUG org.apache.http.impl.conn.PoolingHttpClientConnectionManager -- Connection leased: [id: 6][route: {}->http://bp-se-test-cabcd9b246a5.herokuapp.com:80][total available: 0; route allocated: 1 of 5; total allocated: 1 of 10]
12:04:34.015 [Test worker] DEBUG org.apache.http.impl.execchain.MainClientExec -- Opening connection {}->http://bp-se-test-cabcd9b246a5.herokuapp.com:80
12:04:34.015 [Test worker] DEBUG org.apache.http.impl.conn.DefaultHttpClientConnectionOperator -- Connecting to bp-se-test-cabcd9b246a5.herokuapp.com/54.165.58.209:80
12:04:34.047 [Test worker] DEBUG org.apache.http.impl.conn.DefaultHttpClientConnectionOperator -- Connection established 192.168.100.103:58774<->54.165.58.209:80
12:04:34.047 [Test worker] DEBUG org.apache.http.impl.conn.DefaultManagedHttpClientConnection -- http-outgoing-6: set socket timeout to 30000
12:04:34.047 [Test worker] DEBUG org.apache.http.impl.execchain.MainClientExec -- Executing request GET /joseph_marquez_mazzini/api/characters/999 HTTP/1.1
12:04:34.047 [Test worker] DEBUG org.apache.http.impl.execchain.MainClientExec -- Target auth state: UNCHALLENGED
12:04:34.047 [Test worker] DEBUG org.apache.http.impl.execchain.MainClientExec -- Proxy auth state: UNCHALLENGED
12:04:34.047 [Test worker] DEBUG org.apache.http.headers -- http-outgoing-6 >> GET /joseph_marquez_mazzini/api/characters/999 HTTP/1.1
12:04:34.047 [Test worker] DEBUG org.apache.http.headers -- http-outgoing-6 >> Host: bp-se-test-cabcd9b246a5.herokuapp.com
12:04:34.047 [Test worker] DEBUG org.apache.http.headers -- http-outgoing-6 >> Connection: Keep-Alive
12:04:34.047 [Test worker] DEBUG org.apache.http.headers -- http-outgoing-6 >> User-Agent: Apache-HttpClient/4.5.14 (Java/17.0.12)
12:04:34.047 [Test worker] DEBUG org.apache.http.headers -- http-outgoing-6 >> Accept-Encoding: gzip,deflate
12:04:34.047 [Test worker] DEBUG org.apache.http.wire -- http-outgoing-6 >> "GET /joseph_marquez_mazzini/api/characters/999 HTTP/1.1[\r][\n]"
12:04:34.048 [Test worker] DEBUG org.apache.http.wire -- http-outgoing-6 >> "Host: bp-se-test-cabcd9b246a5.herokuapp.com[\r][\n]"
12:04:34.048 [Test worker] DEBUG org.apache.http.wire -- http-outgoing-6 >> "Connection: Keep-Alive[\r][\n]"
12:04:34.048 [Test worker] DEBUG org.apache.http.wire -- http-outgoing-6 >> "User-Agent: Apache-HttpClient/4.5.14 (Java/17.0.12)[\r][\n]"
12:04:34.048 [Test worker] DEBUG org.apache.http.wire -- http-outgoing-6 >> "Accept-Encoding: gzip,deflate[\r][\n]"
12:04:34.048 [Test worker] DEBUG org.apache.http.wire -- http-outgoing-6 >> "[\r][\n]"
12:04:34.158 [Test worker] DEBUG org.apache.http.wire -- http-outgoing-6 << "HTTP/1.1 404 [\r][\n]"
12:04:34.158 [Test worker] DEBUG org.apache.http.wire -- http-outgoing-6 << "Server: Cowboy[\r][\n]"
12:04:34.158 [Test worker] DEBUG org.apache.http.wire -- http-outgoing-6 << "Report-To: {"group":"heroku-nel","max_age":3600,"endpoints":[{"url":"https://nel.heroku.com/reports?ts=1750439075&sid=1b10b0ff-8a76-4548-befa-353fc6c6c045&s=XBlVyDwOW8imPbEqS%2B9CO8PCZe9zTq2xarvbFsAIps4%3D"}]}[\r][\n]"
12:04:34.159 [Test worker] DEBUG org.apache.http.wire -- http-outgoing-6 << "Reporting-Endpoints: heroku-nel=https://nel.heroku.com/reports?ts=1750439075&sid=1b10b0ff-8a76-4548-befa-353fc6c6c045&s=XBlVyDwOW8imPbEqS%2B9CO8PCZe9zTq2xarvbFsAIps4%3D[\r][\n]"
12:04:34.159 [Test worker] DEBUG org.apache.http.wire -- http-outgoing-6 << "Nel: {"report_to":"heroku-nel","max_age":3600,"success_fraction":0.005,"failure_fraction":0.05,"response_headers":["Via"]}[\r][\n]"
12:04:34.159 [Test worker] DEBUG org.apache.http.wire -- http-outgoing-6 << "Connection: keep-alive[\r][\n]"
12:04:34.159 [Test worker] DEBUG org.apache.http.wire -- http-outgoing-6 << "Content-Type: application/json[\r][\n]"
12:04:34.159 [Test worker] DEBUG org.apache.http.wire -- http-outgoing-6 << "Transfer-Encoding: chunked[\r][\n]"
12:04:34.159 [Test worker] DEBUG org.apache.http.wire -- http-outgoing-6 << "Date: Fri, 20 Jun 2025 17:04:35 GMT[\r][\n]"
12:04:34.159 [Test worker] DEBUG org.apache.http.wire -- http-outgoing-6 << "Via: 1.1 vegur[\r][\n]"
12:04:34.159 [Test worker] DEBUG org.apache.http.wire -- http-outgoing-6 << "[\r][\n]"
12:04:34.159 [Test worker] DEBUG org.apache.http.wire -- http-outgoing-6 << "1f[\r][\n]"
12:04:34.159 [Test worker] DEBUG org.apache.http.wire -- http-outgoing-6 << "{"error":"Character not found"}[\r][\n]"
12:04:34.159 [Test worker] DEBUG org.apache.http.wire -- http-outgoing-6 << "0[\r][\n]"
12:04:34.159 [Test worker] DEBUG org.apache.http.wire -- http-outgoing-6 << "[\r][\n]"
12:04:34.159 [Test worker] DEBUG org.apache.http.headers -- http-outgoing-6 << HTTP/1.1 404 
12:04:34.159 [Test worker] DEBUG org.apache.http.headers -- http-outgoing-6 << Server: Cowboy
12:04:34.159 [Test worker] DEBUG org.apache.http.headers -- http-outgoing-6 << Report-To: {"group":"heroku-nel","max_age":3600,"endpoints":[{"url":"https://nel.heroku.com/reports?ts=1750439075&sid=1b10b0ff-8a76-4548-befa-353fc6c6c045&s=XBlVyDwOW8imPbEqS%2B9CO8PCZe9zTq2xarvbFsAIps4%3D"}]}
12:04:34.159 [Test worker] DEBUG org.apache.http.headers -- http-outgoing-6 << Reporting-Endpoints: heroku-nel=https://nel.heroku.com/reports?ts=1750439075&sid=1b10b0ff-8a76-4548-befa-353fc6c6c045&s=XBlVyDwOW8imPbEqS%2B9CO8PCZe9zTq2xarvbFsAIps4%3D
12:04:34.159 [Test worker] DEBUG org.apache.http.headers -- http-outgoing-6 << Nel: {"report_to":"heroku-nel","max_age":3600,"success_fraction":0.005,"failure_fraction":0.05,"response_headers":["Via"]}
12:04:34.159 [Test worker] DEBUG org.apache.http.headers -- http-outgoing-6 << Connection: keep-alive
12:04:34.159 [Test worker] DEBUG org.apache.http.headers -- http-outgoing-6 << Content-Type: application/json
12:04:34.159 [Test worker] DEBUG org.apache.http.headers -- http-outgoing-6 << Transfer-Encoding: chunked
12:04:34.159 [Test worker] DEBUG org.apache.http.headers -- http-outgoing-6 << Date: Fri, 20 Jun 2025 17:04:35 GMT
12:04:34.159 [Test worker] DEBUG org.apache.http.headers -- http-outgoing-6 << Via: 1.1 vegur
12:04:34.159 [Test worker] DEBUG org.apache.http.impl.execchain.MainClientExec -- Connection can be kept alive indefinitely
12:04:34.159 [Test worker] DEBUG org.apache.http.impl.conn.PoolingHttpClientConnectionManager -- Connection [id: 6][route: {}->http://bp-se-test-cabcd9b246a5.herokuapp.com:80] can be kept alive indefinitely
12:04:34.159 [Test worker] DEBUG org.apache.http.impl.conn.DefaultManagedHttpClientConnection -- http-outgoing-6: set socket timeout to 0
12:04:34.159 [Test worker] DEBUG org.apache.http.impl.conn.PoolingHttpClientConnectionManager -- Connection released: [id: 6][route: {}->http://bp-se-test-cabcd9b246a5.herokuapp.com:80][total available: 1; route allocated: 1 of 5; total allocated: 1 of 10]
12:04:34.159 [Test worker] DEBUG org.apache.http.impl.conn.PoolingHttpClientConnectionManager -- Connection manager is shutting down
12:04:34.159 [Test worker] DEBUG org.apache.http.impl.conn.DefaultManagedHttpClientConnection -- http-outgoing-6: Close connection
12:04:34.160 [Test worker] DEBUG org.apache.http.impl.conn.PoolingHttpClientConnectionManager -- Connection manager shut down
12:04:34.160 [Test worker] DEBUG com.intuit.karate -- response time in milliseconds: 145
1 < 404
1 < Server: Cowboy
1 < Report-To: {"group":"heroku-nel","max_age":3600,"endpoints":[{"url":"https://nel.heroku.com/reports?ts=1750439075&sid=1b10b0ff-8a76-4548-befa-353fc6c6c045&s=XBlVyDwOW8imPbEqS%2B9CO8PCZe9zTq2xarvbFsAIps4%3D"}]}
1 < Reporting-Endpoints: heroku-nel=https://nel.heroku.com/reports?ts=1750439075&sid=1b10b0ff-8a76-4548-befa-353fc6c6c045&s=XBlVyDwOW8imPbEqS%2B9CO8PCZe9zTq2xarvbFsAIps4%3D
1 < Nel: {"report_to":"heroku-nel","max_age":3600,"success_fraction":0.005,"failure_fraction":0.05,"response_headers":["Via"]}
1 < Connection: keep-alive
1 < Content-Type: application/json
1 < Transfer-Encoding: chunked
1 < Date: Fri, 20 Jun 2025 17:04:35 GMT
1 < Via: 1.1 vegur
{"error":"Character not found"}

12:04:34.161 [Test worker] DEBUG com.jayway.jsonpath.internal.path.CompiledPath -- Evaluating path: $['error']
12:04:34.170 [Test worker] DEBUG com.jayway.jsonpath.internal.path.CompiledPath -- Evaluating path: $
12:04:34.173 [Test worker] DEBUG org.apache.http.client.protocol.RequestAddCookies -- CookieSpec selected: karate
12:04:34.173 [Test worker] DEBUG org.apache.http.client.protocol.RequestAuthCache -- Auth cache not set in the context
12:04:34.173 [Test worker] DEBUG com.intuit.karate -- request:
1 > PUT http://bp-se-test-cabcd9b246a5.herokuapp.com/joseph_marquez_mazzini/api/characters/8
1 > Content-Type: application/json; charset=UTF-8
1 > Content-Length: 147
1 > Host: bp-se-test-cabcd9b246a5.herokuapp.com
1 > Connection: Keep-Alive
1 > User-Agent: Apache-HttpClient/4.5.14 (Java/17.0.12)
1 > Accept-Encoding: gzip,deflate
{"name":"Cat-Man","alterego":"Juan Piguave","description":"Superhéroe de los gatos de gye","powers":["Agilidad","Sentido gatuno","Trepar techos"]}

12:04:34.173 [Test worker] DEBUG org.apache.http.impl.conn.PoolingHttpClientConnectionManager -- Connection request: [route: {}->http://bp-se-test-cabcd9b246a5.herokuapp.com:80][total available: 0; route allocated: 0 of 5; total allocated: 0 of 10]
12:04:34.174 [Test worker] DEBUG org.apache.http.impl.conn.PoolingHttpClientConnectionManager -- Connection leased: [id: 7][route: {}->http://bp-se-test-cabcd9b246a5.herokuapp.com:80][total available: 0; route allocated: 1 of 5; total allocated: 1 of 10]
12:04:34.174 [Test worker] DEBUG org.apache.http.impl.execchain.MainClientExec -- Opening connection {}->http://bp-se-test-cabcd9b246a5.herokuapp.com:80
12:04:34.174 [Test worker] DEBUG org.apache.http.impl.conn.DefaultHttpClientConnectionOperator -- Connecting to bp-se-test-cabcd9b246a5.herokuapp.com/54.165.58.209:80
12:04:34.205 [Test worker] DEBUG org.apache.http.impl.conn.DefaultHttpClientConnectionOperator -- Connection established 192.168.100.103:58775<->54.165.58.209:80
12:04:34.205 [Test worker] DEBUG org.apache.http.impl.conn.DefaultManagedHttpClientConnection -- http-outgoing-7: set socket timeout to 30000
12:04:34.205 [Test worker] DEBUG org.apache.http.impl.execchain.MainClientExec -- Executing request PUT /joseph_marquez_mazzini/api/characters/8 HTTP/1.1
12:04:34.205 [Test worker] DEBUG org.apache.http.impl.execchain.MainClientExec -- Target auth state: UNCHALLENGED
12:04:34.205 [Test worker] DEBUG org.apache.http.impl.execchain.MainClientExec -- Proxy auth state: UNCHALLENGED
12:04:34.205 [Test worker] DEBUG org.apache.http.headers -- http-outgoing-7 >> PUT /joseph_marquez_mazzini/api/characters/8 HTTP/1.1
12:04:34.205 [Test worker] DEBUG org.apache.http.headers -- http-outgoing-7 >> Content-Type: application/json; charset=UTF-8
12:04:34.205 [Test worker] DEBUG org.apache.http.headers -- http-outgoing-7 >> Content-Length: 147
12:04:34.205 [Test worker] DEBUG org.apache.http.headers -- http-outgoing-7 >> Host: bp-se-test-cabcd9b246a5.herokuapp.com
12:04:34.205 [Test worker] DEBUG org.apache.http.headers -- http-outgoing-7 >> Connection: Keep-Alive
12:04:34.205 [Test worker] DEBUG org.apache.http.headers -- http-outgoing-7 >> User-Agent: Apache-HttpClient/4.5.14 (Java/17.0.12)
12:04:34.205 [Test worker] DEBUG org.apache.http.headers -- http-outgoing-7 >> Accept-Encoding: gzip,deflate
12:04:34.205 [Test worker] DEBUG org.apache.http.wire -- http-outgoing-7 >> "PUT /joseph_marquez_mazzini/api/characters/8 HTTP/1.1[\r][\n]"
12:04:34.205 [Test worker] DEBUG org.apache.http.wire -- http-outgoing-7 >> "Content-Type: application/json; charset=UTF-8[\r][\n]"
12:04:34.205 [Test worker] DEBUG org.apache.http.wire -- http-outgoing-7 >> "Content-Length: 147[\r][\n]"
12:04:34.205 [Test worker] DEBUG org.apache.http.wire -- http-outgoing-7 >> "Host: bp-se-test-cabcd9b246a5.herokuapp.com[\r][\n]"
12:04:34.205 [Test worker] DEBUG org.apache.http.wire -- http-outgoing-7 >> "Connection: Keep-Alive[\r][\n]"
12:04:34.205 [Test worker] DEBUG org.apache.http.wire -- http-outgoing-7 >> "User-Agent: Apache-HttpClient/4.5.14 (Java/17.0.12)[\r][\n]"
12:04:34.205 [Test worker] DEBUG org.apache.http.wire -- http-outgoing-7 >> "Accept-Encoding: gzip,deflate[\r][\n]"
12:04:34.205 [Test worker] DEBUG org.apache.http.wire -- http-outgoing-7 >> "[\r][\n]"
12:04:34.206 [Test worker] DEBUG org.apache.http.wire -- http-outgoing-7 >> "{"name":"Cat-Man","alterego":"Juan Piguave","description":"Superh[0xc3][0xa9]roe de los gatos de gye","powers":["Agilidad","Sentido gatuno","Trepar techos"]}"
12:04:34.317 [Test worker] DEBUG org.apache.http.wire -- http-outgoing-7 << "HTTP/1.1 200 [\r][\n]"
12:04:34.317 [Test worker] DEBUG org.apache.http.wire -- http-outgoing-7 << "Server: Cowboy[\r][\n]"
12:04:34.317 [Test worker] DEBUG org.apache.http.wire -- http-outgoing-7 << "Report-To: {"group":"heroku-nel","max_age":3600,"endpoints":[{"url":"https://nel.heroku.com/reports?ts=1750439075&sid=1b10b0ff-8a76-4548-befa-353fc6c6c045&s=XBlVyDwOW8imPbEqS%2B9CO8PCZe9zTq2xarvbFsAIps4%3D"}]}[\r][\n]"
12:04:34.317 [Test worker] DEBUG org.apache.http.wire -- http-outgoing-7 << "Reporting-Endpoints: heroku-nel=https://nel.heroku.com/reports?ts=1750439075&sid=1b10b0ff-8a76-4548-befa-353fc6c6c045&s=XBlVyDwOW8imPbEqS%2B9CO8PCZe9zTq2xarvbFsAIps4%3D[\r][\n]"
12:04:34.317 [Test worker] DEBUG org.apache.http.wire -- http-outgoing-7 << "Nel: {"report_to":"heroku-nel","max_age":3600,"success_fraction":0.005,"failure_fraction":0.05,"response_headers":["Via"]}[\r][\n]"
12:04:34.317 [Test worker] DEBUG org.apache.http.wire -- http-outgoing-7 << "Connection: keep-alive[\r][\n]"
12:04:34.317 [Test worker] DEBUG org.apache.http.wire -- http-outgoing-7 << "Content-Type: application/json[\r][\n]"
12:04:34.317 [Test worker] DEBUG org.apache.http.wire -- http-outgoing-7 << "Transfer-Encoding: chunked[\r][\n]"
12:04:34.317 [Test worker] DEBUG org.apache.http.wire -- http-outgoing-7 << "Date: Fri, 20 Jun 2025 17:04:35 GMT[\r][\n]"
12:04:34.317 [Test worker] DEBUG org.apache.http.wire -- http-outgoing-7 << "Via: 1.1 vegur[\r][\n]"
12:04:34.317 [Test worker] DEBUG org.apache.http.wire -- http-outgoing-7 << "[\r][\n]"
12:04:34.317 [Test worker] DEBUG org.apache.http.wire -- http-outgoing-7 << "9a[\r][\n]"
12:04:34.317 [Test worker] DEBUG org.apache.http.wire -- http-outgoing-7 << "{"id":8,"name":"Cat-Man","alterego":"Juan Piguave","description":"Superh[0xc3][0xa9]roe de los gatos de gye","powers":["Agilidad","Sentido gatuno","Trepar techos"]}[\r][\n]"
12:04:34.317 [Test worker] DEBUG org.apache.http.wire -- http-outgoing-7 << "0[\r][\n]"
12:04:34.317 [Test worker] DEBUG org.apache.http.wire -- http-outgoing-7 << "[\r][\n]"
12:04:34.317 [Test worker] DEBUG org.apache.http.headers -- http-outgoing-7 << HTTP/1.1 200 
12:04:34.317 [Test worker] DEBUG org.apache.http.headers -- http-outgoing-7 << Server: Cowboy
12:04:34.317 [Test worker] DEBUG org.apache.http.headers -- http-outgoing-7 << Report-To: {"group":"heroku-nel","max_age":3600,"endpoints":[{"url":"https://nel.heroku.com/reports?ts=1750439075&sid=1b10b0ff-8a76-4548-befa-353fc6c6c045&s=XBlVyDwOW8imPbEqS%2B9CO8PCZe9zTq2xarvbFsAIps4%3D"}]}
12:04:34.317 [Test worker] DEBUG org.apache.http.headers -- http-outgoing-7 << Reporting-Endpoints: heroku-nel=https://nel.heroku.com/reports?ts=1750439075&sid=1b10b0ff-8a76-4548-befa-353fc6c6c045&s=XBlVyDwOW8imPbEqS%2B9CO8PCZe9zTq2xarvbFsAIps4%3D
12:04:34.317 [Test worker] DEBUG org.apache.http.headers -- http-outgoing-7 << Nel: {"report_to":"heroku-nel","max_age":3600,"success_fraction":0.005,"failure_fraction":0.05,"response_headers":["Via"]}
12:04:34.317 [Test worker] DEBUG org.apache.http.headers -- http-outgoing-7 << Connection: keep-alive
12:04:34.317 [Test worker] DEBUG org.apache.http.headers -- http-outgoing-7 << Content-Type: application/json
12:04:34.317 [Test worker] DEBUG org.apache.http.headers -- http-outgoing-7 << Transfer-Encoding: chunked
12:04:34.317 [Test worker] DEBUG org.apache.http.headers -- http-outgoing-7 << Date: Fri, 20 Jun 2025 17:04:35 GMT
[...]
[THYMELEAF]             * [* {th:target,data-th-target}] [1000]: org.thymeleaf.standard.processor.StandardRemovableAttributeTagProcessor
[THYMELEAF]             * [* {th:optimum,data-th-optimum}] [1000]: org.thymeleaf.standard.processor.StandardRemovableAttributeTagProcessor
[THYMELEAF]             * [* {th:hreflang,data-th-hreflang}] [1000]: org.thymeleaf.standard.processor.StandardRemovableAttributeTagProcessor
[THYMELEAF]             * [* {th:high,data-th-high}] [1000]: org.thymeleaf.standard.processor.StandardRemovableAttributeTagProcessor
[THYMELEAF]             * [* {th:rel,data-th-rel}] [1000]: org.thymeleaf.standard.processor.StandardRemovableAttributeTagProcessor
[THYMELEAF]             * [* {th:media,data-th-media}] [1000]: org.thymeleaf.standard.processor.StandardRemovableAttributeTagProcessor
[THYMELEAF]             * [* {th:manifest,data-th-manifest}] [1000]: org.thymeleaf.standard.processor.StandardRemovableAttributeTagProcessor
[THYMELEAF]             * [* {th:scope,data-th-scope}] [1000]: org.thymeleaf.standard.processor.StandardRemovableAttributeTagProcessor
[THYMELEAF]             * [* {th:width,data-th-width}] [1000]: org.thymeleaf.standard.processor.StandardRemovableAttributeTagProcessor
[THYMELEAF]             * [* {th:background,data-th-background}] [1000]: org.thymeleaf.standard.processor.StandardRemovableAttributeTagProcessor
[THYMELEAF]             * [* {th:summary,data-th-summary}] [1000]: org.thymeleaf.standard.processor.StandardRemovableAttributeTagProcessor
[THYMELEAF]             * [* {th:codebase,data-th-codebase}] [1000]: org.thymeleaf.standard.processor.StandardRemovableAttributeTagProcessor
[THYMELEAF]             * [* {th:accept-charset,data-th-accept-charset}] [1000]: org.thymeleaf.standard.processor.StandardRemovableAttributeTagProcessor
[THYMELEAF]             * [* {th:preload,data-th-preload}] [1000]: org.thymeleaf.standard.processor.StandardRemovableAttributeTagProcessor
[THYMELEAF]             * [* {th:keytype,data-th-keytype}] [1000]: org.thymeleaf.standard.processor.StandardRemovableAttributeTagProcessor
[THYMELEAF]             * [* {th:alt,data-th-alt}] [1000]: org.thymeleaf.standard.processor.StandardRemovableAttributeTagProcessor
[THYMELEAF]             * [* {th:standby,data-th-standby}] [1000]: org.thymeleaf.standard.processor.StandardRemovableAttributeTagProcessor
[THYMELEAF]             * [* {th:tabindex,data-th-tabindex}] [1000]: org.thymeleaf.standard.processor.StandardRemovableAttributeTagProcessor
[THYMELEAF]             * [* {th:pattern,data-th-pattern}] [1000]: org.thymeleaf.standard.processor.StandardRemovableAttributeTagProcessor
[THYMELEAF]             * [* {th:scheme,data-th-scheme}] [1000]: org.thymeleaf.standard.processor.StandardRemovableAttributeTagProcessor
[THYMELEAF]             * [* {th:enctype,data-th-enctype}] [1000]: org.thymeleaf.standard.processor.StandardRemovableAttributeTagProcessor
[THYMELEAF]             * [* {th:rowspan,data-th-rowspan}] [1000]: org.thymeleaf.standard.processor.StandardRemovableAttributeTagProcessor
[THYMELEAF]             * [* {th:frameborder,data-th-frameborder}] [1000]: org.thymeleaf.standard.processor.StandardRemovableAttributeTagProcessor
[THYMELEAF]             * [* {th:scrolling,data-th-scrolling}] [1000]: org.thymeleaf.standard.processor.StandardRemovableAttributeTagProcessor
[THYMELEAF]             * [* {th:cite,data-th-cite}] [1000]: org.thymeleaf.standard.processor.StandardRemovableAttributeTagProcessor
[THYMELEAF]             * [* {th:codetype,data-th-codetype}] [1000]: org.thymeleaf.standard.processor.StandardRemovableAttributeTagProcessor
[THYMELEAF]             * [* {th:formtarget,data-th-formtarget}] [1000]: org.thymeleaf.standard.processor.StandardRemovableAttributeTagProcessor
[THYMELEAF]             * [* {th:frame,data-th-frame}] [1000]: org.thymeleaf.standard.processor.StandardRemovableAttributeTagProcessor
[THYMELEAF]             * [* {th:data,data-th-data}] [1000]: org.thymeleaf.standard.processor.StandardRemovableAttributeTagProcessor
[THYMELEAF]             * [* {th:max,data-th-max}] [1000]: org.thymeleaf.standard.processor.StandardRemovableAttributeTagProcessor
[THYMELEAF]             * [* {th:step,data-th-step}] [1000]: org.thymeleaf.standard.processor.StandardRemovableAttributeTagProcessor
[THYMELEAF]             * [* {th:rev,data-th-rev}] [1000]: org.thymeleaf.standard.processor.StandardRemovableAttributeTagProcessor
[THYMELEAF]             * [* {th:sandbox,data-th-sandbox}] [1000]: org.thymeleaf.standard.processor.StandardRemovableAttributeTagProcessor
[THYMELEAF]             * [* {th:http-equiv,data-th-http-equiv}] [1000]: org.thymeleaf.standard.processor.StandardRemovableAttributeTagProcessor
[THYMELEAF]             * [* {th:charset,data-th-charset}] [1000]: org.thymeleaf.standard.processor.StandardRemovableAttributeTagProcessor
[THYMELEAF]             * [* {th:start,data-th-start}] [1000]: org.thymeleaf.standard.processor.StandardRemovableAttributeTagProcessor
[THYMELEAF]             * [* {th:rows,data-th-rows}] [1000]: org.thymeleaf.standard.processor.StandardRemovableAttributeTagProcessor
[THYMELEAF]             * [* {th:kind,data-th-kind}] [1000]: org.thymeleaf.standard.processor.StandardRemovableAttributeTagProcessor
[THYMELEAF]             * [* {th:axis,data-th-axis}] [1000]: org.thymeleaf.standard.processor.StandardRemovableAttributeTagProcessor
[THYMELEAF]             * [* {th:src,data-th-src}] [1000]: org.thymeleaf.standard.processor.StandardSrcTagProcessor
[THYMELEAF]             * [* {th:value,data-th-value}] [1000]: org.thymeleaf.standard.processor.StandardValueTagProcessor
[THYMELEAF]             * [* {th:xmlbase,data-th-xmlbase}] [1000]: org.thymeleaf.standard.processor.StandardXmlBaseTagProcessor
[THYMELEAF]             * [* {th:xmllang,data-th-xmllang}] [1000]: org.thymeleaf.standard.processor.StandardXmlLangTagProcessor
[THYMELEAF]             * [* {xmlns:th}] [1000]: org.thymeleaf.standard.processor.StandardXmlNsTagProcessor
[THYMELEAF]             * [* {th:xmlspace,data-th-xmlspace}] [1000]: org.thymeleaf.standard.processor.StandardXmlSpaceTagProcessor
[THYMELEAF]             * [* {th:classappend,data-th-classappend}] [1100]: org.thymeleaf.standard.processor.StandardClassappendTagProcessor
[THYMELEAF]             * [* {th:styleappend,data-th-styleappend}] [1100]: org.thymeleaf.standard.processor.StandardStyleappendTagProcessor
[THYMELEAF]             * [* {th:text,data-th-text}] [1300]: org.thymeleaf.standard.processor.StandardTextTagProcessor
[THYMELEAF]             * [* {th:utext,data-th-utext}] [1400]: org.thymeleaf.standard.processor.StandardUtextTagProcessor
[THYMELEAF]             * [* {th:fragment,data-th-fragment}] [1500]: org.thymeleaf.standard.processor.StandardFragmentTagProcessor
[THYMELEAF]             * [* {th:assert,data-th-assert}] [1550]: org.thymeleaf.standard.processor.StandardAssertTagProcessor
[THYMELEAF]             * [* {th:remove,data-th-remove}] [1600]: org.thymeleaf.standard.processor.StandardRemoveTagProcessor
[THYMELEAF]             * [* {th:ref,data-th-ref}] [10000]: org.thymeleaf.standard.processor.StandardRefAttributeTagProcessor
[THYMELEAF]             * [{th:block,th-block} *] [100000]: org.thymeleaf.standard.processor.StandardBlockTagProcessor
[THYMELEAF]             * [* th:*] [2147483647]: org.thymeleaf.standard.processor.StandardDefaultAttributesTagProcessor
[THYMELEAF]         * Text Processors by [precedence]:
[THYMELEAF]             * [1000]: org.thymeleaf.standard.processor.StandardInliningTextProcessor
[THYMELEAF]         * DOCTYPE Processors by [precedence]:
[THYMELEAF]             * [1000]: org.thymeleaf.standard.processor.StandardTranslationDocTypeProcessor
[THYMELEAF]         * CDATA Section Processors by [precedence]:
[THYMELEAF]             * [1000]: org.thymeleaf.standard.processor.StandardInliningCDATASectionProcessor
[THYMELEAF]         * Comment Processors by [precedence]:
[THYMELEAF]             * [1000]: org.thymeleaf.standard.processor.StandardInliningCommentProcessor
[THYMELEAF]             * [1100]: org.thymeleaf.standard.processor.StandardConditionalCommentProcessor
[THYMELEAF]     * Processors for Template Mode: XML
[THYMELEAF]         * Element Tag Processors by [matching element and attribute name] [precedence]:
[THYMELEAF]             * [* {th:include}] [100]: org.thymeleaf.standard.processor.StandardIncludeTagProcessor
[THYMELEAF]             * [* {th:insert}] [100]: org.thymeleaf.standard.processor.StandardInsertTagProcessor
[THYMELEAF]             * [* {th:replace}] [100]: org.thymeleaf.standard.processor.StandardReplaceTagProcessor
[THYMELEAF]             * [* {th:each}] [200]: com.intuit.karate.template.KarateEachTagProcessor
[THYMELEAF]             * [* {th:switch}] [250]: org.thymeleaf.standard.processor.StandardSwitchTagProcessor
[THYMELEAF]             * [* {th:case}] [275]: org.thymeleaf.standard.processor.StandardCaseTagProcessor
[THYMELEAF]             * [* {th:if}] [300]: org.thymeleaf.standard.processor.StandardIfTagProcessor
[THYMELEAF]             * [* {th:unless}] [400]: org.thymeleaf.standard.processor.StandardUnlessTagProcessor
[THYMELEAF]             * [* {th:object}] [500]: org.thymeleaf.standard.processor.StandardObjectTagProcessor
[THYMELEAF]             * [* {th:with}] [600]: com.intuit.karate.template.KarateWithTagProcessor
[THYMELEAF]             * [* {th:attr}] [700]: com.intuit.karate.template.KarateAttributeTagProcessor.KarateAttrTagProcessor
[THYMELEAF]             * [* {th:attrappend}] [900]: com.intuit.karate.template.KarateAttributeTagProcessor.KarateAttrappendTagProcessor
[THYMELEAF]             * [* {th:attrprepend}] [900]: com.intuit.karate.template.KarateAttributeTagProcessor.KarateAttrprependTagProcessor
[THYMELEAF]             * [* {th:inline}] [1000]: org.thymeleaf.standard.processor.StandardInlineXMLTagProcessor
[THYMELEAF]             * [* {xmlns:th}] [1000]: org.thymeleaf.standard.processor.StandardXmlNsTagProcessor
[THYMELEAF]             * [* {th:text}] [1300]: org.thymeleaf.standard.processor.StandardTextTagProcessor
[THYMELEAF]             * [* {th:utext}] [1400]: org.thymeleaf.standard.processor.StandardUtextTagProcessor
[THYMELEAF]             * [* {th:fragment}] [1500]: org.thymeleaf.standard.processor.StandardFragmentTagProcessor
[THYMELEAF]             * [* {th:assert}] [1550]: org.thymeleaf.standard.processor.StandardAssertTagProcessor
[THYMELEAF]             * [* {th:remove}] [1600]: org.thymeleaf.standard.processor.StandardRemoveTagProcessor
[THYMELEAF]             * [* {th:ref}] [10000]: org.thymeleaf.standard.processor.StandardRefAttributeTagProcessor
[THYMELEAF]             * [{th:block} *] [100000]: org.thymeleaf.standard.processor.StandardBlockTagProcessor
[THYMELEAF]             * [* th:*] [2147483647]: org.thymeleaf.standard.processor.StandardDefaultAttributesTagProcessor
[THYMELEAF]         * Text Processors by [precedence]:
[THYMELEAF]             * [1000]: org.thymeleaf.standard.processor.StandardInliningTextProcessor
[THYMELEAF]         * CDATA Section Processors by [precedence]:
[THYMELEAF]             * [1000]: org.thymeleaf.standard.processor.StandardInliningCDATASectionProcessor
[THYMELEAF]         * Comment Processors by [precedence]:
[THYMELEAF]             * [1000]: org.thymeleaf.standard.processor.StandardInliningCommentProcessor
[THYMELEAF]     * Processors for Template Mode: TEXT
[THYMELEAF]         * Element Tag Processors by [matching element and attribute name] [precedence]:
[THYMELEAF]             * [* {th:insert}] [100]: org.thymeleaf.standard.processor.StandardInsertTagProcessor
[THYMELEAF]             * [* {th:replace}] [100]: org.thymeleaf.standard.processor.StandardReplaceTagProcessor
[THYMELEAF]             * [* {th:each}] [200]: com.intuit.karate.template.KarateEachTagProcessor
[THYMELEAF]             * [* {th:switch}] [250]: org.thymeleaf.standard.processor.StandardSwitchTagProcessor
[THYMELEAF]             * [* {th:case}] [275]: org.thymeleaf.standard.processor.StandardCaseTagProcessor
[THYMELEAF]             * [* {th:if}] [300]: org.thymeleaf.standard.processor.StandardIfTagProcessor
[THYMELEAF]             * [* {th:unless}] [400]: org.thymeleaf.standard.processor.StandardUnlessTagProcessor
[THYMELEAF]             * [* {th:object}] [500]: org.thymeleaf.standard.processor.StandardObjectTagProcessor
[THYMELEAF]             * [* {th:with}] [600]: com.intuit.karate.template.KarateWithTagProcessor
[THYMELEAF]             * [* {th:inline}] [1000]: org.thymeleaf.standard.processor.StandardInlineTextualTagProcessor
[THYMELEAF]             * [* {th:text}] [1300]: org.thymeleaf.standard.processor.StandardTextTagProcessor
[THYMELEAF]             * [* {th:utext}] [1400]: org.thymeleaf.standard.processor.StandardUtextTagProcessor
[THYMELEAF]             * [* {th:assert}] [1550]: org.thymeleaf.standard.processor.StandardAssertTagProcessor
[THYMELEAF]             * [* {th:remove}] [1600]: org.thymeleaf.standard.processor.StandardRemoveTagProcessor
[THYMELEAF]             * [{th:block} *] [100000]: org.thymeleaf.standard.processor.StandardBlockTagProcessor
[THYMELEAF]             * [* 100000] [org.thymeleaf.standard.processor.StandardBlockTagProcessor]: {}
[THYMELEAF]         * Text Processors by [precedence]:
[THYMELEAF]             * [1000]: org.thymeleaf.standard.processor.StandardInliningTextProcessor
[THYMELEAF]     * Processors for Template Mode: JAVASCRIPT
[THYMELEAF]         * Element Tag Processors by [matching element and attribute name] [precedence]:
[THYMELEAF]             * [* {th:insert}] [100]: org.thymeleaf.standard.processor.StandardInsertTagProcessor
[THYMELEAF]             * [* {th:replace}] [100]: org.thymeleaf.standard.processor.StandardReplaceTagProcessor
[THYMELEAF]             * [* {th:each}] [200]: com.intuit.karate.template.KarateEachTagProcessor
[THYMELEAF]             * [* {th:switch}] [250]: org.thymeleaf.standard.processor.StandardSwitchTagProcessor
[THYMELEAF]             * [* {th:case}] [275]: org.thymeleaf.standard.processor.StandardCaseTagProcessor
[THYMELEAF]             * [* {th:if}] [300]: org.thymeleaf.standard.processor.StandardIfTagProcessor
[THYMELEAF]             * [* {th:unless}] [400]: org.thymeleaf.standard.processor.StandardUnlessTagProcessor
[THYMELEAF]             * [* {th:object}] [500]: org.thymeleaf.standard.processor.StandardObjectTagProcessor
[THYMELEAF]             * [* {th:with}] [600]: com.intuit.karate.template.KarateWithTagProcessor
[THYMELEAF]             * [* {th:inline}] [1000]: org.thymeleaf.standard.processor.StandardInlineTextualTagProcessor
[THYMELEAF]             * [* {th:text}] [1300]: org.thymeleaf.standard.processor.StandardTextTagProcessor
[THYMELEAF]             * [* {th:utext}] [1400]: org.thymeleaf.standard.processor.StandardUtextTagProcessor
[THYMELEAF]             * [* {th:assert}] [1550]: org.thymeleaf.standard.processor.StandardAssertTagProcessor
[THYMELEAF]             * [* {th:remove}] [1600]: org.thymeleaf.standard.processor.StandardRemoveTagProcessor
[THYMELEAF]             * [{th:block} *] [100000]: org.thymeleaf.standard.processor.StandardBlockTagProcessor
[THYMELEAF]             * [* 100000] [org.thymeleaf.standard.processor.StandardBlockTagProcessor]: {}
[THYMELEAF]         * Text Processors by [precedence]:
[THYMELEAF]             * [1000]: org.thymeleaf.standard.processor.StandardInliningTextProcessor
[THYMELEAF]     * Processors for Template Mode: CSS
[THYMELEAF]         * Element Tag Processors by [matching element and attribute name] [precedence]:
[THYMELEAF]             * [* {th:insert}] [100]: org.thymeleaf.standard.processor.StandardInsertTagProcessor
[THYMELEAF]             * [* {th:replace}] [100]: org.thymeleaf.standard.processor.StandardReplaceTagProcessor
[THYMELEAF]             * [* {th:each}] [200]: com.intuit.karate.template.KarateEachTagProcessor
[THYMELEAF]             * [* {th:switch}] [250]: org.thymeleaf.standard.processor.StandardSwitchTagProcessor
[THYMELEAF]             * [* {th:case}] [275]: org.thymeleaf.standard.processor.StandardCaseTagProcessor
[THYMELEAF]             * [* {th:if}] [300]: org.thymeleaf.standard.processor.StandardIfTagProcessor
[THYMELEAF]             * [* {th:unless}] [400]: org.thymeleaf.standard.processor.StandardUnlessTagProcessor
[THYMELEAF]             * [* {th:object}] [500]: org.thymeleaf.standard.processor.StandardObjectTagProcessor
[THYMELEAF]             * [* {th:with}] [600]: com.intuit.karate.template.KarateWithTagProcessor
[THYMELEAF]             * [* {th:inline}] [1000]: org.thymeleaf.standard.processor.StandardInlineTextualTagProcessor
[THYMELEAF]             * [* {th:text}] [1300]: org.thymeleaf.standard.processor.StandardTextTagProcessor
[THYMELEAF]             * [* {th:utext}] [1400]: org.thymeleaf.standard.processor.StandardUtextTagProcessor
[THYMELEAF]             * [* {th:assert}] [1550]: org.thymeleaf.standard.processor.StandardAssertTagProcessor
[THYMELEAF]             * [* {th:remove}] [1600]: org.thymeleaf.standard.processor.StandardRemoveTagProcessor
[THYMELEAF]             * [{th:block} *] [100000]: org.thymeleaf.standard.processor.StandardBlockTagProcessor
[THYMELEAF]             * [* 100000] [org.thymeleaf.standard.processor.StandardBlockTagProcessor]: {}
[THYMELEAF]         * Text Processors by [precedence]:
[THYMELEAF]             * [1000]: org.thymeleaf.standard.processor.StandardInliningTextProcessor
[THYMELEAF]     * Expression Objects:
[THYMELEAF]         * #ctx
[THYMELEAF]         * #root
[THYMELEAF]         * #vars
[THYMELEAF]         * #object
[THYMELEAF]         * #locale
[THYMELEAF]         * #conversions
[THYMELEAF]         * #uris
[THYMELEAF]         * #temporals
[THYMELEAF]         * #calendars
[THYMELEAF]         * #dates
[THYMELEAF]         * #bools
[THYMELEAF]         * #numbers
[THYMELEAF]         * #objects
[THYMELEAF]         * #strings
[THYMELEAF]         * #arrays
[THYMELEAF]         * #lists
[THYMELEAF]         * #sets
[THYMELEAF]         * #maps
[THYMELEAF]         * #aggregates
[THYMELEAF]         * #messages
[THYMELEAF]         * #ids
[THYMELEAF]         * #execInfo
[THYMELEAF]         * #request
[THYMELEAF]         * #response
[THYMELEAF]         * #session
[THYMELEAF]         * #servletContext
[THYMELEAF]     * Execution Attributes:
[THYMELEAF]         * "StandardExpressionParser": com.intuit.karate.template.KarateStandardDialect@56872fcb
[THYMELEAF]         * "StandardJavaScriptSerializer": org.thymeleaf.standard.serializer.StandardJavaScriptSerializer@5f166f2e
[THYMELEAF]         * "StandardCSSSerializer": org.thymeleaf.standard.serializer.StandardCSSSerializer@1ef93e01
[THYMELEAF]         * "StandardVariableExpressionEvaluator": com.intuit.karate.template.KarateStandardDialect@56872fcb
[THYMELEAF]         * "StandardConversionService": org.thymeleaf.standard.expression.StandardConversionService@4fafd27e
[THYMELEAF] * Dialect [2 of 2]: karate (com.intuit.karate.template.KarateScriptDialect)
[THYMELEAF]     * Prefix: "ka"
[THYMELEAF]     * Processors for Template Mode: HTML
[THYMELEAF]         * Element Tag Processors by [matching element and attribute name] [precedence]:
[THYMELEAF]             * [* {src}] [1000]: com.intuit.karate.template.KaScriptAttrProcessor
[THYMELEAF]         * Element Model Processors by [matching element and attribute name] [precedence]:
[THYMELEAF]             * [{script} {ka:scope,data-ka-scope}] [1000]: com.intuit.karate.template.KaScriptElemProcessor
[THYMELEAF]             * [* {ka:set,data-ka-set}] [1000]: com.intuit.karate.template.KaSetElemProcessor
[THYMELEAF] TEMPLATE ENGINE CONFIGURED OK
12:04:35.755 [Test worker] DEBUG org.thymeleaf.TemplateEngine -- [THYMELEAF] TEMPLATE ENGINE INITIALIZED

HTML report: (paste into browser to view) | Karate version: 1.4.1
file:///C:/Users/jmarqmaz/Downloads/DEVJAVA/test-automatisation-base/build/karate-reports/karate-summary.html
===================================================================

]]></system-out>
  <system-err><![CDATA[]]></system-err>
</testsuite>
